warn: Error: No auth token => 54c72881-3665-4397-93e4-120ea10c334d -> ::1 "GET /app/api/v1/auth/user" [2021-02-06T07:56:35.034Z]
warn: Error: No auth token => 63c4aafa-a6ea-44e4-9612-cbc95c9621fd -> ::1 "GET /app/api/v1/auth/user" [2021-02-06T07:59:54.045Z]
warn: No auth token => 379a731c-7a2f-4e1a-b075-854d8e3f91ee -> ::1 "GET /app/api/v1/auth/user" [2021-02-06T08:03:24.171Z]
warn: No auth token => d162e213-d672-4ab3-a67a-5c933beac52a -> ::1 "GET /app/api/v1/auth/user" [2021-02-06T08:03:48.531Z]
error: d162e213-d672-4ab3-a67a-5c933beac52a -> ::1 "GET /app/api/v1/auth/user" [2021-02-06T08:03:48.540Z] 401 No auth token
warn: No auth token => fef23031-c1cb-458d-ae92-885b1c079ec3 -> ::1 "GET /app/api/v1/auth/user" [2021-02-06T08:04:45.539Z]
error: fef23031-c1cb-458d-ae92-885b1c079ec3 -> ::1 "GET /app/api/v1/auth/user" [2021-02-06T08:04:45.545Z] 401 No auth token
warn: jwt malformed => 804650a1-acf1-4ee5-b8b0-7462eb5843b8 -> ::1 "GET /app/api/v1/auth/user" [2021-02-06T08:06:35.674Z]
error: 804650a1-acf1-4ee5-b8b0-7462eb5843b8 -> ::1 "GET /app/api/v1/auth/user" [2021-02-06T08:06:35.683Z] 401 jwt malformed
warn: Log in succesfully => f8399a9c-69ac-45d6-9fff-83d069d5b69c -> ::1 "GET /app/api/v1/auth/user" [2021-02-06T08:07:27.620Z]
error: f8399a9c-69ac-45d6-9fff-83d069d5b69c -> ::1 "GET /app/api/v1/auth/user" [2021-02-06T08:07:27.621Z] 401 Log in succesfully
warn: invalid token => 838cffe6-b417-4248-bb04-bcdc0ee20d34 -> ::1 "GET /app/api/v1/auth/user" [2021-02-06T08:08:00.764Z]
error: 838cffe6-b417-4248-bb04-bcdc0ee20d34 -> ::1 "GET /app/api/v1/auth/user" [2021-02-06T08:08:00.765Z] 401 invalid token
warn: No auth token => cb459ed2-c12f-4bc1-8c7e-289ee325842f -> ::1 "GET /app/api/v1/auth/user" [2021-02-06T08:08:21.991Z]
error: cb459ed2-c12f-4bc1-8c7e-289ee325842f -> ::1 "GET /app/api/v1/auth/user" [2021-02-06T08:08:21.992Z] 401 No auth token
warn: Log in succesfully => ff214bb2-0f87-43f8-9536-7d39ec7f8436 -> ::1 "GET /app/api/v1/auth/user" [2021-02-06T08:08:28.779Z]
error: ff214bb2-0f87-43f8-9536-7d39ec7f8436 -> ::1 "GET /app/api/v1/auth/user" [2021-02-06T08:08:28.780Z] 401 Log in succesfully
warn: Log in succesfully => 5d996dbe-830d-4c59-a5cc-f8956f5c3909 -> ::1 "GET /app/api/v1/auth/user" [2021-02-06T08:11:57.370Z]
error: 5d996dbe-830d-4c59-a5cc-f8956f5c3909 -> ::1 "GET /app/api/v1/auth/user" [2021-02-06T08:11:57.376Z] 401 Log in succesfully
warn: 0e092ed9-7a04-4477-af2b-ff6e45dfc92e -> ::1 "GET /app/api/v1/auth/user" [2021-02-06T08:15:58.209Z] 403 You are not access
error: 0e092ed9-7a04-4477-af2b-ff6e45dfc92e -> ::1 "GET /app/api/v1/auth/user" [2021-02-06T08:15:58.213Z] 403 You are not allowed to access.
warn: 1495bd9d-236f-4220-9c1b-b70b36967678 -> ::1 "GET /app/api/v1/auth/user" [2021-02-06T08:16:49.588Z] 403 You are not access
error: 1495bd9d-236f-4220-9c1b-b70b36967678 -> ::1 "GET /app/api/v1/auth/user" [2021-02-06T08:16:49.595Z] 403 You are not allowed to access.
warn: aaeaa461-9fd2-4962-8695-f5a6e6678a8b -> ::1 "GET /app/api/v1/auth/user" [2021-02-06T08:17:01.615Z] 403 You are not access
error: aaeaa461-9fd2-4962-8695-f5a6e6678a8b -> ::1 "GET /app/api/v1/auth/user" [2021-02-06T08:17:01.617Z] 403 You are not allowed to access.
warn: 43545e03-ed5d-408e-bd1d-5262aad07585 -> ::1 "GET /app/api/v1/auth/user" [2021-02-06T08:17:55.551Z] 403 You are not access
error: 43545e03-ed5d-408e-bd1d-5262aad07585 -> ::1 "GET /app/api/v1/auth/user" [2021-02-06T08:17:55.557Z] 403 You are not allowed to access.
warn: 0be04775-adc4-41e4-be8b-996babb8a6a4 -> ::1 "GET /app/api/v1/auth/user" [2021-02-06T08:18:59.092Z] 403 You are not access
error: 0be04775-adc4-41e4-be8b-996babb8a6a4 -> ::1 "GET /app/api/v1/auth/user" [2021-02-06T08:18:59.104Z] 403 You are not allowed to access.
error: uncaughtException: Cannot find module '../models/User.js'
Require stack:
- C:\Users\reinie94\Desktop\proyecto_node\app\controllers\ControllerUser.js
- C:\Users\reinie94\Desktop\proyecto_node\app\routes\rutasAPI.js
- C:\Users\reinie94\Desktop\proyecto_node\app\routes\rutas.js
- C:\Users\reinie94\Desktop\proyecto_node\app\server.js
Error: Cannot find module '../models/User.js'
Require stack:
- C:\Users\reinie94\Desktop\proyecto_node\app\controllers\ControllerUser.js
- C:\Users\reinie94\Desktop\proyecto_node\app\routes\rutasAPI.js
- C:\Users\reinie94\Desktop\proyecto_node\app\routes\rutas.js
- C:\Users\reinie94\Desktop\proyecto_node\app\server.js
    at Function.Module._resolveFilename (internal/modules/cjs/loader.js:880:15)
    at Function.Module._load (internal/modules/cjs/loader.js:725:27)
    at Module.require (internal/modules/cjs/loader.js:952:19)
    at require (internal/modules/cjs/helpers.js:88:18)
    at Object.<anonymous> (C:\Users\reinie94\Desktop\proyecto_node\app\controllers\ControllerUser.js:1:19)
    at Module._compile (internal/modules/cjs/loader.js:1063:30)
    at Object.Module._extensions..js (internal/modules/cjs/loader.js:1092:10)
    at Module.load (internal/modules/cjs/loader.js:928:32)
    at Function.Module._load (internal/modules/cjs/loader.js:769:14)
    at Module.require (internal/modules/cjs/loader.js:952:19) {"error":{"code":"MODULE_NOT_FOUND","requireStack":["C:\\Users\\reinie94\\Desktop\\proyecto_node\\app\\controllers\\ControllerUser.js","C:\\Users\\reinie94\\Desktop\\proyecto_node\\app\\routes\\rutasAPI.js","C:\\Users\\reinie94\\Desktop\\proyecto_node\\app\\routes\\rutas.js","C:\\Users\\reinie94\\Desktop\\proyecto_node\\app\\server.js"]},"stack":"Error: Cannot find module '../models/User.js'\nRequire stack:\n- C:\\Users\\reinie94\\Desktop\\proyecto_node\\app\\controllers\\ControllerUser.js\n- C:\\Users\\reinie94\\Desktop\\proyecto_node\\app\\routes\\rutasAPI.js\n- C:\\Users\\reinie94\\Desktop\\proyecto_node\\app\\routes\\rutas.js\n- C:\\Users\\reinie94\\Desktop\\proyecto_node\\app\\server.js\n    at Function.Module._resolveFilename (internal/modules/cjs/loader.js:880:15)\n    at Function.Module._load (internal/modules/cjs/loader.js:725:27)\n    at Module.require (internal/modules/cjs/loader.js:952:19)\n    at require (internal/modules/cjs/helpers.js:88:18)\n    at Object.<anonymous> (C:\\Users\\reinie94\\Desktop\\proyecto_node\\app\\controllers\\ControllerUser.js:1:19)\n    at Module._compile (internal/modules/cjs/loader.js:1063:30)\n    at Object.Module._extensions..js (internal/modules/cjs/loader.js:1092:10)\n    at Module.load (internal/modules/cjs/loader.js:928:32)\n    at Function.Module._load (internal/modules/cjs/loader.js:769:14)\n    at Module.require (internal/modules/cjs/loader.js:952:19)","exception":true,"date":"Sat Feb 06 2021 13:57:11 GMT+0100 (hora estándar de Europa central)","process":{"pid":1264,"uid":null,"gid":null,"cwd":"C:\\Users\\reinie94\\Desktop\\proyecto_node","execPath":"C:\\Program Files\\nodejs\\node.exe","version":"v14.15.4","argv":["C:\\Program Files\\nodejs\\node.exe","C:\\Users\\reinie94\\Desktop\\proyecto_node\\app\\server.js"],"memoryUsage":{"rss":33771520,"heapTotal":16060416,"heapUsed":10054080,"external":1517312,"arrayBuffers":207614}},"os":{"loadavg":[0,0,0],"uptime":164119},"trace":[{"column":15,"file":"internal/modules/cjs/loader.js","function":"Module._resolveFilename","line":880,"method":"_resolveFilename","native":false},{"column":27,"file":"internal/modules/cjs/loader.js","function":"Module._load","line":725,"method":"_load","native":false},{"column":19,"file":"internal/modules/cjs/loader.js","function":"Module.require","line":952,"method":"require","native":false},{"column":18,"file":"internal/modules/cjs/helpers.js","function":"require","line":88,"method":null,"native":false},{"column":19,"file":"C:\\Users\\reinie94\\Desktop\\proyecto_node\\app\\controllers\\ControllerUser.js","function":null,"line":1,"method":null,"native":false},{"column":30,"file":"internal/modules/cjs/loader.js","function":"Module._compile","line":1063,"method":"_compile","native":false},{"column":10,"file":"internal/modules/cjs/loader.js","function":"Module._extensions..js","line":1092,"method":".js","native":false},{"column":32,"file":"internal/modules/cjs/loader.js","function":"Module.load","line":928,"method":"load","native":false},{"column":14,"file":"internal/modules/cjs/loader.js","function":"Module._load","line":769,"method":"_load","native":false},{"column":19,"file":"internal/modules/cjs/loader.js","function":"Module.require","line":952,"method":"require","native":false}]}
error: uncaughtException: Cannot use import statement outside a module
C:\Users\reinie94\Desktop\proyecto_node\app\models\User.ts:2
import { Entity, Column, PrimaryGeneratedColumn } from 'typeorm';
^^^^^^

SyntaxError: Cannot use import statement outside a module
    at wrapSafe (internal/modules/cjs/loader.js:979:16)
    at Module._compile (internal/modules/cjs/loader.js:1027:27)
    at Object.Module._extensions..js (internal/modules/cjs/loader.js:1092:10)
    at Module.load (internal/modules/cjs/loader.js:928:32)
    at Function.Module._load (internal/modules/cjs/loader.js:769:14)
    at Module.require (internal/modules/cjs/loader.js:952:19)
    at require (internal/modules/cjs/helpers.js:88:18)
    at Object.<anonymous> (C:\Users\reinie94\Desktop\proyecto_node\app\controllers\ControllerUser.js:1:19)
    at Module._compile (internal/modules/cjs/loader.js:1063:30)
    at Object.Module._extensions..js (internal/modules/cjs/loader.js:1092:10) {"error":{},"stack":"C:\\Users\\reinie94\\Desktop\\proyecto_node\\app\\models\\User.ts:2\nimport { Entity, Column, PrimaryGeneratedColumn } from 'typeorm';\n^^^^^^\n\nSyntaxError: Cannot use import statement outside a module\n    at wrapSafe (internal/modules/cjs/loader.js:979:16)\n    at Module._compile (internal/modules/cjs/loader.js:1027:27)\n    at Object.Module._extensions..js (internal/modules/cjs/loader.js:1092:10)\n    at Module.load (internal/modules/cjs/loader.js:928:32)\n    at Function.Module._load (internal/modules/cjs/loader.js:769:14)\n    at Module.require (internal/modules/cjs/loader.js:952:19)\n    at require (internal/modules/cjs/helpers.js:88:18)\n    at Object.<anonymous> (C:\\Users\\reinie94\\Desktop\\proyecto_node\\app\\controllers\\ControllerUser.js:1:19)\n    at Module._compile (internal/modules/cjs/loader.js:1063:30)\n    at Object.Module._extensions..js (internal/modules/cjs/loader.js:1092:10)","exception":true,"date":"Sat Feb 06 2021 13:57:42 GMT+0100 (hora estándar de Europa central)","process":{"pid":4592,"uid":null,"gid":null,"cwd":"C:\\Users\\reinie94\\Desktop\\proyecto_node","execPath":"C:\\Program Files\\nodejs\\node.exe","version":"v14.15.4","argv":["C:\\Program Files\\nodejs\\node.exe","C:\\Users\\reinie94\\Desktop\\proyecto_node\\app\\server.js"],"memoryUsage":{"rss":33595392,"heapTotal":16060416,"heapUsed":10065912,"external":1517312,"arrayBuffers":207614}},"os":{"loadavg":[0,0,0],"uptime":164150},"trace":[{"column":16,"file":"internal/modules/cjs/loader.js","function":"wrapSafe","line":979,"method":null,"native":false},{"column":27,"file":"internal/modules/cjs/loader.js","function":"Module._compile","line":1027,"method":"_compile","native":false},{"column":10,"file":"internal/modules/cjs/loader.js","function":"Module._extensions..js","line":1092,"method":".js","native":false},{"column":32,"file":"internal/modules/cjs/loader.js","function":"Module.load","line":928,"method":"load","native":false},{"column":14,"file":"internal/modules/cjs/loader.js","function":"Module._load","line":769,"method":"_load","native":false},{"column":19,"file":"internal/modules/cjs/loader.js","function":"Module.require","line":952,"method":"require","native":false},{"column":18,"file":"internal/modules/cjs/helpers.js","function":"require","line":88,"method":null,"native":false},{"column":19,"file":"C:\\Users\\reinie94\\Desktop\\proyecto_node\\app\\controllers\\ControllerUser.js","function":null,"line":1,"method":null,"native":false},{"column":30,"file":"internal/modules/cjs/loader.js","function":"Module._compile","line":1063,"method":"_compile","native":false},{"column":10,"file":"internal/modules/cjs/loader.js","function":"Module._extensions..js","line":1092,"method":".js","native":false}]}
error: uncaughtException: Cannot use import statement outside a module
C:\Users\reinie94\Desktop\proyecto_node\app\models\User.ts:2
import { Entity, Column, PrimaryGeneratedColumn } from 'typeorm';
^^^^^^

SyntaxError: Cannot use import statement outside a module
    at wrapSafe (internal/modules/cjs/loader.js:979:16)
    at Module._compile (internal/modules/cjs/loader.js:1027:27)
    at Object.Module._extensions..js (internal/modules/cjs/loader.js:1092:10)
    at Module.load (internal/modules/cjs/loader.js:928:32)
    at Function.Module._load (internal/modules/cjs/loader.js:769:14)
    at Module.require (internal/modules/cjs/loader.js:952:19)
    at require (internal/modules/cjs/helpers.js:88:18)
    at Object.<anonymous> (C:\Users\reinie94\Desktop\proyecto_node\app\controllers\ControllerUser.js:1:19)
    at Module._compile (internal/modules/cjs/loader.js:1063:30)
    at Object.Module._extensions..js (internal/modules/cjs/loader.js:1092:10) {"error":{},"stack":"C:\\Users\\reinie94\\Desktop\\proyecto_node\\app\\models\\User.ts:2\nimport { Entity, Column, PrimaryGeneratedColumn } from 'typeorm';\n^^^^^^\n\nSyntaxError: Cannot use import statement outside a module\n    at wrapSafe (internal/modules/cjs/loader.js:979:16)\n    at Module._compile (internal/modules/cjs/loader.js:1027:27)\n    at Object.Module._extensions..js (internal/modules/cjs/loader.js:1092:10)\n    at Module.load (internal/modules/cjs/loader.js:928:32)\n    at Function.Module._load (internal/modules/cjs/loader.js:769:14)\n    at Module.require (internal/modules/cjs/loader.js:952:19)\n    at require (internal/modules/cjs/helpers.js:88:18)\n    at Object.<anonymous> (C:\\Users\\reinie94\\Desktop\\proyecto_node\\app\\controllers\\ControllerUser.js:1:19)\n    at Module._compile (internal/modules/cjs/loader.js:1063:30)\n    at Object.Module._extensions..js (internal/modules/cjs/loader.js:1092:10)","exception":true,"date":"Sat Feb 06 2021 13:59:24 GMT+0100 (hora estándar de Europa central)","process":{"pid":5692,"uid":null,"gid":null,"cwd":"C:\\Users\\reinie94\\Desktop\\proyecto_node","execPath":"C:\\Program Files\\nodejs\\node.exe","version":"v14.15.4","argv":["C:\\Program Files\\nodejs\\node.exe","C:\\Users\\reinie94\\Desktop\\proyecto_node\\app\\server.js"],"memoryUsage":{"rss":33812480,"heapTotal":16322560,"heapUsed":10117216,"external":1517312,"arrayBuffers":207614}},"os":{"loadavg":[0,0,0],"uptime":164251},"trace":[{"column":16,"file":"internal/modules/cjs/loader.js","function":"wrapSafe","line":979,"method":null,"native":false},{"column":27,"file":"internal/modules/cjs/loader.js","function":"Module._compile","line":1027,"method":"_compile","native":false},{"column":10,"file":"internal/modules/cjs/loader.js","function":"Module._extensions..js","line":1092,"method":".js","native":false},{"column":32,"file":"internal/modules/cjs/loader.js","function":"Module.load","line":928,"method":"load","native":false},{"column":14,"file":"internal/modules/cjs/loader.js","function":"Module._load","line":769,"method":"_load","native":false},{"column":19,"file":"internal/modules/cjs/loader.js","function":"Module.require","line":952,"method":"require","native":false},{"column":18,"file":"internal/modules/cjs/helpers.js","function":"require","line":88,"method":null,"native":false},{"column":19,"file":"C:\\Users\\reinie94\\Desktop\\proyecto_node\\app\\controllers\\ControllerUser.js","function":null,"line":1,"method":null,"native":false},{"column":30,"file":"internal/modules/cjs/loader.js","function":"Module._compile","line":1063,"method":"_compile","native":false},{"column":10,"file":"internal/modules/cjs/loader.js","function":"Module._extensions..js","line":1092,"method":".js","native":false}]}
error: uncaughtException: Cannot use import statement outside a module
C:\Users\reinie94\Desktop\proyecto_node\app\models\User.ts:2
import { Entity, Column, PrimaryGeneratedColumn } from 'typeorm';
^^^^^^

SyntaxError: Cannot use import statement outside a module
    at wrapSafe (internal/modules/cjs/loader.js:979:16)
    at Module._compile (internal/modules/cjs/loader.js:1027:27)
    at Object.Module._extensions..js (internal/modules/cjs/loader.js:1092:10)
    at Module.load (internal/modules/cjs/loader.js:928:32)
    at Function.Module._load (internal/modules/cjs/loader.js:769:14)
    at Module.require (internal/modules/cjs/loader.js:952:19)
    at require (internal/modules/cjs/helpers.js:88:18)
    at Object.<anonymous> (C:\Users\reinie94\Desktop\proyecto_node\app\controllers\ControllerUser.js:1:19)
    at Module._compile (internal/modules/cjs/loader.js:1063:30)
    at Object.Module._extensions..js (internal/modules/cjs/loader.js:1092:10) {"error":{},"stack":"C:\\Users\\reinie94\\Desktop\\proyecto_node\\app\\models\\User.ts:2\nimport { Entity, Column, PrimaryGeneratedColumn } from 'typeorm';\n^^^^^^\n\nSyntaxError: Cannot use import statement outside a module\n    at wrapSafe (internal/modules/cjs/loader.js:979:16)\n    at Module._compile (internal/modules/cjs/loader.js:1027:27)\n    at Object.Module._extensions..js (internal/modules/cjs/loader.js:1092:10)\n    at Module.load (internal/modules/cjs/loader.js:928:32)\n    at Function.Module._load (internal/modules/cjs/loader.js:769:14)\n    at Module.require (internal/modules/cjs/loader.js:952:19)\n    at require (internal/modules/cjs/helpers.js:88:18)\n    at Object.<anonymous> (C:\\Users\\reinie94\\Desktop\\proyecto_node\\app\\controllers\\ControllerUser.js:1:19)\n    at Module._compile (internal/modules/cjs/loader.js:1063:30)\n    at Object.Module._extensions..js (internal/modules/cjs/loader.js:1092:10)","exception":true,"date":"Sat Feb 06 2021 14:00:44 GMT+0100 (hora estándar de Europa central)","process":{"pid":5676,"uid":null,"gid":null,"cwd":"C:\\Users\\reinie94\\Desktop\\proyecto_node","execPath":"C:\\Program Files\\nodejs\\node.exe","version":"v14.15.4","argv":["C:\\Program Files\\nodejs\\node.exe","C:\\Users\\reinie94\\Desktop\\proyecto_node\\app\\server.js"],"memoryUsage":{"rss":33751040,"heapTotal":16322560,"heapUsed":10052104,"external":1517312,"arrayBuffers":207614}},"os":{"loadavg":[0,0,0],"uptime":164331},"trace":[{"column":16,"file":"internal/modules/cjs/loader.js","function":"wrapSafe","line":979,"method":null,"native":false},{"column":27,"file":"internal/modules/cjs/loader.js","function":"Module._compile","line":1027,"method":"_compile","native":false},{"column":10,"file":"internal/modules/cjs/loader.js","function":"Module._extensions..js","line":1092,"method":".js","native":false},{"column":32,"file":"internal/modules/cjs/loader.js","function":"Module.load","line":928,"method":"load","native":false},{"column":14,"file":"internal/modules/cjs/loader.js","function":"Module._load","line":769,"method":"_load","native":false},{"column":19,"file":"internal/modules/cjs/loader.js","function":"Module.require","line":952,"method":"require","native":false},{"column":18,"file":"internal/modules/cjs/helpers.js","function":"require","line":88,"method":null,"native":false},{"column":19,"file":"C:\\Users\\reinie94\\Desktop\\proyecto_node\\app\\controllers\\ControllerUser.js","function":null,"line":1,"method":null,"native":false},{"column":30,"file":"internal/modules/cjs/loader.js","function":"Module._compile","line":1063,"method":"_compile","native":false},{"column":10,"file":"internal/modules/cjs/loader.js","function":"Module._extensions..js","line":1092,"method":".js","native":false}]}
error: uncaughtException: Cannot use import statement outside a module
C:\Users\reinie94\Desktop\proyecto_node\app\models\User.ts:2
import { Entity, Column, PrimaryGeneratedColumn } from 'typeorm';
^^^^^^

SyntaxError: Cannot use import statement outside a module
    at wrapSafe (internal/modules/cjs/loader.js:979:16)
    at Module._compile (internal/modules/cjs/loader.js:1027:27)
    at Object.Module._extensions..js (internal/modules/cjs/loader.js:1092:10)
    at Module.load (internal/modules/cjs/loader.js:928:32)
    at Function.Module._load (internal/modules/cjs/loader.js:769:14)
    at Module.require (internal/modules/cjs/loader.js:952:19)
    at require (internal/modules/cjs/helpers.js:88:18)
    at Object.<anonymous> (C:\Users\reinie94\Desktop\proyecto_node\app\controllers\ControllerUser.js:1:19)
    at Module._compile (internal/modules/cjs/loader.js:1063:30)
    at Object.Module._extensions..js (internal/modules/cjs/loader.js:1092:10) {"error":{},"stack":"C:\\Users\\reinie94\\Desktop\\proyecto_node\\app\\models\\User.ts:2\nimport { Entity, Column, PrimaryGeneratedColumn } from 'typeorm';\n^^^^^^\n\nSyntaxError: Cannot use import statement outside a module\n    at wrapSafe (internal/modules/cjs/loader.js:979:16)\n    at Module._compile (internal/modules/cjs/loader.js:1027:27)\n    at Object.Module._extensions..js (internal/modules/cjs/loader.js:1092:10)\n    at Module.load (internal/modules/cjs/loader.js:928:32)\n    at Function.Module._load (internal/modules/cjs/loader.js:769:14)\n    at Module.require (internal/modules/cjs/loader.js:952:19)\n    at require (internal/modules/cjs/helpers.js:88:18)\n    at Object.<anonymous> (C:\\Users\\reinie94\\Desktop\\proyecto_node\\app\\controllers\\ControllerUser.js:1:19)\n    at Module._compile (internal/modules/cjs/loader.js:1063:30)\n    at Object.Module._extensions..js (internal/modules/cjs/loader.js:1092:10)","exception":true,"date":"Sat Feb 06 2021 14:08:01 GMT+0100 (hora estándar de Europa central)","process":{"pid":8144,"uid":null,"gid":null,"cwd":"C:\\Users\\reinie94\\Desktop\\proyecto_node","execPath":"C:\\Program Files\\nodejs\\node.exe","version":"v14.15.4","argv":["C:\\Program Files\\nodejs\\node.exe","C:\\Users\\reinie94\\Desktop\\proyecto_node\\app\\server.js"],"memoryUsage":{"rss":33812480,"heapTotal":16584704,"heapUsed":10051136,"external":1517312,"arrayBuffers":207614}},"os":{"loadavg":[0,0,0],"uptime":164769},"trace":[{"column":16,"file":"internal/modules/cjs/loader.js","function":"wrapSafe","line":979,"method":null,"native":false},{"column":27,"file":"internal/modules/cjs/loader.js","function":"Module._compile","line":1027,"method":"_compile","native":false},{"column":10,"file":"internal/modules/cjs/loader.js","function":"Module._extensions..js","line":1092,"method":".js","native":false},{"column":32,"file":"internal/modules/cjs/loader.js","function":"Module.load","line":928,"method":"load","native":false},{"column":14,"file":"internal/modules/cjs/loader.js","function":"Module._load","line":769,"method":"_load","native":false},{"column":19,"file":"internal/modules/cjs/loader.js","function":"Module.require","line":952,"method":"require","native":false},{"column":18,"file":"internal/modules/cjs/helpers.js","function":"require","line":88,"method":null,"native":false},{"column":19,"file":"C:\\Users\\reinie94\\Desktop\\proyecto_node\\app\\controllers\\ControllerUser.js","function":null,"line":1,"method":null,"native":false},{"column":30,"file":"internal/modules/cjs/loader.js","function":"Module._compile","line":1063,"method":"_compile","native":false},{"column":10,"file":"internal/modules/cjs/loader.js","function":"Module._extensions..js","line":1092,"method":".js","native":false}]}
error: uncaughtException: Cannot use import statement outside a module
C:\Users\reinie94\Desktop\proyecto_node\app\models\User.ts:2
import { Entity, Column, PrimaryGeneratedColumn } from 'typeorm';
^^^^^^

SyntaxError: Cannot use import statement outside a module
    at wrapSafe (internal/modules/cjs/loader.js:979:16)
    at Module._compile (internal/modules/cjs/loader.js:1027:27)
    at Object.Module._extensions..js (internal/modules/cjs/loader.js:1092:10)
    at Module.load (internal/modules/cjs/loader.js:928:32)
    at Function.Module._load (internal/modules/cjs/loader.js:769:14)
    at Module.require (internal/modules/cjs/loader.js:952:19)
    at require (internal/modules/cjs/helpers.js:88:18)
    at Object.<anonymous> (C:\Users\reinie94\Desktop\proyecto_node\app\controllers\ControllerUser.js:1:19)
    at Module._compile (internal/modules/cjs/loader.js:1063:30)
    at Object.Module._extensions..js (internal/modules/cjs/loader.js:1092:10) {"error":{},"stack":"C:\\Users\\reinie94\\Desktop\\proyecto_node\\app\\models\\User.ts:2\nimport { Entity, Column, PrimaryGeneratedColumn } from 'typeorm';\n^^^^^^\n\nSyntaxError: Cannot use import statement outside a module\n    at wrapSafe (internal/modules/cjs/loader.js:979:16)\n    at Module._compile (internal/modules/cjs/loader.js:1027:27)\n    at Object.Module._extensions..js (internal/modules/cjs/loader.js:1092:10)\n    at Module.load (internal/modules/cjs/loader.js:928:32)\n    at Function.Module._load (internal/modules/cjs/loader.js:769:14)\n    at Module.require (internal/modules/cjs/loader.js:952:19)\n    at require (internal/modules/cjs/helpers.js:88:18)\n    at Object.<anonymous> (C:\\Users\\reinie94\\Desktop\\proyecto_node\\app\\controllers\\ControllerUser.js:1:19)\n    at Module._compile (internal/modules/cjs/loader.js:1063:30)\n    at Object.Module._extensions..js (internal/modules/cjs/loader.js:1092:10)","exception":true,"date":"Sat Feb 06 2021 14:10:26 GMT+0100 (hora estándar de Europa central)","process":{"pid":4236,"uid":null,"gid":null,"cwd":"C:\\Users\\reinie94\\Desktop\\proyecto_node","execPath":"C:\\Program Files\\nodejs\\node.exe","version":"v14.15.4","argv":["C:\\Program Files\\nodejs\\node.exe","C:\\Users\\reinie94\\Desktop\\proyecto_node\\app\\server.js"],"memoryUsage":{"rss":33857536,"heapTotal":16322560,"heapUsed":10168280,"external":1517312,"arrayBuffers":207614}},"os":{"loadavg":[0,0,0],"uptime":164914},"trace":[{"column":16,"file":"internal/modules/cjs/loader.js","function":"wrapSafe","line":979,"method":null,"native":false},{"column":27,"file":"internal/modules/cjs/loader.js","function":"Module._compile","line":1027,"method":"_compile","native":false},{"column":10,"file":"internal/modules/cjs/loader.js","function":"Module._extensions..js","line":1092,"method":".js","native":false},{"column":32,"file":"internal/modules/cjs/loader.js","function":"Module.load","line":928,"method":"load","native":false},{"column":14,"file":"internal/modules/cjs/loader.js","function":"Module._load","line":769,"method":"_load","native":false},{"column":19,"file":"internal/modules/cjs/loader.js","function":"Module.require","line":952,"method":"require","native":false},{"column":18,"file":"internal/modules/cjs/helpers.js","function":"require","line":88,"method":null,"native":false},{"column":19,"file":"C:\\Users\\reinie94\\Desktop\\proyecto_node\\app\\controllers\\ControllerUser.js","function":null,"line":1,"method":null,"native":false},{"column":30,"file":"internal/modules/cjs/loader.js","function":"Module._compile","line":1063,"method":"_compile","native":false},{"column":10,"file":"internal/modules/cjs/loader.js","function":"Module._extensions..js","line":1092,"method":".js","native":false}]}
error: uncaughtException: sequelize is not defined
ReferenceError: sequelize is not defined
    at Object.<anonymous> (C:\Users\reinie94\Desktop\proyecto_node\app\models\User.ts:4:14)
    at Module._compile (internal/modules/cjs/loader.js:1063:30)
    at Object.Module._extensions..js (internal/modules/cjs/loader.js:1092:10)
    at Module.load (internal/modules/cjs/loader.js:928:32)
    at Function.Module._load (internal/modules/cjs/loader.js:769:14)
    at Module.require (internal/modules/cjs/loader.js:952:19)
    at require (internal/modules/cjs/helpers.js:88:18)
    at Object.<anonymous> (C:\Users\reinie94\Desktop\proyecto_node\app\controllers\ControllerUser.js:1:19)
    at Module._compile (internal/modules/cjs/loader.js:1063:30)
    at Object.Module._extensions..js (internal/modules/cjs/loader.js:1092:10) {"error":{},"stack":"ReferenceError: sequelize is not defined\n    at Object.<anonymous> (C:\\Users\\reinie94\\Desktop\\proyecto_node\\app\\models\\User.ts:4:14)\n    at Module._compile (internal/modules/cjs/loader.js:1063:30)\n    at Object.Module._extensions..js (internal/modules/cjs/loader.js:1092:10)\n    at Module.load (internal/modules/cjs/loader.js:928:32)\n    at Function.Module._load (internal/modules/cjs/loader.js:769:14)\n    at Module.require (internal/modules/cjs/loader.js:952:19)\n    at require (internal/modules/cjs/helpers.js:88:18)\n    at Object.<anonymous> (C:\\Users\\reinie94\\Desktop\\proyecto_node\\app\\controllers\\ControllerUser.js:1:19)\n    at Module._compile (internal/modules/cjs/loader.js:1063:30)\n    at Object.Module._extensions..js (internal/modules/cjs/loader.js:1092:10)","exception":true,"date":"Sat Feb 06 2021 14:52:20 GMT+0100 (hora estándar de Europa central)","process":{"pid":3208,"uid":null,"gid":null,"cwd":"C:\\Users\\reinie94\\Desktop\\proyecto_node","execPath":"C:\\Program Files\\nodejs\\node.exe","version":"v14.15.4","argv":["C:\\Program Files\\nodejs\\node.exe","C:\\Users\\reinie94\\Desktop\\proyecto_node\\app\\server.js"],"memoryUsage":{"rss":45043712,"heapTotal":30871552,"heapUsed":14911184,"external":2338512,"arrayBuffers":26922}},"os":{"loadavg":[0,0,0],"uptime":167428},"trace":[{"column":14,"file":"C:\\Users\\reinie94\\Desktop\\proyecto_node\\app\\models\\User.ts","function":null,"line":4,"method":null,"native":false},{"column":30,"file":"internal/modules/cjs/loader.js","function":"Module._compile","line":1063,"method":"_compile","native":false},{"column":10,"file":"internal/modules/cjs/loader.js","function":"Module._extensions..js","line":1092,"method":".js","native":false},{"column":32,"file":"internal/modules/cjs/loader.js","function":"Module.load","line":928,"method":"load","native":false},{"column":14,"file":"internal/modules/cjs/loader.js","function":"Module._load","line":769,"method":"_load","native":false},{"column":19,"file":"internal/modules/cjs/loader.js","function":"Module.require","line":952,"method":"require","native":false},{"column":18,"file":"internal/modules/cjs/helpers.js","function":"require","line":88,"method":null,"native":false},{"column":19,"file":"C:\\Users\\reinie94\\Desktop\\proyecto_node\\app\\controllers\\ControllerUser.js","function":null,"line":1,"method":null,"native":false},{"column":30,"file":"internal/modules/cjs/loader.js","function":"Module._compile","line":1063,"method":"_compile","native":false},{"column":10,"file":"internal/modules/cjs/loader.js","function":"Module._extensions..js","line":1092,"method":".js","native":false}]}
error: uncaughtException: sequelize is not defined
ReferenceError: sequelize is not defined
    at Object.<anonymous> (C:\Users\reinie94\Desktop\proyecto_node\app\models\User.ts:4:14)
    at Module._compile (internal/modules/cjs/loader.js:1063:30)
    at Object.Module._extensions..js (internal/modules/cjs/loader.js:1092:10)
    at Module.load (internal/modules/cjs/loader.js:928:32)
    at Function.Module._load (internal/modules/cjs/loader.js:769:14)
    at Module.require (internal/modules/cjs/loader.js:952:19)
    at require (internal/modules/cjs/helpers.js:88:18)
    at Object.<anonymous> (C:\Users\reinie94\Desktop\proyecto_node\app\controllers\ControllerUser.js:1:19)
    at Module._compile (internal/modules/cjs/loader.js:1063:30)
    at Object.Module._extensions..js (internal/modules/cjs/loader.js:1092:10) {"error":{},"stack":"ReferenceError: sequelize is not defined\n    at Object.<anonymous> (C:\\Users\\reinie94\\Desktop\\proyecto_node\\app\\models\\User.ts:4:14)\n    at Module._compile (internal/modules/cjs/loader.js:1063:30)\n    at Object.Module._extensions..js (internal/modules/cjs/loader.js:1092:10)\n    at Module.load (internal/modules/cjs/loader.js:928:32)\n    at Function.Module._load (internal/modules/cjs/loader.js:769:14)\n    at Module.require (internal/modules/cjs/loader.js:952:19)\n    at require (internal/modules/cjs/helpers.js:88:18)\n    at Object.<anonymous> (C:\\Users\\reinie94\\Desktop\\proyecto_node\\app\\controllers\\ControllerUser.js:1:19)\n    at Module._compile (internal/modules/cjs/loader.js:1063:30)\n    at Object.Module._extensions..js (internal/modules/cjs/loader.js:1092:10)","exception":true,"date":"Sat Feb 06 2021 14:52:32 GMT+0100 (hora estándar de Europa central)","process":{"pid":7492,"uid":null,"gid":null,"cwd":"C:\\Users\\reinie94\\Desktop\\proyecto_node","execPath":"C:\\Program Files\\nodejs\\node.exe","version":"v14.15.4","argv":["C:\\Program Files\\nodejs\\node.exe","C:\\Users\\reinie94\\Desktop\\proyecto_node\\app\\server.js"],"memoryUsage":{"rss":45330432,"heapTotal":30871552,"heapUsed":14793200,"external":2338512,"arrayBuffers":26922}},"os":{"loadavg":[0,0,0],"uptime":167439},"trace":[{"column":14,"file":"C:\\Users\\reinie94\\Desktop\\proyecto_node\\app\\models\\User.ts","function":null,"line":4,"method":null,"native":false},{"column":30,"file":"internal/modules/cjs/loader.js","function":"Module._compile","line":1063,"method":"_compile","native":false},{"column":10,"file":"internal/modules/cjs/loader.js","function":"Module._extensions..js","line":1092,"method":".js","native":false},{"column":32,"file":"internal/modules/cjs/loader.js","function":"Module.load","line":928,"method":"load","native":false},{"column":14,"file":"internal/modules/cjs/loader.js","function":"Module._load","line":769,"method":"_load","native":false},{"column":19,"file":"internal/modules/cjs/loader.js","function":"Module.require","line":952,"method":"require","native":false},{"column":18,"file":"internal/modules/cjs/helpers.js","function":"require","line":88,"method":null,"native":false},{"column":19,"file":"C:\\Users\\reinie94\\Desktop\\proyecto_node\\app\\controllers\\ControllerUser.js","function":null,"line":1,"method":null,"native":false},{"column":30,"file":"internal/modules/cjs/loader.js","function":"Module._compile","line":1063,"method":"_compile","native":false},{"column":10,"file":"internal/modules/cjs/loader.js","function":"Module._extensions..js","line":1092,"method":".js","native":false}]}
error: uncaughtException: sequelize is not defined
ReferenceError: sequelize is not defined
    at Object.<anonymous> (C:\Users\reinie94\Desktop\proyecto_node\app\models\User.ts:4:14)
    at Module._compile (internal/modules/cjs/loader.js:1063:30)
    at Object.Module._extensions..js (internal/modules/cjs/loader.js:1092:10)
    at Module.load (internal/modules/cjs/loader.js:928:32)
    at Function.Module._load (internal/modules/cjs/loader.js:769:14)
    at Module.require (internal/modules/cjs/loader.js:952:19)
    at require (internal/modules/cjs/helpers.js:88:18)
    at Object.<anonymous> (C:\Users\reinie94\Desktop\proyecto_node\app\controllers\ControllerUser.js:1:19)
    at Module._compile (internal/modules/cjs/loader.js:1063:30)
    at Object.Module._extensions..js (internal/modules/cjs/loader.js:1092:10) {"error":{},"stack":"ReferenceError: sequelize is not defined\n    at Object.<anonymous> (C:\\Users\\reinie94\\Desktop\\proyecto_node\\app\\models\\User.ts:4:14)\n    at Module._compile (internal/modules/cjs/loader.js:1063:30)\n    at Object.Module._extensions..js (internal/modules/cjs/loader.js:1092:10)\n    at Module.load (internal/modules/cjs/loader.js:928:32)\n    at Function.Module._load (internal/modules/cjs/loader.js:769:14)\n    at Module.require (internal/modules/cjs/loader.js:952:19)\n    at require (internal/modules/cjs/helpers.js:88:18)\n    at Object.<anonymous> (C:\\Users\\reinie94\\Desktop\\proyecto_node\\app\\controllers\\ControllerUser.js:1:19)\n    at Module._compile (internal/modules/cjs/loader.js:1063:30)\n    at Object.Module._extensions..js (internal/modules/cjs/loader.js:1092:10)","exception":true,"date":"Sat Feb 06 2021 14:52:46 GMT+0100 (hora estándar de Europa central)","process":{"pid":5268,"uid":null,"gid":null,"cwd":"C:\\Users\\reinie94\\Desktop\\proyecto_node","execPath":"C:\\Program Files\\nodejs\\node.exe","version":"v14.15.4","argv":["C:\\Program Files\\nodejs\\node.exe","C:\\Users\\reinie94\\Desktop\\proyecto_node\\app\\server.js"],"memoryUsage":{"rss":45432832,"heapTotal":30347264,"heapUsed":14801752,"external":2338512,"arrayBuffers":26922}},"os":{"loadavg":[0,0,0],"uptime":167454},"trace":[{"column":14,"file":"C:\\Users\\reinie94\\Desktop\\proyecto_node\\app\\models\\User.ts","function":null,"line":4,"method":null,"native":false},{"column":30,"file":"internal/modules/cjs/loader.js","function":"Module._compile","line":1063,"method":"_compile","native":false},{"column":10,"file":"internal/modules/cjs/loader.js","function":"Module._extensions..js","line":1092,"method":".js","native":false},{"column":32,"file":"internal/modules/cjs/loader.js","function":"Module.load","line":928,"method":"load","native":false},{"column":14,"file":"internal/modules/cjs/loader.js","function":"Module._load","line":769,"method":"_load","native":false},{"column":19,"file":"internal/modules/cjs/loader.js","function":"Module.require","line":952,"method":"require","native":false},{"column":18,"file":"internal/modules/cjs/helpers.js","function":"require","line":88,"method":null,"native":false},{"column":19,"file":"C:\\Users\\reinie94\\Desktop\\proyecto_node\\app\\controllers\\ControllerUser.js","function":null,"line":1,"method":null,"native":false},{"column":30,"file":"internal/modules/cjs/loader.js","function":"Module._compile","line":1063,"method":"_compile","native":false},{"column":10,"file":"internal/modules/cjs/loader.js","function":"Module._extensions..js","line":1092,"method":".js","native":false}]}
error: uncaughtException: sequelize is not defined
ReferenceError: sequelize is not defined
    at Object.<anonymous> (C:\Users\reinie94\Desktop\proyecto_node\app\models\User.ts:4:14)
    at Module._compile (internal/modules/cjs/loader.js:1063:30)
    at Object.Module._extensions..js (internal/modules/cjs/loader.js:1092:10)
    at Module.load (internal/modules/cjs/loader.js:928:32)
    at Function.Module._load (internal/modules/cjs/loader.js:769:14)
    at Module.require (internal/modules/cjs/loader.js:952:19)
    at require (internal/modules/cjs/helpers.js:88:18)
    at Object.<anonymous> (C:\Users\reinie94\Desktop\proyecto_node\app\controllers\ControllerUser.js:1:19)
    at Module._compile (internal/modules/cjs/loader.js:1063:30)
    at Object.Module._extensions..js (internal/modules/cjs/loader.js:1092:10) {"error":{},"stack":"ReferenceError: sequelize is not defined\n    at Object.<anonymous> (C:\\Users\\reinie94\\Desktop\\proyecto_node\\app\\models\\User.ts:4:14)\n    at Module._compile (internal/modules/cjs/loader.js:1063:30)\n    at Object.Module._extensions..js (internal/modules/cjs/loader.js:1092:10)\n    at Module.load (internal/modules/cjs/loader.js:928:32)\n    at Function.Module._load (internal/modules/cjs/loader.js:769:14)\n    at Module.require (internal/modules/cjs/loader.js:952:19)\n    at require (internal/modules/cjs/helpers.js:88:18)\n    at Object.<anonymous> (C:\\Users\\reinie94\\Desktop\\proyecto_node\\app\\controllers\\ControllerUser.js:1:19)\n    at Module._compile (internal/modules/cjs/loader.js:1063:30)\n    at Object.Module._extensions..js (internal/modules/cjs/loader.js:1092:10)","exception":true,"date":"Sat Feb 06 2021 14:53:01 GMT+0100 (hora estándar de Europa central)","process":{"pid":5920,"uid":null,"gid":null,"cwd":"C:\\Users\\reinie94\\Desktop\\proyecto_node","execPath":"C:\\Program Files\\nodejs\\node.exe","version":"v14.15.4","argv":["C:\\Program Files\\nodejs\\node.exe","C:\\Users\\reinie94\\Desktop\\proyecto_node\\app\\server.js"],"memoryUsage":{"rss":44851200,"heapTotal":30609408,"heapUsed":14901248,"external":2338512,"arrayBuffers":26922}},"os":{"loadavg":[0,0,0],"uptime":167469},"trace":[{"column":14,"file":"C:\\Users\\reinie94\\Desktop\\proyecto_node\\app\\models\\User.ts","function":null,"line":4,"method":null,"native":false},{"column":30,"file":"internal/modules/cjs/loader.js","function":"Module._compile","line":1063,"method":"_compile","native":false},{"column":10,"file":"internal/modules/cjs/loader.js","function":"Module._extensions..js","line":1092,"method":".js","native":false},{"column":32,"file":"internal/modules/cjs/loader.js","function":"Module.load","line":928,"method":"load","native":false},{"column":14,"file":"internal/modules/cjs/loader.js","function":"Module._load","line":769,"method":"_load","native":false},{"column":19,"file":"internal/modules/cjs/loader.js","function":"Module.require","line":952,"method":"require","native":false},{"column":18,"file":"internal/modules/cjs/helpers.js","function":"require","line":88,"method":null,"native":false},{"column":19,"file":"C:\\Users\\reinie94\\Desktop\\proyecto_node\\app\\controllers\\ControllerUser.js","function":null,"line":1,"method":null,"native":false},{"column":30,"file":"internal/modules/cjs/loader.js","function":"Module._compile","line":1063,"method":"_compile","native":false},{"column":10,"file":"internal/modules/cjs/loader.js","function":"Module._extensions..js","line":1092,"method":".js","native":false}]}
error: uncaughtException: sequelize is not defined
ReferenceError: sequelize is not defined
    at Object.<anonymous> (C:\Users\reinie94\Desktop\proyecto_node\app\models\User.ts:4:14)
    at Module._compile (internal/modules/cjs/loader.js:1063:30)
    at Object.Module._extensions..js (internal/modules/cjs/loader.js:1092:10)
    at Module.load (internal/modules/cjs/loader.js:928:32)
    at Function.Module._load (internal/modules/cjs/loader.js:769:14)
    at Module.require (internal/modules/cjs/loader.js:952:19)
    at require (internal/modules/cjs/helpers.js:88:18)
    at Object.<anonymous> (C:\Users\reinie94\Desktop\proyecto_node\app\controllers\ControllerUser.js:1:19)
    at Module._compile (internal/modules/cjs/loader.js:1063:30)
    at Object.Module._extensions..js (internal/modules/cjs/loader.js:1092:10) {"error":{},"stack":"ReferenceError: sequelize is not defined\n    at Object.<anonymous> (C:\\Users\\reinie94\\Desktop\\proyecto_node\\app\\models\\User.ts:4:14)\n    at Module._compile (internal/modules/cjs/loader.js:1063:30)\n    at Object.Module._extensions..js (internal/modules/cjs/loader.js:1092:10)\n    at Module.load (internal/modules/cjs/loader.js:928:32)\n    at Function.Module._load (internal/modules/cjs/loader.js:769:14)\n    at Module.require (internal/modules/cjs/loader.js:952:19)\n    at require (internal/modules/cjs/helpers.js:88:18)\n    at Object.<anonymous> (C:\\Users\\reinie94\\Desktop\\proyecto_node\\app\\controllers\\ControllerUser.js:1:19)\n    at Module._compile (internal/modules/cjs/loader.js:1063:30)\n    at Object.Module._extensions..js (internal/modules/cjs/loader.js:1092:10)","exception":true,"date":"Sat Feb 06 2021 14:53:37 GMT+0100 (hora estándar de Europa central)","process":{"pid":6012,"uid":null,"gid":null,"cwd":"C:\\Users\\reinie94\\Desktop\\proyecto_node","execPath":"C:\\Program Files\\nodejs\\node.exe","version":"v14.15.4","argv":["C:\\Program Files\\nodejs\\node.exe","C:\\Users\\reinie94\\Desktop\\proyecto_node\\app\\server.js"],"memoryUsage":{"rss":44806144,"heapTotal":30609408,"heapUsed":14896976,"external":2338512,"arrayBuffers":26922}},"os":{"loadavg":[0,0,0],"uptime":167505},"trace":[{"column":14,"file":"C:\\Users\\reinie94\\Desktop\\proyecto_node\\app\\models\\User.ts","function":null,"line":4,"method":null,"native":false},{"column":30,"file":"internal/modules/cjs/loader.js","function":"Module._compile","line":1063,"method":"_compile","native":false},{"column":10,"file":"internal/modules/cjs/loader.js","function":"Module._extensions..js","line":1092,"method":".js","native":false},{"column":32,"file":"internal/modules/cjs/loader.js","function":"Module.load","line":928,"method":"load","native":false},{"column":14,"file":"internal/modules/cjs/loader.js","function":"Module._load","line":769,"method":"_load","native":false},{"column":19,"file":"internal/modules/cjs/loader.js","function":"Module.require","line":952,"method":"require","native":false},{"column":18,"file":"internal/modules/cjs/helpers.js","function":"require","line":88,"method":null,"native":false},{"column":19,"file":"C:\\Users\\reinie94\\Desktop\\proyecto_node\\app\\controllers\\ControllerUser.js","function":null,"line":1,"method":null,"native":false},{"column":30,"file":"internal/modules/cjs/loader.js","function":"Module._compile","line":1063,"method":"_compile","native":false},{"column":10,"file":"internal/modules/cjs/loader.js","function":"Module._extensions..js","line":1092,"method":".js","native":false}]}
error: uncaughtException: sequelize is not defined
ReferenceError: sequelize is not defined
    at Object.<anonymous> (C:\Users\reinie94\Desktop\proyecto_node\app\models\User.ts:4:14)
    at Module._compile (internal/modules/cjs/loader.js:1063:30)
    at Object.Module._extensions..js (internal/modules/cjs/loader.js:1092:10)
    at Module.load (internal/modules/cjs/loader.js:928:32)
    at Function.Module._load (internal/modules/cjs/loader.js:769:14)
    at Module.require (internal/modules/cjs/loader.js:952:19)
    at require (internal/modules/cjs/helpers.js:88:18)
    at Object.<anonymous> (C:\Users\reinie94\Desktop\proyecto_node\app\controllers\ControllerUser.js:1:19)
    at Module._compile (internal/modules/cjs/loader.js:1063:30)
    at Object.Module._extensions..js (internal/modules/cjs/loader.js:1092:10) {"error":{},"stack":"ReferenceError: sequelize is not defined\n    at Object.<anonymous> (C:\\Users\\reinie94\\Desktop\\proyecto_node\\app\\models\\User.ts:4:14)\n    at Module._compile (internal/modules/cjs/loader.js:1063:30)\n    at Object.Module._extensions..js (internal/modules/cjs/loader.js:1092:10)\n    at Module.load (internal/modules/cjs/loader.js:928:32)\n    at Function.Module._load (internal/modules/cjs/loader.js:769:14)\n    at Module.require (internal/modules/cjs/loader.js:952:19)\n    at require (internal/modules/cjs/helpers.js:88:18)\n    at Object.<anonymous> (C:\\Users\\reinie94\\Desktop\\proyecto_node\\app\\controllers\\ControllerUser.js:1:19)\n    at Module._compile (internal/modules/cjs/loader.js:1063:30)\n    at Object.Module._extensions..js (internal/modules/cjs/loader.js:1092:10)","exception":true,"date":"Sat Feb 06 2021 15:35:17 GMT+0100 (hora estándar de Europa central)","process":{"pid":3616,"uid":null,"gid":null,"cwd":"C:\\Users\\reinie94\\Desktop\\proyecto_node","execPath":"C:\\Program Files\\nodejs\\node.exe","version":"v14.15.4","argv":["C:\\Program Files\\nodejs\\node.exe","C:\\Users\\reinie94\\Desktop\\proyecto_node\\app\\server.js"],"memoryUsage":{"rss":45277184,"heapTotal":30871552,"heapUsed":14850832,"external":2338512,"arrayBuffers":26922}},"os":{"loadavg":[0,0,0],"uptime":170005},"trace":[{"column":14,"file":"C:\\Users\\reinie94\\Desktop\\proyecto_node\\app\\models\\User.ts","function":null,"line":4,"method":null,"native":false},{"column":30,"file":"internal/modules/cjs/loader.js","function":"Module._compile","line":1063,"method":"_compile","native":false},{"column":10,"file":"internal/modules/cjs/loader.js","function":"Module._extensions..js","line":1092,"method":".js","native":false},{"column":32,"file":"internal/modules/cjs/loader.js","function":"Module.load","line":928,"method":"load","native":false},{"column":14,"file":"internal/modules/cjs/loader.js","function":"Module._load","line":769,"method":"_load","native":false},{"column":19,"file":"internal/modules/cjs/loader.js","function":"Module.require","line":952,"method":"require","native":false},{"column":18,"file":"internal/modules/cjs/helpers.js","function":"require","line":88,"method":null,"native":false},{"column":19,"file":"C:\\Users\\reinie94\\Desktop\\proyecto_node\\app\\controllers\\ControllerUser.js","function":null,"line":1,"method":null,"native":false},{"column":30,"file":"internal/modules/cjs/loader.js","function":"Module._compile","line":1063,"method":"_compile","native":false},{"column":10,"file":"internal/modules/cjs/loader.js","function":"Module._extensions..js","line":1092,"method":".js","native":false}]}
error: uncaughtException: sequelize is not defined
ReferenceError: sequelize is not defined
    at Object.<anonymous> (C:\Users\reinie94\Desktop\proyecto_node\app\models\User.ts:4:14)
    at Module._compile (internal/modules/cjs/loader.js:1063:30)
    at Object.Module._extensions..js (internal/modules/cjs/loader.js:1092:10)
    at Module.load (internal/modules/cjs/loader.js:928:32)
    at Function.Module._load (internal/modules/cjs/loader.js:769:14)
    at Module.require (internal/modules/cjs/loader.js:952:19)
    at require (internal/modules/cjs/helpers.js:88:18)
    at Object.<anonymous> (C:\Users\reinie94\Desktop\proyecto_node\app\controllers\ControllerUser.js:1:19)
    at Module._compile (internal/modules/cjs/loader.js:1063:30)
    at Object.Module._extensions..js (internal/modules/cjs/loader.js:1092:10) {"error":{},"stack":"ReferenceError: sequelize is not defined\n    at Object.<anonymous> (C:\\Users\\reinie94\\Desktop\\proyecto_node\\app\\models\\User.ts:4:14)\n    at Module._compile (internal/modules/cjs/loader.js:1063:30)\n    at Object.Module._extensions..js (internal/modules/cjs/loader.js:1092:10)\n    at Module.load (internal/modules/cjs/loader.js:928:32)\n    at Function.Module._load (internal/modules/cjs/loader.js:769:14)\n    at Module.require (internal/modules/cjs/loader.js:952:19)\n    at require (internal/modules/cjs/helpers.js:88:18)\n    at Object.<anonymous> (C:\\Users\\reinie94\\Desktop\\proyecto_node\\app\\controllers\\ControllerUser.js:1:19)\n    at Module._compile (internal/modules/cjs/loader.js:1063:30)\n    at Object.Module._extensions..js (internal/modules/cjs/loader.js:1092:10)","exception":true,"date":"Sat Feb 06 2021 15:36:21 GMT+0100 (hora estándar de Europa central)","process":{"pid":2732,"uid":null,"gid":null,"cwd":"C:\\Users\\reinie94\\Desktop\\proyecto_node","execPath":"C:\\Program Files\\nodejs\\node.exe","version":"v14.15.4","argv":["C:\\Program Files\\nodejs\\node.exe","C:\\Users\\reinie94\\Desktop\\proyecto_node\\app\\server.js"],"memoryUsage":{"rss":45080576,"heapTotal":30871552,"heapUsed":14882592,"external":2338512,"arrayBuffers":26922}},"os":{"loadavg":[0,0,0],"uptime":170068},"trace":[{"column":14,"file":"C:\\Users\\reinie94\\Desktop\\proyecto_node\\app\\models\\User.ts","function":null,"line":4,"method":null,"native":false},{"column":30,"file":"internal/modules/cjs/loader.js","function":"Module._compile","line":1063,"method":"_compile","native":false},{"column":10,"file":"internal/modules/cjs/loader.js","function":"Module._extensions..js","line":1092,"method":".js","native":false},{"column":32,"file":"internal/modules/cjs/loader.js","function":"Module.load","line":928,"method":"load","native":false},{"column":14,"file":"internal/modules/cjs/loader.js","function":"Module._load","line":769,"method":"_load","native":false},{"column":19,"file":"internal/modules/cjs/loader.js","function":"Module.require","line":952,"method":"require","native":false},{"column":18,"file":"internal/modules/cjs/helpers.js","function":"require","line":88,"method":null,"native":false},{"column":19,"file":"C:\\Users\\reinie94\\Desktop\\proyecto_node\\app\\controllers\\ControllerUser.js","function":null,"line":1,"method":null,"native":false},{"column":30,"file":"internal/modules/cjs/loader.js","function":"Module._compile","line":1063,"method":"_compile","native":false},{"column":10,"file":"internal/modules/cjs/loader.js","function":"Module._extensions..js","line":1092,"method":".js","native":false}]}
error: uncaughtException: sequelize is not defined
ReferenceError: sequelize is not defined
    at Object.<anonymous> (C:\Users\reinie94\Desktop\proyecto_node\app\models\User.ts:4:14)
    at Module._compile (internal/modules/cjs/loader.js:1063:30)
    at Object.Module._extensions..js (internal/modules/cjs/loader.js:1092:10)
    at Module.load (internal/modules/cjs/loader.js:928:32)
    at Function.Module._load (internal/modules/cjs/loader.js:769:14)
    at Module.require (internal/modules/cjs/loader.js:952:19)
    at require (internal/modules/cjs/helpers.js:88:18)
    at Object.<anonymous> (C:\Users\reinie94\Desktop\proyecto_node\app\controllers\ControllerUser.js:1:19)
    at Module._compile (internal/modules/cjs/loader.js:1063:30)
    at Object.Module._extensions..js (internal/modules/cjs/loader.js:1092:10) {"error":{},"stack":"ReferenceError: sequelize is not defined\n    at Object.<anonymous> (C:\\Users\\reinie94\\Desktop\\proyecto_node\\app\\models\\User.ts:4:14)\n    at Module._compile (internal/modules/cjs/loader.js:1063:30)\n    at Object.Module._extensions..js (internal/modules/cjs/loader.js:1092:10)\n    at Module.load (internal/modules/cjs/loader.js:928:32)\n    at Function.Module._load (internal/modules/cjs/loader.js:769:14)\n    at Module.require (internal/modules/cjs/loader.js:952:19)\n    at require (internal/modules/cjs/helpers.js:88:18)\n    at Object.<anonymous> (C:\\Users\\reinie94\\Desktop\\proyecto_node\\app\\controllers\\ControllerUser.js:1:19)\n    at Module._compile (internal/modules/cjs/loader.js:1063:30)\n    at Object.Module._extensions..js (internal/modules/cjs/loader.js:1092:10)","exception":true,"date":"Sat Feb 06 2021 15:37:01 GMT+0100 (hora estándar de Europa central)","process":{"pid":7076,"uid":null,"gid":null,"cwd":"C:\\Users\\reinie94\\Desktop\\proyecto_node","execPath":"C:\\Program Files\\nodejs\\node.exe","version":"v14.15.4","argv":["C:\\Program Files\\nodejs\\node.exe","C:\\Users\\reinie94\\Desktop\\proyecto_node\\app\\server.js"],"memoryUsage":{"rss":44015616,"heapTotal":29753344,"heapUsed":19135136,"external":2297051,"arrayBuffers":938252}},"os":{"loadavg":[0,0,0],"uptime":170109},"trace":[{"column":14,"file":"C:\\Users\\reinie94\\Desktop\\proyecto_node\\app\\models\\User.ts","function":null,"line":4,"method":null,"native":false},{"column":30,"file":"internal/modules/cjs/loader.js","function":"Module._compile","line":1063,"method":"_compile","native":false},{"column":10,"file":"internal/modules/cjs/loader.js","function":"Module._extensions..js","line":1092,"method":".js","native":false},{"column":32,"file":"internal/modules/cjs/loader.js","function":"Module.load","line":928,"method":"load","native":false},{"column":14,"file":"internal/modules/cjs/loader.js","function":"Module._load","line":769,"method":"_load","native":false},{"column":19,"file":"internal/modules/cjs/loader.js","function":"Module.require","line":952,"method":"require","native":false},{"column":18,"file":"internal/modules/cjs/helpers.js","function":"require","line":88,"method":null,"native":false},{"column":19,"file":"C:\\Users\\reinie94\\Desktop\\proyecto_node\\app\\controllers\\ControllerUser.js","function":null,"line":1,"method":null,"native":false},{"column":30,"file":"internal/modules/cjs/loader.js","function":"Module._compile","line":1063,"method":"_compile","native":false},{"column":10,"file":"internal/modules/cjs/loader.js","function":"Module._extensions..js","line":1092,"method":".js","native":false}]}
error: uncaughtException: sequelize is not defined
ReferenceError: sequelize is not defined
    at Object.<anonymous> (C:\Users\reinie94\Desktop\proyecto_node\app\models\User.ts:4:14)
    at Module._compile (internal/modules/cjs/loader.js:1063:30)
    at Object.Module._extensions..js (internal/modules/cjs/loader.js:1092:10)
    at Module.load (internal/modules/cjs/loader.js:928:32)
    at Function.Module._load (internal/modules/cjs/loader.js:769:14)
    at Module.require (internal/modules/cjs/loader.js:952:19)
    at require (internal/modules/cjs/helpers.js:88:18)
    at Object.<anonymous> (C:\Users\reinie94\Desktop\proyecto_node\app\controllers\ControllerUser.js:1:19)
    at Module._compile (internal/modules/cjs/loader.js:1063:30)
    at Object.Module._extensions..js (internal/modules/cjs/loader.js:1092:10) {"error":{},"stack":"ReferenceError: sequelize is not defined\n    at Object.<anonymous> (C:\\Users\\reinie94\\Desktop\\proyecto_node\\app\\models\\User.ts:4:14)\n    at Module._compile (internal/modules/cjs/loader.js:1063:30)\n    at Object.Module._extensions..js (internal/modules/cjs/loader.js:1092:10)\n    at Module.load (internal/modules/cjs/loader.js:928:32)\n    at Function.Module._load (internal/modules/cjs/loader.js:769:14)\n    at Module.require (internal/modules/cjs/loader.js:952:19)\n    at require (internal/modules/cjs/helpers.js:88:18)\n    at Object.<anonymous> (C:\\Users\\reinie94\\Desktop\\proyecto_node\\app\\controllers\\ControllerUser.js:1:19)\n    at Module._compile (internal/modules/cjs/loader.js:1063:30)\n    at Object.Module._extensions..js (internal/modules/cjs/loader.js:1092:10)","exception":true,"date":"Sat Feb 06 2021 15:38:18 GMT+0100 (hora estándar de Europa central)","process":{"pid":7612,"uid":null,"gid":null,"cwd":"C:\\Users\\reinie94\\Desktop\\proyecto_node","execPath":"C:\\Program Files\\nodejs\\node.exe","version":"v14.15.4","argv":["C:\\Program Files\\nodejs\\node.exe","C:\\Users\\reinie94\\Desktop\\proyecto_node\\app\\server.js"],"memoryUsage":{"rss":44032000,"heapTotal":29753344,"heapUsed":19084264,"external":2297051,"arrayBuffers":938252}},"os":{"loadavg":[0,0,0],"uptime":170185},"trace":[{"column":14,"file":"C:\\Users\\reinie94\\Desktop\\proyecto_node\\app\\models\\User.ts","function":null,"line":4,"method":null,"native":false},{"column":30,"file":"internal/modules/cjs/loader.js","function":"Module._compile","line":1063,"method":"_compile","native":false},{"column":10,"file":"internal/modules/cjs/loader.js","function":"Module._extensions..js","line":1092,"method":".js","native":false},{"column":32,"file":"internal/modules/cjs/loader.js","function":"Module.load","line":928,"method":"load","native":false},{"column":14,"file":"internal/modules/cjs/loader.js","function":"Module._load","line":769,"method":"_load","native":false},{"column":19,"file":"internal/modules/cjs/loader.js","function":"Module.require","line":952,"method":"require","native":false},{"column":18,"file":"internal/modules/cjs/helpers.js","function":"require","line":88,"method":null,"native":false},{"column":19,"file":"C:\\Users\\reinie94\\Desktop\\proyecto_node\\app\\controllers\\ControllerUser.js","function":null,"line":1,"method":null,"native":false},{"column":30,"file":"internal/modules/cjs/loader.js","function":"Module._compile","line":1063,"method":"_compile","native":false},{"column":10,"file":"internal/modules/cjs/loader.js","function":"Module._extensions..js","line":1092,"method":".js","native":false}]}
error: uncaughtException: sequelize is not defined
ReferenceError: sequelize is not defined
    at Object.<anonymous> (C:\Users\reinie94\Desktop\proyecto_node\app\models\User.ts:4:14)
    at Module._compile (internal/modules/cjs/loader.js:1063:30)
    at Object.Module._extensions..js (internal/modules/cjs/loader.js:1092:10)
    at Module.load (internal/modules/cjs/loader.js:928:32)
    at Function.Module._load (internal/modules/cjs/loader.js:769:14)
    at Module.require (internal/modules/cjs/loader.js:952:19)
    at require (internal/modules/cjs/helpers.js:88:18)
    at Object.<anonymous> (C:\Users\reinie94\Desktop\proyecto_node\app\controllers\ControllerUser.js:1:19)
    at Module._compile (internal/modules/cjs/loader.js:1063:30)
    at Object.Module._extensions..js (internal/modules/cjs/loader.js:1092:10) {"error":{},"stack":"ReferenceError: sequelize is not defined\n    at Object.<anonymous> (C:\\Users\\reinie94\\Desktop\\proyecto_node\\app\\models\\User.ts:4:14)\n    at Module._compile (internal/modules/cjs/loader.js:1063:30)\n    at Object.Module._extensions..js (internal/modules/cjs/loader.js:1092:10)\n    at Module.load (internal/modules/cjs/loader.js:928:32)\n    at Function.Module._load (internal/modules/cjs/loader.js:769:14)\n    at Module.require (internal/modules/cjs/loader.js:952:19)\n    at require (internal/modules/cjs/helpers.js:88:18)\n    at Object.<anonymous> (C:\\Users\\reinie94\\Desktop\\proyecto_node\\app\\controllers\\ControllerUser.js:1:19)\n    at Module._compile (internal/modules/cjs/loader.js:1063:30)\n    at Object.Module._extensions..js (internal/modules/cjs/loader.js:1092:10)","exception":true,"date":"Sat Feb 06 2021 15:39:01 GMT+0100 (hora estándar de Europa central)","process":{"pid":3180,"uid":null,"gid":null,"cwd":"C:\\Users\\reinie94\\Desktop\\proyecto_node","execPath":"C:\\Program Files\\nodejs\\node.exe","version":"v14.15.4","argv":["C:\\Program Files\\nodejs\\node.exe","C:\\Users\\reinie94\\Desktop\\proyecto_node\\app\\server.js"],"memoryUsage":{"rss":45129728,"heapTotal":30609408,"heapUsed":14826824,"external":2338512,"arrayBuffers":26922}},"os":{"loadavg":[0,0,0],"uptime":170229},"trace":[{"column":14,"file":"C:\\Users\\reinie94\\Desktop\\proyecto_node\\app\\models\\User.ts","function":null,"line":4,"method":null,"native":false},{"column":30,"file":"internal/modules/cjs/loader.js","function":"Module._compile","line":1063,"method":"_compile","native":false},{"column":10,"file":"internal/modules/cjs/loader.js","function":"Module._extensions..js","line":1092,"method":".js","native":false},{"column":32,"file":"internal/modules/cjs/loader.js","function":"Module.load","line":928,"method":"load","native":false},{"column":14,"file":"internal/modules/cjs/loader.js","function":"Module._load","line":769,"method":"_load","native":false},{"column":19,"file":"internal/modules/cjs/loader.js","function":"Module.require","line":952,"method":"require","native":false},{"column":18,"file":"internal/modules/cjs/helpers.js","function":"require","line":88,"method":null,"native":false},{"column":19,"file":"C:\\Users\\reinie94\\Desktop\\proyecto_node\\app\\controllers\\ControllerUser.js","function":null,"line":1,"method":null,"native":false},{"column":30,"file":"internal/modules/cjs/loader.js","function":"Module._compile","line":1063,"method":"_compile","native":false},{"column":10,"file":"internal/modules/cjs/loader.js","function":"Module._extensions..js","line":1092,"method":".js","native":false}]}
error: uncaughtException: sequelize is not defined
ReferenceError: sequelize is not defined
    at Object.<anonymous> (C:\Users\reinie94\Desktop\proyecto_node\app\models\User.ts:4:14)
    at Module._compile (internal/modules/cjs/loader.js:1063:30)
    at Object.Module._extensions..js (internal/modules/cjs/loader.js:1092:10)
    at Module.load (internal/modules/cjs/loader.js:928:32)
    at Function.Module._load (internal/modules/cjs/loader.js:769:14)
    at Module.require (internal/modules/cjs/loader.js:952:19)
    at require (internal/modules/cjs/helpers.js:88:18)
    at Object.<anonymous> (C:\Users\reinie94\Desktop\proyecto_node\app\controllers\ControllerUser.js:1:19)
    at Module._compile (internal/modules/cjs/loader.js:1063:30)
    at Object.Module._extensions..js (internal/modules/cjs/loader.js:1092:10) {"error":{},"stack":"ReferenceError: sequelize is not defined\n    at Object.<anonymous> (C:\\Users\\reinie94\\Desktop\\proyecto_node\\app\\models\\User.ts:4:14)\n    at Module._compile (internal/modules/cjs/loader.js:1063:30)\n    at Object.Module._extensions..js (internal/modules/cjs/loader.js:1092:10)\n    at Module.load (internal/modules/cjs/loader.js:928:32)\n    at Function.Module._load (internal/modules/cjs/loader.js:769:14)\n    at Module.require (internal/modules/cjs/loader.js:952:19)\n    at require (internal/modules/cjs/helpers.js:88:18)\n    at Object.<anonymous> (C:\\Users\\reinie94\\Desktop\\proyecto_node\\app\\controllers\\ControllerUser.js:1:19)\n    at Module._compile (internal/modules/cjs/loader.js:1063:30)\n    at Object.Module._extensions..js (internal/modules/cjs/loader.js:1092:10)","exception":true,"date":"Sat Feb 06 2021 15:40:33 GMT+0100 (hora estándar de Europa central)","process":{"pid":6696,"uid":null,"gid":null,"cwd":"C:\\Users\\reinie94\\Desktop\\proyecto_node","execPath":"C:\\Program Files\\nodejs\\node.exe","version":"v14.15.4","argv":["C:\\Program Files\\nodejs\\node.exe","C:\\Users\\reinie94\\Desktop\\proyecto_node\\app\\server.js"],"memoryUsage":{"rss":43941888,"heapTotal":30015488,"heapUsed":19065480,"external":2297051,"arrayBuffers":938252}},"os":{"loadavg":[0,0,0],"uptime":170321},"trace":[{"column":14,"file":"C:\\Users\\reinie94\\Desktop\\proyecto_node\\app\\models\\User.ts","function":null,"line":4,"method":null,"native":false},{"column":30,"file":"internal/modules/cjs/loader.js","function":"Module._compile","line":1063,"method":"_compile","native":false},{"column":10,"file":"internal/modules/cjs/loader.js","function":"Module._extensions..js","line":1092,"method":".js","native":false},{"column":32,"file":"internal/modules/cjs/loader.js","function":"Module.load","line":928,"method":"load","native":false},{"column":14,"file":"internal/modules/cjs/loader.js","function":"Module._load","line":769,"method":"_load","native":false},{"column":19,"file":"internal/modules/cjs/loader.js","function":"Module.require","line":952,"method":"require","native":false},{"column":18,"file":"internal/modules/cjs/helpers.js","function":"require","line":88,"method":null,"native":false},{"column":19,"file":"C:\\Users\\reinie94\\Desktop\\proyecto_node\\app\\controllers\\ControllerUser.js","function":null,"line":1,"method":null,"native":false},{"column":30,"file":"internal/modules/cjs/loader.js","function":"Module._compile","line":1063,"method":"_compile","native":false},{"column":10,"file":"internal/modules/cjs/loader.js","function":"Module._extensions..js","line":1092,"method":".js","native":false}]}
error: uncaughtException: sequelize is not defined
ReferenceError: sequelize is not defined
    at Object.<anonymous> (C:\Users\reinie94\Desktop\proyecto_node\app\models\User.ts:4:14)
    at Module._compile (internal/modules/cjs/loader.js:1063:30)
    at Object.Module._extensions..js (internal/modules/cjs/loader.js:1092:10)
    at Module.load (internal/modules/cjs/loader.js:928:32)
    at Function.Module._load (internal/modules/cjs/loader.js:769:14)
    at Module.require (internal/modules/cjs/loader.js:952:19)
    at require (internal/modules/cjs/helpers.js:88:18)
    at Object.<anonymous> (C:\Users\reinie94\Desktop\proyecto_node\app\controllers\ControllerUser.js:1:19)
    at Module._compile (internal/modules/cjs/loader.js:1063:30)
    at Object.Module._extensions..js (internal/modules/cjs/loader.js:1092:10) {"error":{},"stack":"ReferenceError: sequelize is not defined\n    at Object.<anonymous> (C:\\Users\\reinie94\\Desktop\\proyecto_node\\app\\models\\User.ts:4:14)\n    at Module._compile (internal/modules/cjs/loader.js:1063:30)\n    at Object.Module._extensions..js (internal/modules/cjs/loader.js:1092:10)\n    at Module.load (internal/modules/cjs/loader.js:928:32)\n    at Function.Module._load (internal/modules/cjs/loader.js:769:14)\n    at Module.require (internal/modules/cjs/loader.js:952:19)\n    at require (internal/modules/cjs/helpers.js:88:18)\n    at Object.<anonymous> (C:\\Users\\reinie94\\Desktop\\proyecto_node\\app\\controllers\\ControllerUser.js:1:19)\n    at Module._compile (internal/modules/cjs/loader.js:1063:30)\n    at Object.Module._extensions..js (internal/modules/cjs/loader.js:1092:10)","exception":true,"date":"Sat Feb 06 2021 15:45:31 GMT+0100 (hora estándar de Europa central)","process":{"pid":2764,"uid":null,"gid":null,"cwd":"C:\\Users\\reinie94\\Desktop\\proyecto_node","execPath":"C:\\Program Files\\nodejs\\node.exe","version":"v14.15.4","argv":["C:\\Program Files\\nodejs\\node.exe","C:\\Users\\reinie94\\Desktop\\proyecto_node\\app\\server.js"],"memoryUsage":{"rss":44879872,"heapTotal":30871552,"heapUsed":14883448,"external":2338512,"arrayBuffers":26922}},"os":{"loadavg":[0,0,0],"uptime":170618},"trace":[{"column":14,"file":"C:\\Users\\reinie94\\Desktop\\proyecto_node\\app\\models\\User.ts","function":null,"line":4,"method":null,"native":false},{"column":30,"file":"internal/modules/cjs/loader.js","function":"Module._compile","line":1063,"method":"_compile","native":false},{"column":10,"file":"internal/modules/cjs/loader.js","function":"Module._extensions..js","line":1092,"method":".js","native":false},{"column":32,"file":"internal/modules/cjs/loader.js","function":"Module.load","line":928,"method":"load","native":false},{"column":14,"file":"internal/modules/cjs/loader.js","function":"Module._load","line":769,"method":"_load","native":false},{"column":19,"file":"internal/modules/cjs/loader.js","function":"Module.require","line":952,"method":"require","native":false},{"column":18,"file":"internal/modules/cjs/helpers.js","function":"require","line":88,"method":null,"native":false},{"column":19,"file":"C:\\Users\\reinie94\\Desktop\\proyecto_node\\app\\controllers\\ControllerUser.js","function":null,"line":1,"method":null,"native":false},{"column":30,"file":"internal/modules/cjs/loader.js","function":"Module._compile","line":1063,"method":"_compile","native":false},{"column":10,"file":"internal/modules/cjs/loader.js","function":"Module._extensions..js","line":1092,"method":".js","native":false}]}
error: uncaughtException: sequelize is not defined
ReferenceError: sequelize is not defined
    at Object.<anonymous> (C:\Users\reinie94\Desktop\proyecto_node\app\models\User.ts:4:14)
    at Module._compile (internal/modules/cjs/loader.js:1063:30)
    at Object.Module._extensions..js (internal/modules/cjs/loader.js:1092:10)
    at Module.load (internal/modules/cjs/loader.js:928:32)
    at Function.Module._load (internal/modules/cjs/loader.js:769:14)
    at Module.require (internal/modules/cjs/loader.js:952:19)
    at require (internal/modules/cjs/helpers.js:88:18)
    at Object.<anonymous> (C:\Users\reinie94\Desktop\proyecto_node\app\controllers\ControllerUser.js:1:19)
    at Module._compile (internal/modules/cjs/loader.js:1063:30)
    at Object.Module._extensions..js (internal/modules/cjs/loader.js:1092:10) {"error":{},"stack":"ReferenceError: sequelize is not defined\n    at Object.<anonymous> (C:\\Users\\reinie94\\Desktop\\proyecto_node\\app\\models\\User.ts:4:14)\n    at Module._compile (internal/modules/cjs/loader.js:1063:30)\n    at Object.Module._extensions..js (internal/modules/cjs/loader.js:1092:10)\n    at Module.load (internal/modules/cjs/loader.js:928:32)\n    at Function.Module._load (internal/modules/cjs/loader.js:769:14)\n    at Module.require (internal/modules/cjs/loader.js:952:19)\n    at require (internal/modules/cjs/helpers.js:88:18)\n    at Object.<anonymous> (C:\\Users\\reinie94\\Desktop\\proyecto_node\\app\\controllers\\ControllerUser.js:1:19)\n    at Module._compile (internal/modules/cjs/loader.js:1063:30)\n    at Object.Module._extensions..js (internal/modules/cjs/loader.js:1092:10)","exception":true,"date":"Sat Feb 06 2021 15:48:35 GMT+0100 (hora estándar de Europa central)","process":{"pid":7116,"uid":null,"gid":null,"cwd":"C:\\Users\\reinie94\\Desktop\\proyecto_node","execPath":"C:\\Program Files\\nodejs\\node.exe","version":"v14.15.4","argv":["C:\\Program Files\\nodejs\\node.exe","C:\\Users\\reinie94\\Desktop\\proyecto_node\\app\\server.js"],"memoryUsage":{"rss":45068288,"heapTotal":30871552,"heapUsed":14884312,"external":2338512,"arrayBuffers":26922}},"os":{"loadavg":[0,0,0],"uptime":170802},"trace":[{"column":14,"file":"C:\\Users\\reinie94\\Desktop\\proyecto_node\\app\\models\\User.ts","function":null,"line":4,"method":null,"native":false},{"column":30,"file":"internal/modules/cjs/loader.js","function":"Module._compile","line":1063,"method":"_compile","native":false},{"column":10,"file":"internal/modules/cjs/loader.js","function":"Module._extensions..js","line":1092,"method":".js","native":false},{"column":32,"file":"internal/modules/cjs/loader.js","function":"Module.load","line":928,"method":"load","native":false},{"column":14,"file":"internal/modules/cjs/loader.js","function":"Module._load","line":769,"method":"_load","native":false},{"column":19,"file":"internal/modules/cjs/loader.js","function":"Module.require","line":952,"method":"require","native":false},{"column":18,"file":"internal/modules/cjs/helpers.js","function":"require","line":88,"method":null,"native":false},{"column":19,"file":"C:\\Users\\reinie94\\Desktop\\proyecto_node\\app\\controllers\\ControllerUser.js","function":null,"line":1,"method":null,"native":false},{"column":30,"file":"internal/modules/cjs/loader.js","function":"Module._compile","line":1063,"method":"_compile","native":false},{"column":10,"file":"internal/modules/cjs/loader.js","function":"Module._extensions..js","line":1092,"method":".js","native":false}]}
error: uncaughtException: sequelize is not defined
ReferenceError: sequelize is not defined
    at Object.<anonymous> (C:\Users\reinie94\Desktop\proyecto_node\app\models\User.ts:4:14)
    at Module._compile (internal/modules/cjs/loader.js:1063:30)
    at Object.Module._extensions..js (internal/modules/cjs/loader.js:1092:10)
    at Module.load (internal/modules/cjs/loader.js:928:32)
    at Function.Module._load (internal/modules/cjs/loader.js:769:14)
    at Module.require (internal/modules/cjs/loader.js:952:19)
    at require (internal/modules/cjs/helpers.js:88:18)
    at Object.<anonymous> (C:\Users\reinie94\Desktop\proyecto_node\app\controllers\ControllerUser.js:1:19)
    at Module._compile (internal/modules/cjs/loader.js:1063:30)
    at Object.Module._extensions..js (internal/modules/cjs/loader.js:1092:10) {"error":{},"stack":"ReferenceError: sequelize is not defined\n    at Object.<anonymous> (C:\\Users\\reinie94\\Desktop\\proyecto_node\\app\\models\\User.ts:4:14)\n    at Module._compile (internal/modules/cjs/loader.js:1063:30)\n    at Object.Module._extensions..js (internal/modules/cjs/loader.js:1092:10)\n    at Module.load (internal/modules/cjs/loader.js:928:32)\n    at Function.Module._load (internal/modules/cjs/loader.js:769:14)\n    at Module.require (internal/modules/cjs/loader.js:952:19)\n    at require (internal/modules/cjs/helpers.js:88:18)\n    at Object.<anonymous> (C:\\Users\\reinie94\\Desktop\\proyecto_node\\app\\controllers\\ControllerUser.js:1:19)\n    at Module._compile (internal/modules/cjs/loader.js:1063:30)\n    at Object.Module._extensions..js (internal/modules/cjs/loader.js:1092:10)","exception":true,"date":"Sat Feb 06 2021 16:12:01 GMT+0100 (hora estándar de Europa central)","process":{"pid":5380,"uid":null,"gid":null,"cwd":"C:\\Users\\reinie94\\Desktop\\proyecto_node","execPath":"C:\\Program Files\\nodejs\\node.exe","version":"v14.15.4","argv":["C:\\Program Files\\nodejs\\node.exe","C:\\Users\\reinie94\\Desktop\\proyecto_node\\app\\server.js"],"memoryUsage":{"rss":43835392,"heapTotal":29753344,"heapUsed":19057192,"external":2297051,"arrayBuffers":938252}},"os":{"loadavg":[0,0,0],"uptime":172209},"trace":[{"column":14,"file":"C:\\Users\\reinie94\\Desktop\\proyecto_node\\app\\models\\User.ts","function":null,"line":4,"method":null,"native":false},{"column":30,"file":"internal/modules/cjs/loader.js","function":"Module._compile","line":1063,"method":"_compile","native":false},{"column":10,"file":"internal/modules/cjs/loader.js","function":"Module._extensions..js","line":1092,"method":".js","native":false},{"column":32,"file":"internal/modules/cjs/loader.js","function":"Module.load","line":928,"method":"load","native":false},{"column":14,"file":"internal/modules/cjs/loader.js","function":"Module._load","line":769,"method":"_load","native":false},{"column":19,"file":"internal/modules/cjs/loader.js","function":"Module.require","line":952,"method":"require","native":false},{"column":18,"file":"internal/modules/cjs/helpers.js","function":"require","line":88,"method":null,"native":false},{"column":19,"file":"C:\\Users\\reinie94\\Desktop\\proyecto_node\\app\\controllers\\ControllerUser.js","function":null,"line":1,"method":null,"native":false},{"column":30,"file":"internal/modules/cjs/loader.js","function":"Module._compile","line":1063,"method":"_compile","native":false},{"column":10,"file":"internal/modules/cjs/loader.js","function":"Module._extensions..js","line":1092,"method":".js","native":false}]}
error: uncaughtException: Cannot find module '../models/User.ts'
Require stack:
- C:\Users\reinie94\Desktop\proyecto_node\app\controllers\ControllerUser.js
- C:\Users\reinie94\Desktop\proyecto_node\app\routes\rutasAPI.js
- C:\Users\reinie94\Desktop\proyecto_node\app\routes\rutas.js
- C:\Users\reinie94\Desktop\proyecto_node\app\server.js
Error: Cannot find module '../models/User.ts'
Require stack:
- C:\Users\reinie94\Desktop\proyecto_node\app\controllers\ControllerUser.js
- C:\Users\reinie94\Desktop\proyecto_node\app\routes\rutasAPI.js
- C:\Users\reinie94\Desktop\proyecto_node\app\routes\rutas.js
- C:\Users\reinie94\Desktop\proyecto_node\app\server.js
    at Function.Module._resolveFilename (internal/modules/cjs/loader.js:880:15)
    at Function.Module._load (internal/modules/cjs/loader.js:725:27)
    at Module.require (internal/modules/cjs/loader.js:952:19)
    at require (internal/modules/cjs/helpers.js:88:18)
    at Object.<anonymous> (C:\Users\reinie94\Desktop\proyecto_node\app\controllers\ControllerUser.js:1:14)
    at Module._compile (internal/modules/cjs/loader.js:1063:30)
    at Object.Module._extensions..js (internal/modules/cjs/loader.js:1092:10)
    at Module.load (internal/modules/cjs/loader.js:928:32)
    at Function.Module._load (internal/modules/cjs/loader.js:769:14)
    at Module.require (internal/modules/cjs/loader.js:952:19) {"error":{"code":"MODULE_NOT_FOUND","requireStack":["C:\\Users\\reinie94\\Desktop\\proyecto_node\\app\\controllers\\ControllerUser.js","C:\\Users\\reinie94\\Desktop\\proyecto_node\\app\\routes\\rutasAPI.js","C:\\Users\\reinie94\\Desktop\\proyecto_node\\app\\routes\\rutas.js","C:\\Users\\reinie94\\Desktop\\proyecto_node\\app\\server.js"]},"stack":"Error: Cannot find module '../models/User.ts'\nRequire stack:\n- C:\\Users\\reinie94\\Desktop\\proyecto_node\\app\\controllers\\ControllerUser.js\n- C:\\Users\\reinie94\\Desktop\\proyecto_node\\app\\routes\\rutasAPI.js\n- C:\\Users\\reinie94\\Desktop\\proyecto_node\\app\\routes\\rutas.js\n- C:\\Users\\reinie94\\Desktop\\proyecto_node\\app\\server.js\n    at Function.Module._resolveFilename (internal/modules/cjs/loader.js:880:15)\n    at Function.Module._load (internal/modules/cjs/loader.js:725:27)\n    at Module.require (internal/modules/cjs/loader.js:952:19)\n    at require (internal/modules/cjs/helpers.js:88:18)\n    at Object.<anonymous> (C:\\Users\\reinie94\\Desktop\\proyecto_node\\app\\controllers\\ControllerUser.js:1:14)\n    at Module._compile (internal/modules/cjs/loader.js:1063:30)\n    at Object.Module._extensions..js (internal/modules/cjs/loader.js:1092:10)\n    at Module.load (internal/modules/cjs/loader.js:928:32)\n    at Function.Module._load (internal/modules/cjs/loader.js:769:14)\n    at Module.require (internal/modules/cjs/loader.js:952:19)","exception":true,"date":"Sat Feb 06 2021 19:51:25 GMT+0100 (hora estándar de Europa central)","process":{"pid":4668,"uid":null,"gid":null,"cwd":"C:\\Users\\reinie94\\Desktop\\proyecto_node","execPath":"C:\\Program Files\\nodejs\\node.exe","version":"v14.15.4","argv":["C:\\Program Files\\nodejs\\node.exe","C:\\Users\\reinie94\\Desktop\\proyecto_node\\app\\server.js"],"memoryUsage":{"rss":33837056,"heapTotal":16584704,"heapUsed":10112392,"external":1517317,"arrayBuffers":207619}},"os":{"loadavg":[0,0,0],"uptime":185372},"trace":[{"column":15,"file":"internal/modules/cjs/loader.js","function":"Module._resolveFilename","line":880,"method":"_resolveFilename","native":false},{"column":27,"file":"internal/modules/cjs/loader.js","function":"Module._load","line":725,"method":"_load","native":false},{"column":19,"file":"internal/modules/cjs/loader.js","function":"Module.require","line":952,"method":"require","native":false},{"column":18,"file":"internal/modules/cjs/helpers.js","function":"require","line":88,"method":null,"native":false},{"column":14,"file":"C:\\Users\\reinie94\\Desktop\\proyecto_node\\app\\controllers\\ControllerUser.js","function":null,"line":1,"method":null,"native":false},{"column":30,"file":"internal/modules/cjs/loader.js","function":"Module._compile","line":1063,"method":"_compile","native":false},{"column":10,"file":"internal/modules/cjs/loader.js","function":"Module._extensions..js","line":1092,"method":".js","native":false},{"column":32,"file":"internal/modules/cjs/loader.js","function":"Module.load","line":928,"method":"load","native":false},{"column":14,"file":"internal/modules/cjs/loader.js","function":"Module._load","line":769,"method":"_load","native":false},{"column":19,"file":"internal/modules/cjs/loader.js","function":"Module.require","line":952,"method":"require","native":false}]}
error: 1871d1bf-93cd-4abf-a821-cb1415fd65ca -> ::1 "POST /app/api/v1/user" [2021-02-06T21:54:48.675Z] 500 UserModel is not defined
error: 9429a190-403c-4ef9-bcf5-2c8055a3f504 -> ::1 "POST /app/api/v1/user" [2021-02-06T21:55:27.964Z] 500 User.create is not a function
error: uncaughtException: Cannot find module 'C:\Users\reinie94\Desktop\proyecto_node\app\models/../config/config.json'
Require stack:
- C:\Users\reinie94\Desktop\proyecto_node\app\models\index.js
- C:\Users\reinie94\Desktop\proyecto_node\app\controllers\ControllerUser.js
- C:\Users\reinie94\Desktop\proyecto_node\app\routes\rutasAPI.js
- C:\Users\reinie94\Desktop\proyecto_node\app\routes\rutas.js
- C:\Users\reinie94\Desktop\proyecto_node\app\server.js
Error: Cannot find module 'C:\Users\reinie94\Desktop\proyecto_node\app\models/../config/config.json'
Require stack:
- C:\Users\reinie94\Desktop\proyecto_node\app\models\index.js
- C:\Users\reinie94\Desktop\proyecto_node\app\controllers\ControllerUser.js
- C:\Users\reinie94\Desktop\proyecto_node\app\routes\rutasAPI.js
- C:\Users\reinie94\Desktop\proyecto_node\app\routes\rutas.js
- C:\Users\reinie94\Desktop\proyecto_node\app\server.js
    at Function.Module._resolveFilename (internal/modules/cjs/loader.js:880:15)
    at Function.Module._load (internal/modules/cjs/loader.js:725:27)
    at Module.require (internal/modules/cjs/loader.js:952:19)
    at require (internal/modules/cjs/helpers.js:88:18)
    at Object.<anonymous> (C:\Users\reinie94\Desktop\proyecto_node\app\models\index.js:8:16)
    at Module._compile (internal/modules/cjs/loader.js:1063:30)
    at Object.Module._extensions..js (internal/modules/cjs/loader.js:1092:10)
    at Module.load (internal/modules/cjs/loader.js:928:32)
    at Function.Module._load (internal/modules/cjs/loader.js:769:14)
    at Module.require (internal/modules/cjs/loader.js:952:19) {"error":{"code":"MODULE_NOT_FOUND","requireStack":["C:\\Users\\reinie94\\Desktop\\proyecto_node\\app\\models\\index.js","C:\\Users\\reinie94\\Desktop\\proyecto_node\\app\\controllers\\ControllerUser.js","C:\\Users\\reinie94\\Desktop\\proyecto_node\\app\\routes\\rutasAPI.js","C:\\Users\\reinie94\\Desktop\\proyecto_node\\app\\routes\\rutas.js","C:\\Users\\reinie94\\Desktop\\proyecto_node\\app\\server.js"]},"stack":"Error: Cannot find module 'C:\\Users\\reinie94\\Desktop\\proyecto_node\\app\\models/../config/config.json'\nRequire stack:\n- C:\\Users\\reinie94\\Desktop\\proyecto_node\\app\\models\\index.js\n- C:\\Users\\reinie94\\Desktop\\proyecto_node\\app\\controllers\\ControllerUser.js\n- C:\\Users\\reinie94\\Desktop\\proyecto_node\\app\\routes\\rutasAPI.js\n- C:\\Users\\reinie94\\Desktop\\proyecto_node\\app\\routes\\rutas.js\n- C:\\Users\\reinie94\\Desktop\\proyecto_node\\app\\server.js\n    at Function.Module._resolveFilename (internal/modules/cjs/loader.js:880:15)\n    at Function.Module._load (internal/modules/cjs/loader.js:725:27)\n    at Module.require (internal/modules/cjs/loader.js:952:19)\n    at require (internal/modules/cjs/helpers.js:88:18)\n    at Object.<anonymous> (C:\\Users\\reinie94\\Desktop\\proyecto_node\\app\\models\\index.js:8:16)\n    at Module._compile (internal/modules/cjs/loader.js:1063:30)\n    at Object.Module._extensions..js (internal/modules/cjs/loader.js:1092:10)\n    at Module.load (internal/modules/cjs/loader.js:928:32)\n    at Function.Module._load (internal/modules/cjs/loader.js:769:14)\n    at Module.require (internal/modules/cjs/loader.js:952:19)","exception":true,"date":"Sat Feb 06 2021 23:21:39 GMT+0100 (hora estándar de Europa central)","process":{"pid":5696,"uid":null,"gid":null,"cwd":"C:\\Users\\reinie94\\Desktop\\proyecto_node","execPath":"C:\\Program Files\\nodejs\\node.exe","version":"v14.15.4","argv":["C:\\Program Files\\nodejs\\node.exe","C:\\Users\\reinie94\\Desktop\\proyecto_node\\app\\server.js"],"memoryUsage":{"rss":47759360,"heapTotal":31399936,"heapUsed":18575560,"external":1685594,"arrayBuffers":242990}},"os":{"loadavg":[0,0,0],"uptime":197987},"trace":[{"column":15,"file":"internal/modules/cjs/loader.js","function":"Module._resolveFilename","line":880,"method":"_resolveFilename","native":false},{"column":27,"file":"internal/modules/cjs/loader.js","function":"Module._load","line":725,"method":"_load","native":false},{"column":19,"file":"internal/modules/cjs/loader.js","function":"Module.require","line":952,"method":"require","native":false},{"column":18,"file":"internal/modules/cjs/helpers.js","function":"require","line":88,"method":null,"native":false},{"column":16,"file":"C:\\Users\\reinie94\\Desktop\\proyecto_node\\app\\models\\index.js","function":null,"line":8,"method":null,"native":false},{"column":30,"file":"internal/modules/cjs/loader.js","function":"Module._compile","line":1063,"method":"_compile","native":false},{"column":10,"file":"internal/modules/cjs/loader.js","function":"Module._extensions..js","line":1092,"method":".js","native":false},{"column":32,"file":"internal/modules/cjs/loader.js","function":"Module.load","line":928,"method":"load","native":false},{"column":14,"file":"internal/modules/cjs/loader.js","function":"Module._load","line":769,"method":"_load","native":false},{"column":19,"file":"internal/modules/cjs/loader.js","function":"Module.require","line":952,"method":"require","native":false}]}
error: uncaughtException: require(...) is not a function
TypeError: require(...) is not a function
    at C:\Users\reinie94\Desktop\proyecto_node\app\models\index.js:25:54
    at Array.forEach (<anonymous>)
    at Object.<anonymous> (C:\Users\reinie94\Desktop\proyecto_node\app\models\index.js:24:4)
    at Module._compile (internal/modules/cjs/loader.js:1063:30)
    at Object.Module._extensions..js (internal/modules/cjs/loader.js:1092:10)
    at Module.load (internal/modules/cjs/loader.js:928:32)
    at Function.Module._load (internal/modules/cjs/loader.js:769:14)
    at Module.require (internal/modules/cjs/loader.js:952:19)
    at require (internal/modules/cjs/helpers.js:88:18)
    at Object.<anonymous> (C:\Users\reinie94\Desktop\proyecto_node\app\controllers\ControllerUser.js:7:12) {"error":{},"stack":"TypeError: require(...) is not a function\n    at C:\\Users\\reinie94\\Desktop\\proyecto_node\\app\\models\\index.js:25:54\n    at Array.forEach (<anonymous>)\n    at Object.<anonymous> (C:\\Users\\reinie94\\Desktop\\proyecto_node\\app\\models\\index.js:24:4)\n    at Module._compile (internal/modules/cjs/loader.js:1063:30)\n    at Object.Module._extensions..js (internal/modules/cjs/loader.js:1092:10)\n    at Module.load (internal/modules/cjs/loader.js:928:32)\n    at Function.Module._load (internal/modules/cjs/loader.js:769:14)\n    at Module.require (internal/modules/cjs/loader.js:952:19)\n    at require (internal/modules/cjs/helpers.js:88:18)\n    at Object.<anonymous> (C:\\Users\\reinie94\\Desktop\\proyecto_node\\app\\controllers\\ControllerUser.js:7:12)","exception":true,"date":"Sat Feb 06 2021 23:24:36 GMT+0100 (hora estándar de Europa central)","process":{"pid":6472,"uid":null,"gid":null,"cwd":"C:\\Users\\reinie94\\Desktop\\proyecto_node","execPath":"C:\\Program Files\\nodejs\\node.exe","version":"v14.15.4","argv":["C:\\Program Files\\nodejs\\node.exe","C:\\Users\\reinie94\\Desktop\\proyecto_node\\app\\server.js"],"memoryUsage":{"rss":51175424,"heapTotal":32309248,"heapUsed":18725640,"external":2132945,"arrayBuffers":616814}},"os":{"loadavg":[0,0,0],"uptime":198163},"trace":[{"column":54,"file":"C:\\Users\\reinie94\\Desktop\\proyecto_node\\app\\models\\index.js","function":null,"line":25,"method":null,"native":false},{"column":null,"file":null,"function":"Array.forEach","line":null,"method":"forEach","native":false},{"column":4,"file":"C:\\Users\\reinie94\\Desktop\\proyecto_node\\app\\models\\index.js","function":null,"line":24,"method":null,"native":false},{"column":30,"file":"internal/modules/cjs/loader.js","function":"Module._compile","line":1063,"method":"_compile","native":false},{"column":10,"file":"internal/modules/cjs/loader.js","function":"Module._extensions..js","line":1092,"method":".js","native":false},{"column":32,"file":"internal/modules/cjs/loader.js","function":"Module.load","line":928,"method":"load","native":false},{"column":14,"file":"internal/modules/cjs/loader.js","function":"Module._load","line":769,"method":"_load","native":false},{"column":19,"file":"internal/modules/cjs/loader.js","function":"Module.require","line":952,"method":"require","native":false},{"column":18,"file":"internal/modules/cjs/helpers.js","function":"require","line":88,"method":null,"native":false},{"column":12,"file":"C:\\Users\\reinie94\\Desktop\\proyecto_node\\app\\controllers\\ControllerUser.js","function":null,"line":7,"method":null,"native":false}]}
error: uncaughtException: require(...) is not a function
TypeError: require(...) is not a function
    at C:\Users\reinie94\Desktop\proyecto_node\app\models\index.js:25:54
    at Array.forEach (<anonymous>)
    at Object.<anonymous> (C:\Users\reinie94\Desktop\proyecto_node\app\models\index.js:24:4)
    at Module._compile (internal/modules/cjs/loader.js:1063:30)
    at Object.Module._extensions..js (internal/modules/cjs/loader.js:1092:10)
    at Module.load (internal/modules/cjs/loader.js:928:32)
    at Function.Module._load (internal/modules/cjs/loader.js:769:14)
    at Module.require (internal/modules/cjs/loader.js:952:19)
    at require (internal/modules/cjs/helpers.js:88:18)
    at Object.<anonymous> (C:\Users\reinie94\Desktop\proyecto_node\app\controllers\ControllerUser.js:7:12) {"error":{},"stack":"TypeError: require(...) is not a function\n    at C:\\Users\\reinie94\\Desktop\\proyecto_node\\app\\models\\index.js:25:54\n    at Array.forEach (<anonymous>)\n    at Object.<anonymous> (C:\\Users\\reinie94\\Desktop\\proyecto_node\\app\\models\\index.js:24:4)\n    at Module._compile (internal/modules/cjs/loader.js:1063:30)\n    at Object.Module._extensions..js (internal/modules/cjs/loader.js:1092:10)\n    at Module.load (internal/modules/cjs/loader.js:928:32)\n    at Function.Module._load (internal/modules/cjs/loader.js:769:14)\n    at Module.require (internal/modules/cjs/loader.js:952:19)\n    at require (internal/modules/cjs/helpers.js:88:18)\n    at Object.<anonymous> (C:\\Users\\reinie94\\Desktop\\proyecto_node\\app\\controllers\\ControllerUser.js:7:12)","exception":true,"date":"Sat Feb 06 2021 23:25:18 GMT+0100 (hora estándar de Europa central)","process":{"pid":7652,"uid":null,"gid":null,"cwd":"C:\\Users\\reinie94\\Desktop\\proyecto_node","execPath":"C:\\Program Files\\nodejs\\node.exe","version":"v14.15.4","argv":["C:\\Program Files\\nodejs\\node.exe","C:\\Users\\reinie94\\Desktop\\proyecto_node\\app\\server.js"],"memoryUsage":{"rss":50601984,"heapTotal":31522816,"heapUsed":18889368,"external":2141356,"arrayBuffers":625225}},"os":{"loadavg":[0,0,0],"uptime":198206},"trace":[{"column":54,"file":"C:\\Users\\reinie94\\Desktop\\proyecto_node\\app\\models\\index.js","function":null,"line":25,"method":null,"native":false},{"column":null,"file":null,"function":"Array.forEach","line":null,"method":"forEach","native":false},{"column":4,"file":"C:\\Users\\reinie94\\Desktop\\proyecto_node\\app\\models\\index.js","function":null,"line":24,"method":null,"native":false},{"column":30,"file":"internal/modules/cjs/loader.js","function":"Module._compile","line":1063,"method":"_compile","native":false},{"column":10,"file":"internal/modules/cjs/loader.js","function":"Module._extensions..js","line":1092,"method":".js","native":false},{"column":32,"file":"internal/modules/cjs/loader.js","function":"Module.load","line":928,"method":"load","native":false},{"column":14,"file":"internal/modules/cjs/loader.js","function":"Module._load","line":769,"method":"_load","native":false},{"column":19,"file":"internal/modules/cjs/loader.js","function":"Module.require","line":952,"method":"require","native":false},{"column":18,"file":"internal/modules/cjs/helpers.js","function":"require","line":88,"method":null,"native":false},{"column":12,"file":"C:\\Users\\reinie94\\Desktop\\proyecto_node\\app\\controllers\\ControllerUser.js","function":null,"line":7,"method":null,"native":false}]}
error: uncaughtException: config is not defined
ReferenceError: config is not defined
    at Object.<anonymous> (C:\Users\reinie94\Desktop\proyecto_node\app\models\index.js:13:1)
    at Module._compile (internal/modules/cjs/loader.js:1063:30)
    at Object.Module._extensions..js (internal/modules/cjs/loader.js:1092:10)
    at Module.load (internal/modules/cjs/loader.js:928:32)
    at Function.Module._load (internal/modules/cjs/loader.js:769:14)
    at Module.require (internal/modules/cjs/loader.js:952:19)
    at require (internal/modules/cjs/helpers.js:88:18)
    at Object.<anonymous> (C:\Users\reinie94\Desktop\proyecto_node\app\controllers\ControllerUser.js:7:12)
    at Module._compile (internal/modules/cjs/loader.js:1063:30)
    at Object.Module._extensions..js (internal/modules/cjs/loader.js:1092:10) {"error":{},"stack":"ReferenceError: config is not defined\n    at Object.<anonymous> (C:\\Users\\reinie94\\Desktop\\proyecto_node\\app\\models\\index.js:13:1)\n    at Module._compile (internal/modules/cjs/loader.js:1063:30)\n    at Object.Module._extensions..js (internal/modules/cjs/loader.js:1092:10)\n    at Module.load (internal/modules/cjs/loader.js:928:32)\n    at Function.Module._load (internal/modules/cjs/loader.js:769:14)\n    at Module.require (internal/modules/cjs/loader.js:952:19)\n    at require (internal/modules/cjs/helpers.js:88:18)\n    at Object.<anonymous> (C:\\Users\\reinie94\\Desktop\\proyecto_node\\app\\controllers\\ControllerUser.js:7:12)\n    at Module._compile (internal/modules/cjs/loader.js:1063:30)\n    at Object.Module._extensions..js (internal/modules/cjs/loader.js:1092:10)","exception":true,"date":"Sat Feb 06 2021 23:26:11 GMT+0100 (hora estándar de Europa central)","process":{"pid":552,"uid":null,"gid":null,"cwd":"C:\\Users\\reinie94\\Desktop\\proyecto_node","execPath":"C:\\Program Files\\nodejs\\node.exe","version":"v14.15.4","argv":["C:\\Program Files\\nodejs\\node.exe","C:\\Users\\reinie94\\Desktop\\proyecto_node\\app\\server.js"],"memoryUsage":{"rss":47554560,"heapTotal":31137792,"heapUsed":18489784,"external":1685594,"arrayBuffers":242990}},"os":{"loadavg":[0,0,0],"uptime":198258},"trace":[{"column":1,"file":"C:\\Users\\reinie94\\Desktop\\proyecto_node\\app\\models\\index.js","function":null,"line":13,"method":null,"native":false},{"column":30,"file":"internal/modules/cjs/loader.js","function":"Module._compile","line":1063,"method":"_compile","native":false},{"column":10,"file":"internal/modules/cjs/loader.js","function":"Module._extensions..js","line":1092,"method":".js","native":false},{"column":32,"file":"internal/modules/cjs/loader.js","function":"Module.load","line":928,"method":"load","native":false},{"column":14,"file":"internal/modules/cjs/loader.js","function":"Module._load","line":769,"method":"_load","native":false},{"column":19,"file":"internal/modules/cjs/loader.js","function":"Module.require","line":952,"method":"require","native":false},{"column":18,"file":"internal/modules/cjs/helpers.js","function":"require","line":88,"method":null,"native":false},{"column":12,"file":"C:\\Users\\reinie94\\Desktop\\proyecto_node\\app\\controllers\\ControllerUser.js","function":null,"line":7,"method":null,"native":false},{"column":30,"file":"internal/modules/cjs/loader.js","function":"Module._compile","line":1063,"method":"_compile","native":false},{"column":10,"file":"internal/modules/cjs/loader.js","function":"Module._extensions..js","line":1092,"method":".js","native":false}]}
error: uncaughtException: require(...) is not a function
TypeError: require(...) is not a function
    at C:\Users\reinie94\Desktop\proyecto_node\app\models\index.js:25:54
    at Array.forEach (<anonymous>)
    at Object.<anonymous> (C:\Users\reinie94\Desktop\proyecto_node\app\models\index.js:24:4)
    at Module._compile (internal/modules/cjs/loader.js:1063:30)
    at Object.Module._extensions..js (internal/modules/cjs/loader.js:1092:10)
    at Module.load (internal/modules/cjs/loader.js:928:32)
    at Function.Module._load (internal/modules/cjs/loader.js:769:14)
    at Module.require (internal/modules/cjs/loader.js:952:19)
    at require (internal/modules/cjs/helpers.js:88:18)
    at Object.<anonymous> (C:\Users\reinie94\Desktop\proyecto_node\app\controllers\ControllerUser.js:7:12) {"error":{},"stack":"TypeError: require(...) is not a function\n    at C:\\Users\\reinie94\\Desktop\\proyecto_node\\app\\models\\index.js:25:54\n    at Array.forEach (<anonymous>)\n    at Object.<anonymous> (C:\\Users\\reinie94\\Desktop\\proyecto_node\\app\\models\\index.js:24:4)\n    at Module._compile (internal/modules/cjs/loader.js:1063:30)\n    at Object.Module._extensions..js (internal/modules/cjs/loader.js:1092:10)\n    at Module.load (internal/modules/cjs/loader.js:928:32)\n    at Function.Module._load (internal/modules/cjs/loader.js:769:14)\n    at Module.require (internal/modules/cjs/loader.js:952:19)\n    at require (internal/modules/cjs/helpers.js:88:18)\n    at Object.<anonymous> (C:\\Users\\reinie94\\Desktop\\proyecto_node\\app\\controllers\\ControllerUser.js:7:12)","exception":true,"date":"Sat Feb 06 2021 23:26:24 GMT+0100 (hora estándar de Europa central)","process":{"pid":5664,"uid":null,"gid":null,"cwd":"C:\\Users\\reinie94\\Desktop\\proyecto_node","execPath":"C:\\Program Files\\nodejs\\node.exe","version":"v14.15.4","argv":["C:\\Program Files\\nodejs\\node.exe","C:\\Users\\reinie94\\Desktop\\proyecto_node\\app\\server.js"],"memoryUsage":{"rss":50753536,"heapTotal":32047104,"heapUsed":18751120,"external":2132945,"arrayBuffers":616814}},"os":{"loadavg":[0,0,0],"uptime":198272},"trace":[{"column":54,"file":"C:\\Users\\reinie94\\Desktop\\proyecto_node\\app\\models\\index.js","function":null,"line":25,"method":null,"native":false},{"column":null,"file":null,"function":"Array.forEach","line":null,"method":"forEach","native":false},{"column":4,"file":"C:\\Users\\reinie94\\Desktop\\proyecto_node\\app\\models\\index.js","function":null,"line":24,"method":null,"native":false},{"column":30,"file":"internal/modules/cjs/loader.js","function":"Module._compile","line":1063,"method":"_compile","native":false},{"column":10,"file":"internal/modules/cjs/loader.js","function":"Module._extensions..js","line":1092,"method":".js","native":false},{"column":32,"file":"internal/modules/cjs/loader.js","function":"Module.load","line":928,"method":"load","native":false},{"column":14,"file":"internal/modules/cjs/loader.js","function":"Module._load","line":769,"method":"_load","native":false},{"column":19,"file":"internal/modules/cjs/loader.js","function":"Module.require","line":952,"method":"require","native":false},{"column":18,"file":"internal/modules/cjs/helpers.js","function":"require","line":88,"method":null,"native":false},{"column":12,"file":"C:\\Users\\reinie94\\Desktop\\proyecto_node\\app\\controllers\\ControllerUser.js","function":null,"line":7,"method":null,"native":false}]}
error: uncaughtException: require(...) is not a function
TypeError: require(...) is not a function
    at C:\Users\reinie94\Desktop\proyecto_node\app\models\index.js:25:54
    at Array.forEach (<anonymous>)
    at Object.<anonymous> (C:\Users\reinie94\Desktop\proyecto_node\app\models\index.js:24:4)
    at Module._compile (internal/modules/cjs/loader.js:1063:30)
    at Object.Module._extensions..js (internal/modules/cjs/loader.js:1092:10)
    at Module.load (internal/modules/cjs/loader.js:928:32)
    at Function.Module._load (internal/modules/cjs/loader.js:769:14)
    at Module.require (internal/modules/cjs/loader.js:952:19)
    at require (internal/modules/cjs/helpers.js:88:18)
    at Object.<anonymous> (C:\Users\reinie94\Desktop\proyecto_node\app\controllers\ControllerUser.js:7:12) {"error":{},"stack":"TypeError: require(...) is not a function\n    at C:\\Users\\reinie94\\Desktop\\proyecto_node\\app\\models\\index.js:25:54\n    at Array.forEach (<anonymous>)\n    at Object.<anonymous> (C:\\Users\\reinie94\\Desktop\\proyecto_node\\app\\models\\index.js:24:4)\n    at Module._compile (internal/modules/cjs/loader.js:1063:30)\n    at Object.Module._extensions..js (internal/modules/cjs/loader.js:1092:10)\n    at Module.load (internal/modules/cjs/loader.js:928:32)\n    at Function.Module._load (internal/modules/cjs/loader.js:769:14)\n    at Module.require (internal/modules/cjs/loader.js:952:19)\n    at require (internal/modules/cjs/helpers.js:88:18)\n    at Object.<anonymous> (C:\\Users\\reinie94\\Desktop\\proyecto_node\\app\\controllers\\ControllerUser.js:7:12)","exception":true,"date":"Sat Feb 06 2021 23:27:49 GMT+0100 (hora estándar de Europa central)","process":{"pid":4192,"uid":null,"gid":null,"cwd":"C:\\Users\\reinie94\\Desktop\\proyecto_node","execPath":"C:\\Program Files\\nodejs\\node.exe","version":"v14.15.4","argv":["C:\\Program Files\\nodejs\\node.exe","C:\\Users\\reinie94\\Desktop\\proyecto_node\\app\\server.js"],"memoryUsage":{"rss":51163136,"heapTotal":32047104,"heapUsed":18750520,"external":2132945,"arrayBuffers":616814}},"os":{"loadavg":[0,0,0],"uptime":198357},"trace":[{"column":54,"file":"C:\\Users\\reinie94\\Desktop\\proyecto_node\\app\\models\\index.js","function":null,"line":25,"method":null,"native":false},{"column":null,"file":null,"function":"Array.forEach","line":null,"method":"forEach","native":false},{"column":4,"file":"C:\\Users\\reinie94\\Desktop\\proyecto_node\\app\\models\\index.js","function":null,"line":24,"method":null,"native":false},{"column":30,"file":"internal/modules/cjs/loader.js","function":"Module._compile","line":1063,"method":"_compile","native":false},{"column":10,"file":"internal/modules/cjs/loader.js","function":"Module._extensions..js","line":1092,"method":".js","native":false},{"column":32,"file":"internal/modules/cjs/loader.js","function":"Module.load","line":928,"method":"load","native":false},{"column":14,"file":"internal/modules/cjs/loader.js","function":"Module._load","line":769,"method":"_load","native":false},{"column":19,"file":"internal/modules/cjs/loader.js","function":"Module.require","line":952,"method":"require","native":false},{"column":18,"file":"internal/modules/cjs/helpers.js","function":"require","line":88,"method":null,"native":false},{"column":12,"file":"C:\\Users\\reinie94\\Desktop\\proyecto_node\\app\\controllers\\ControllerUser.js","function":null,"line":7,"method":null,"native":false}]}
error: uncaughtException: require(...) is not a function
TypeError: require(...) is not a function
    at C:\Users\reinie94\Desktop\proyecto_node\app\models\index.js:25:54
    at Array.forEach (<anonymous>)
    at Object.<anonymous> (C:\Users\reinie94\Desktop\proyecto_node\app\models\index.js:24:4)
    at Module._compile (internal/modules/cjs/loader.js:1063:30)
    at Object.Module._extensions..js (internal/modules/cjs/loader.js:1092:10)
    at Module.load (internal/modules/cjs/loader.js:928:32)
    at Function.Module._load (internal/modules/cjs/loader.js:769:14)
    at Module.require (internal/modules/cjs/loader.js:952:19)
    at require (internal/modules/cjs/helpers.js:88:18)
    at Object.<anonymous> (C:\Users\reinie94\Desktop\proyecto_node\app\controllers\ControllerUser.js:7:12) {"error":{},"stack":"TypeError: require(...) is not a function\n    at C:\\Users\\reinie94\\Desktop\\proyecto_node\\app\\models\\index.js:25:54\n    at Array.forEach (<anonymous>)\n    at Object.<anonymous> (C:\\Users\\reinie94\\Desktop\\proyecto_node\\app\\models\\index.js:24:4)\n    at Module._compile (internal/modules/cjs/loader.js:1063:30)\n    at Object.Module._extensions..js (internal/modules/cjs/loader.js:1092:10)\n    at Module.load (internal/modules/cjs/loader.js:928:32)\n    at Function.Module._load (internal/modules/cjs/loader.js:769:14)\n    at Module.require (internal/modules/cjs/loader.js:952:19)\n    at require (internal/modules/cjs/helpers.js:88:18)\n    at Object.<anonymous> (C:\\Users\\reinie94\\Desktop\\proyecto_node\\app\\controllers\\ControllerUser.js:7:12)","exception":true,"date":"Sat Feb 06 2021 23:29:59 GMT+0100 (hora estándar de Europa central)","process":{"pid":7016,"uid":null,"gid":null,"cwd":"C:\\Users\\reinie94\\Desktop\\proyecto_node","execPath":"C:\\Program Files\\nodejs\\node.exe","version":"v14.15.4","argv":["C:\\Program Files\\nodejs\\node.exe","C:\\Users\\reinie94\\Desktop\\proyecto_node\\app\\server.js"],"memoryUsage":{"rss":50921472,"heapTotal":32047104,"heapUsed":18650072,"external":2132945,"arrayBuffers":616814}},"os":{"loadavg":[0,0,0],"uptime":198487},"trace":[{"column":54,"file":"C:\\Users\\reinie94\\Desktop\\proyecto_node\\app\\models\\index.js","function":null,"line":25,"method":null,"native":false},{"column":null,"file":null,"function":"Array.forEach","line":null,"method":"forEach","native":false},{"column":4,"file":"C:\\Users\\reinie94\\Desktop\\proyecto_node\\app\\models\\index.js","function":null,"line":24,"method":null,"native":false},{"column":30,"file":"internal/modules/cjs/loader.js","function":"Module._compile","line":1063,"method":"_compile","native":false},{"column":10,"file":"internal/modules/cjs/loader.js","function":"Module._extensions..js","line":1092,"method":".js","native":false},{"column":32,"file":"internal/modules/cjs/loader.js","function":"Module.load","line":928,"method":"load","native":false},{"column":14,"file":"internal/modules/cjs/loader.js","function":"Module._load","line":769,"method":"_load","native":false},{"column":19,"file":"internal/modules/cjs/loader.js","function":"Module.require","line":952,"method":"require","native":false},{"column":18,"file":"internal/modules/cjs/helpers.js","function":"require","line":88,"method":null,"native":false},{"column":12,"file":"C:\\Users\\reinie94\\Desktop\\proyecto_node\\app\\controllers\\ControllerUser.js","function":null,"line":7,"method":null,"native":false}]}
error: uncaughtException: require(...) is not a function
TypeError: require(...) is not a function
    at C:\Users\reinie94\Desktop\proyecto_node\app\models\index.js:25:54
    at Array.forEach (<anonymous>)
    at Object.<anonymous> (C:\Users\reinie94\Desktop\proyecto_node\app\models\index.js:24:4)
    at Module._compile (internal/modules/cjs/loader.js:1063:30)
    at Object.Module._extensions..js (internal/modules/cjs/loader.js:1092:10)
    at Module.load (internal/modules/cjs/loader.js:928:32)
    at Function.Module._load (internal/modules/cjs/loader.js:769:14)
    at Module.require (internal/modules/cjs/loader.js:952:19)
    at require (internal/modules/cjs/helpers.js:88:18)
    at Object.<anonymous> (C:\Users\reinie94\Desktop\proyecto_node\app\controllers\ControllerUser.js:7:12) {"error":{},"stack":"TypeError: require(...) is not a function\n    at C:\\Users\\reinie94\\Desktop\\proyecto_node\\app\\models\\index.js:25:54\n    at Array.forEach (<anonymous>)\n    at Object.<anonymous> (C:\\Users\\reinie94\\Desktop\\proyecto_node\\app\\models\\index.js:24:4)\n    at Module._compile (internal/modules/cjs/loader.js:1063:30)\n    at Object.Module._extensions..js (internal/modules/cjs/loader.js:1092:10)\n    at Module.load (internal/modules/cjs/loader.js:928:32)\n    at Function.Module._load (internal/modules/cjs/loader.js:769:14)\n    at Module.require (internal/modules/cjs/loader.js:952:19)\n    at require (internal/modules/cjs/helpers.js:88:18)\n    at Object.<anonymous> (C:\\Users\\reinie94\\Desktop\\proyecto_node\\app\\controllers\\ControllerUser.js:7:12)","exception":true,"date":"Sat Feb 06 2021 23:31:08 GMT+0100 (hora estándar de Europa central)","process":{"pid":968,"uid":null,"gid":null,"cwd":"C:\\Users\\reinie94\\Desktop\\proyecto_node","execPath":"C:\\Program Files\\nodejs\\node.exe","version":"v14.15.4","argv":["C:\\Program Files\\nodejs\\node.exe","C:\\Users\\reinie94\\Desktop\\proyecto_node\\app\\server.js"],"memoryUsage":{"rss":50790400,"heapTotal":31784960,"heapUsed":19253488,"external":2171723,"arrayBuffers":655592}},"os":{"loadavg":[0,0,0],"uptime":198555},"trace":[{"column":54,"file":"C:\\Users\\reinie94\\Desktop\\proyecto_node\\app\\models\\index.js","function":null,"line":25,"method":null,"native":false},{"column":null,"file":null,"function":"Array.forEach","line":null,"method":"forEach","native":false},{"column":4,"file":"C:\\Users\\reinie94\\Desktop\\proyecto_node\\app\\models\\index.js","function":null,"line":24,"method":null,"native":false},{"column":30,"file":"internal/modules/cjs/loader.js","function":"Module._compile","line":1063,"method":"_compile","native":false},{"column":10,"file":"internal/modules/cjs/loader.js","function":"Module._extensions..js","line":1092,"method":".js","native":false},{"column":32,"file":"internal/modules/cjs/loader.js","function":"Module.load","line":928,"method":"load","native":false},{"column":14,"file":"internal/modules/cjs/loader.js","function":"Module._load","line":769,"method":"_load","native":false},{"column":19,"file":"internal/modules/cjs/loader.js","function":"Module.require","line":952,"method":"require","native":false},{"column":18,"file":"internal/modules/cjs/helpers.js","function":"require","line":88,"method":null,"native":false},{"column":12,"file":"C:\\Users\\reinie94\\Desktop\\proyecto_node\\app\\controllers\\ControllerUser.js","function":null,"line":7,"method":null,"native":false}]}
error: uncaughtException: A column called 'id' was added to the attributes of 'rests,' but not marked with 'primaryKey: true'
Error: A column called 'id' was added to the attributes of 'rests,' but not marked with 'primaryKey: true'
    at Function._addDefaultAttributes (C:\Users\reinie94\Desktop\proyecto_node\node_modules\sequelize\lib\model.js:228:15)
    at Function.init (C:\Users\reinie94\Desktop\proyecto_node\node_modules\sequelize\lib\model.js:1060:10)
    at module.exports (C:\Users\reinie94\Desktop\proyecto_node\app\models\Negocio.js:17:11)
    at C:\Users\reinie94\Desktop\proyecto_node\app\models\index.js:25:54
    at Array.forEach (<anonymous>)
    at Object.<anonymous> (C:\Users\reinie94\Desktop\proyecto_node\app\models\index.js:24:4)
    at Module._compile (internal/modules/cjs/loader.js:1063:30)
    at Object.Module._extensions..js (internal/modules/cjs/loader.js:1092:10)
    at Module.load (internal/modules/cjs/loader.js:928:32)
    at Function.Module._load (internal/modules/cjs/loader.js:769:14) {"error":{},"stack":"Error: A column called 'id' was added to the attributes of 'rests,' but not marked with 'primaryKey: true'\n    at Function._addDefaultAttributes (C:\\Users\\reinie94\\Desktop\\proyecto_node\\node_modules\\sequelize\\lib\\model.js:228:15)\n    at Function.init (C:\\Users\\reinie94\\Desktop\\proyecto_node\\node_modules\\sequelize\\lib\\model.js:1060:10)\n    at module.exports (C:\\Users\\reinie94\\Desktop\\proyecto_node\\app\\models\\Negocio.js:17:11)\n    at C:\\Users\\reinie94\\Desktop\\proyecto_node\\app\\models\\index.js:25:54\n    at Array.forEach (<anonymous>)\n    at Object.<anonymous> (C:\\Users\\reinie94\\Desktop\\proyecto_node\\app\\models\\index.js:24:4)\n    at Module._compile (internal/modules/cjs/loader.js:1063:30)\n    at Object.Module._extensions..js (internal/modules/cjs/loader.js:1092:10)\n    at Module.load (internal/modules/cjs/loader.js:928:32)\n    at Function.Module._load (internal/modules/cjs/loader.js:769:14)","exception":true,"date":"Sat Feb 06 2021 23:31:25 GMT+0100 (hora estándar de Europa central)","process":{"pid":1340,"uid":null,"gid":null,"cwd":"C:\\Users\\reinie94\\Desktop\\proyecto_node","execPath":"C:\\Program Files\\nodejs\\node.exe","version":"v14.15.4","argv":["C:\\Program Files\\nodejs\\node.exe","C:\\Users\\reinie94\\Desktop\\proyecto_node\\app\\server.js"],"memoryUsage":{"rss":51871744,"heapTotal":32309248,"heapUsed":18472760,"external":2079351,"arrayBuffers":563220}},"os":{"loadavg":[0,0,0],"uptime":198573},"trace":[{"column":15,"file":"C:\\Users\\reinie94\\Desktop\\proyecto_node\\node_modules\\sequelize\\lib\\model.js","function":"Function._addDefaultAttributes","line":228,"method":"_addDefaultAttributes","native":false},{"column":10,"file":"C:\\Users\\reinie94\\Desktop\\proyecto_node\\node_modules\\sequelize\\lib\\model.js","function":"Function.init","line":1060,"method":"init","native":false},{"column":11,"file":"C:\\Users\\reinie94\\Desktop\\proyecto_node\\app\\models\\Negocio.js","function":"module.exports","line":17,"method":"exports","native":false},{"column":54,"file":"C:\\Users\\reinie94\\Desktop\\proyecto_node\\app\\models\\index.js","function":null,"line":25,"method":null,"native":false},{"column":null,"file":null,"function":"Array.forEach","line":null,"method":"forEach","native":false},{"column":4,"file":"C:\\Users\\reinie94\\Desktop\\proyecto_node\\app\\models\\index.js","function":null,"line":24,"method":null,"native":false},{"column":30,"file":"internal/modules/cjs/loader.js","function":"Module._compile","line":1063,"method":"_compile","native":false},{"column":10,"file":"internal/modules/cjs/loader.js","function":"Module._extensions..js","line":1092,"method":".js","native":false},{"column":32,"file":"internal/modules/cjs/loader.js","function":"Module.load","line":928,"method":"load","native":false},{"column":14,"file":"internal/modules/cjs/loader.js","function":"Module._load","line":769,"method":"_load","native":false}]}
error: uncaughtException: A column called 'id' was added to the attributes of 'rests,' but not marked with 'primaryKey: true'
Error: A column called 'id' was added to the attributes of 'rests,' but not marked with 'primaryKey: true'
    at Function._addDefaultAttributes (C:\Users\reinie94\Desktop\proyecto_node\node_modules\sequelize\lib\model.js:228:15)
    at Function.init (C:\Users\reinie94\Desktop\proyecto_node\node_modules\sequelize\lib\model.js:1060:10)
    at module.exports (C:\Users\reinie94\Desktop\proyecto_node\app\models\Negocio.js:17:11)
    at C:\Users\reinie94\Desktop\proyecto_node\app\models\index.js:25:54
    at Array.forEach (<anonymous>)
    at Object.<anonymous> (C:\Users\reinie94\Desktop\proyecto_node\app\models\index.js:24:4)
    at Module._compile (internal/modules/cjs/loader.js:1063:30)
    at Object.Module._extensions..js (internal/modules/cjs/loader.js:1092:10)
    at Module.load (internal/modules/cjs/loader.js:928:32)
    at Function.Module._load (internal/modules/cjs/loader.js:769:14) {"error":{},"stack":"Error: A column called 'id' was added to the attributes of 'rests,' but not marked with 'primaryKey: true'\n    at Function._addDefaultAttributes (C:\\Users\\reinie94\\Desktop\\proyecto_node\\node_modules\\sequelize\\lib\\model.js:228:15)\n    at Function.init (C:\\Users\\reinie94\\Desktop\\proyecto_node\\node_modules\\sequelize\\lib\\model.js:1060:10)\n    at module.exports (C:\\Users\\reinie94\\Desktop\\proyecto_node\\app\\models\\Negocio.js:17:11)\n    at C:\\Users\\reinie94\\Desktop\\proyecto_node\\app\\models\\index.js:25:54\n    at Array.forEach (<anonymous>)\n    at Object.<anonymous> (C:\\Users\\reinie94\\Desktop\\proyecto_node\\app\\models\\index.js:24:4)\n    at Module._compile (internal/modules/cjs/loader.js:1063:30)\n    at Object.Module._extensions..js (internal/modules/cjs/loader.js:1092:10)\n    at Module.load (internal/modules/cjs/loader.js:928:32)\n    at Function.Module._load (internal/modules/cjs/loader.js:769:14)","exception":true,"date":"Sat Feb 06 2021 23:34:15 GMT+0100 (hora estándar de Europa central)","process":{"pid":7752,"uid":null,"gid":null,"cwd":"C:\\Users\\reinie94\\Desktop\\proyecto_node","execPath":"C:\\Program Files\\nodejs\\node.exe","version":"v14.15.4","argv":["C:\\Program Files\\nodejs\\node.exe","C:\\Users\\reinie94\\Desktop\\proyecto_node\\app\\server.js"],"memoryUsage":{"rss":51286016,"heapTotal":32047104,"heapUsed":19088976,"external":2124753,"arrayBuffers":608622}},"os":{"loadavg":[0,0,0],"uptime":198743},"trace":[{"column":15,"file":"C:\\Users\\reinie94\\Desktop\\proyecto_node\\node_modules\\sequelize\\lib\\model.js","function":"Function._addDefaultAttributes","line":228,"method":"_addDefaultAttributes","native":false},{"column":10,"file":"C:\\Users\\reinie94\\Desktop\\proyecto_node\\node_modules\\sequelize\\lib\\model.js","function":"Function.init","line":1060,"method":"init","native":false},{"column":11,"file":"C:\\Users\\reinie94\\Desktop\\proyecto_node\\app\\models\\Negocio.js","function":"module.exports","line":17,"method":"exports","native":false},{"column":54,"file":"C:\\Users\\reinie94\\Desktop\\proyecto_node\\app\\models\\index.js","function":null,"line":25,"method":null,"native":false},{"column":null,"file":null,"function":"Array.forEach","line":null,"method":"forEach","native":false},{"column":4,"file":"C:\\Users\\reinie94\\Desktop\\proyecto_node\\app\\models\\index.js","function":null,"line":24,"method":null,"native":false},{"column":30,"file":"internal/modules/cjs/loader.js","function":"Module._compile","line":1063,"method":"_compile","native":false},{"column":10,"file":"internal/modules/cjs/loader.js","function":"Module._extensions..js","line":1092,"method":".js","native":false},{"column":32,"file":"internal/modules/cjs/loader.js","function":"Module.load","line":928,"method":"load","native":false},{"column":14,"file":"internal/modules/cjs/loader.js","function":"Module._load","line":769,"method":"_load","native":false}]}
error: uncaughtException: Negocio is not defined
ReferenceError: Negocio is not defined
    at module.exports (C:\Users\reinie94\Desktop\proyecto_node\app\models\Producto.js:33:26)
    at C:\Users\reinie94\Desktop\proyecto_node\app\models\index.js:25:54
    at Array.forEach (<anonymous>)
    at Object.<anonymous> (C:\Users\reinie94\Desktop\proyecto_node\app\models\index.js:24:4)
    at Module._compile (internal/modules/cjs/loader.js:1063:30)
    at Object.Module._extensions..js (internal/modules/cjs/loader.js:1092:10)
    at Module.load (internal/modules/cjs/loader.js:928:32)
    at Function.Module._load (internal/modules/cjs/loader.js:769:14)
    at Module.require (internal/modules/cjs/loader.js:952:19)
    at require (internal/modules/cjs/helpers.js:88:18) {"error":{},"stack":"ReferenceError: Negocio is not defined\n    at module.exports (C:\\Users\\reinie94\\Desktop\\proyecto_node\\app\\models\\Producto.js:33:26)\n    at C:\\Users\\reinie94\\Desktop\\proyecto_node\\app\\models\\index.js:25:54\n    at Array.forEach (<anonymous>)\n    at Object.<anonymous> (C:\\Users\\reinie94\\Desktop\\proyecto_node\\app\\models\\index.js:24:4)\n    at Module._compile (internal/modules/cjs/loader.js:1063:30)\n    at Object.Module._extensions..js (internal/modules/cjs/loader.js:1092:10)\n    at Module.load (internal/modules/cjs/loader.js:928:32)\n    at Function.Module._load (internal/modules/cjs/loader.js:769:14)\n    at Module.require (internal/modules/cjs/loader.js:952:19)\n    at require (internal/modules/cjs/helpers.js:88:18)","exception":true,"date":"Sat Feb 06 2021 23:35:22 GMT+0100 (hora estándar de Europa central)","process":{"pid":2496,"uid":null,"gid":null,"cwd":"C:\\Users\\reinie94\\Desktop\\proyecto_node","execPath":"C:\\Program Files\\nodejs\\node.exe","version":"v14.15.4","argv":["C:\\Program Files\\nodejs\\node.exe","C:\\Users\\reinie94\\Desktop\\proyecto_node\\app\\server.js"],"memoryUsage":{"rss":50958336,"heapTotal":32047104,"heapUsed":19171352,"external":2124753,"arrayBuffers":608622}},"os":{"loadavg":[0,0,0],"uptime":198809},"trace":[{"column":26,"file":"C:\\Users\\reinie94\\Desktop\\proyecto_node\\app\\models\\Producto.js","function":"module.exports","line":33,"method":"exports","native":false},{"column":54,"file":"C:\\Users\\reinie94\\Desktop\\proyecto_node\\app\\models\\index.js","function":null,"line":25,"method":null,"native":false},{"column":null,"file":null,"function":"Array.forEach","line":null,"method":"forEach","native":false},{"column":4,"file":"C:\\Users\\reinie94\\Desktop\\proyecto_node\\app\\models\\index.js","function":null,"line":24,"method":null,"native":false},{"column":30,"file":"internal/modules/cjs/loader.js","function":"Module._compile","line":1063,"method":"_compile","native":false},{"column":10,"file":"internal/modules/cjs/loader.js","function":"Module._extensions..js","line":1092,"method":".js","native":false},{"column":32,"file":"internal/modules/cjs/loader.js","function":"Module.load","line":928,"method":"load","native":false},{"column":14,"file":"internal/modules/cjs/loader.js","function":"Module._load","line":769,"method":"_load","native":false},{"column":19,"file":"internal/modules/cjs/loader.js","function":"Module.require","line":952,"method":"require","native":false},{"column":18,"file":"internal/modules/cjs/helpers.js","function":"require","line":88,"method":null,"native":false}]}
error: uncaughtException: require(...) is not a function
TypeError: require(...) is not a function
    at C:\Users\reinie94\Desktop\proyecto_node\app\models\index.js:25:54
    at Array.forEach (<anonymous>)
    at Object.<anonymous> (C:\Users\reinie94\Desktop\proyecto_node\app\models\index.js:24:4)
    at Module._compile (internal/modules/cjs/loader.js:1063:30)
    at Object.Module._extensions..js (internal/modules/cjs/loader.js:1092:10)
    at Module.load (internal/modules/cjs/loader.js:928:32)
    at Function.Module._load (internal/modules/cjs/loader.js:769:14)
    at Module.require (internal/modules/cjs/loader.js:952:19)
    at require (internal/modules/cjs/helpers.js:88:18)
    at Object.<anonymous> (C:\Users\reinie94\Desktop\proyecto_node\app\controllers\ControllerUser.js:7:12) {"error":{},"stack":"TypeError: require(...) is not a function\n    at C:\\Users\\reinie94\\Desktop\\proyecto_node\\app\\models\\index.js:25:54\n    at Array.forEach (<anonymous>)\n    at Object.<anonymous> (C:\\Users\\reinie94\\Desktop\\proyecto_node\\app\\models\\index.js:24:4)\n    at Module._compile (internal/modules/cjs/loader.js:1063:30)\n    at Object.Module._extensions..js (internal/modules/cjs/loader.js:1092:10)\n    at Module.load (internal/modules/cjs/loader.js:928:32)\n    at Function.Module._load (internal/modules/cjs/loader.js:769:14)\n    at Module.require (internal/modules/cjs/loader.js:952:19)\n    at require (internal/modules/cjs/helpers.js:88:18)\n    at Object.<anonymous> (C:\\Users\\reinie94\\Desktop\\proyecto_node\\app\\controllers\\ControllerUser.js:7:12)","exception":true,"date":"Sat Feb 06 2021 23:36:41 GMT+0100 (hora estándar de Europa central)","process":{"pid":3876,"uid":null,"gid":null,"cwd":"C:\\Users\\reinie94\\Desktop\\proyecto_node","execPath":"C:\\Program Files\\nodejs\\node.exe","version":"v14.15.4","argv":["C:\\Program Files\\nodejs\\node.exe","C:\\Users\\reinie94\\Desktop\\proyecto_node\\app\\server.js"],"memoryUsage":{"rss":51200000,"heapTotal":32571392,"heapUsed":19170288,"external":2124753,"arrayBuffers":608622}},"os":{"loadavg":[0,0,0],"uptime":198888},"trace":[{"column":54,"file":"C:\\Users\\reinie94\\Desktop\\proyecto_node\\app\\models\\index.js","function":null,"line":25,"method":null,"native":false},{"column":null,"file":null,"function":"Array.forEach","line":null,"method":"forEach","native":false},{"column":4,"file":"C:\\Users\\reinie94\\Desktop\\proyecto_node\\app\\models\\index.js","function":null,"line":24,"method":null,"native":false},{"column":30,"file":"internal/modules/cjs/loader.js","function":"Module._compile","line":1063,"method":"_compile","native":false},{"column":10,"file":"internal/modules/cjs/loader.js","function":"Module._extensions..js","line":1092,"method":".js","native":false},{"column":32,"file":"internal/modules/cjs/loader.js","function":"Module.load","line":928,"method":"load","native":false},{"column":14,"file":"internal/modules/cjs/loader.js","function":"Module._load","line":769,"method":"_load","native":false},{"column":19,"file":"internal/modules/cjs/loader.js","function":"Module.require","line":952,"method":"require","native":false},{"column":18,"file":"internal/modules/cjs/helpers.js","function":"require","line":88,"method":null,"native":false},{"column":12,"file":"C:\\Users\\reinie94\\Desktop\\proyecto_node\\app\\controllers\\ControllerUser.js","function":null,"line":7,"method":null,"native":false}]}
error: uncaughtException: require(...) is not a function
TypeError: require(...) is not a function
    at C:\Users\reinie94\Desktop\proyecto_node\app\models\index.js:24:54
    at Array.forEach (<anonymous>)
    at Object.<anonymous> (C:\Users\reinie94\Desktop\proyecto_node\app\models\index.js:23:4)
    at Module._compile (internal/modules/cjs/loader.js:1063:30)
    at Object.Module._extensions..js (internal/modules/cjs/loader.js:1092:10)
    at Module.load (internal/modules/cjs/loader.js:928:32)
    at Function.Module._load (internal/modules/cjs/loader.js:769:14)
    at Module.require (internal/modules/cjs/loader.js:952:19)
    at require (internal/modules/cjs/helpers.js:88:18)
    at Object.<anonymous> (C:\Users\reinie94\Desktop\proyecto_node\app\controllers\ControllerUser.js:7:12) {"error":{},"stack":"TypeError: require(...) is not a function\n    at C:\\Users\\reinie94\\Desktop\\proyecto_node\\app\\models\\index.js:24:54\n    at Array.forEach (<anonymous>)\n    at Object.<anonymous> (C:\\Users\\reinie94\\Desktop\\proyecto_node\\app\\models\\index.js:23:4)\n    at Module._compile (internal/modules/cjs/loader.js:1063:30)\n    at Object.Module._extensions..js (internal/modules/cjs/loader.js:1092:10)\n    at Module.load (internal/modules/cjs/loader.js:928:32)\n    at Function.Module._load (internal/modules/cjs/loader.js:769:14)\n    at Module.require (internal/modules/cjs/loader.js:952:19)\n    at require (internal/modules/cjs/helpers.js:88:18)\n    at Object.<anonymous> (C:\\Users\\reinie94\\Desktop\\proyecto_node\\app\\controllers\\ControllerUser.js:7:12)","exception":true,"date":"Sun Feb 07 2021 00:07:10 GMT+0100 (hora estándar de Europa central)","process":{"pid":1540,"uid":null,"gid":null,"cwd":"C:\\Users\\reinie94\\Desktop\\proyecto_node","execPath":"C:\\Program Files\\nodejs\\node.exe","version":"v14.15.4","argv":["C:\\Program Files\\nodejs\\node.exe","C:\\Users\\reinie94\\Desktop\\proyecto_node\\app\\server.js"],"memoryUsage":{"rss":50868224,"heapTotal":31522816,"heapUsed":19169712,"external":2133164,"arrayBuffers":617033}},"os":{"loadavg":[0,0,0],"uptime":200718},"trace":[{"column":54,"file":"C:\\Users\\reinie94\\Desktop\\proyecto_node\\app\\models\\index.js","function":null,"line":24,"method":null,"native":false},{"column":null,"file":null,"function":"Array.forEach","line":null,"method":"forEach","native":false},{"column":4,"file":"C:\\Users\\reinie94\\Desktop\\proyecto_node\\app\\models\\index.js","function":null,"line":23,"method":null,"native":false},{"column":30,"file":"internal/modules/cjs/loader.js","function":"Module._compile","line":1063,"method":"_compile","native":false},{"column":10,"file":"internal/modules/cjs/loader.js","function":"Module._extensions..js","line":1092,"method":".js","native":false},{"column":32,"file":"internal/modules/cjs/loader.js","function":"Module.load","line":928,"method":"load","native":false},{"column":14,"file":"internal/modules/cjs/loader.js","function":"Module._load","line":769,"method":"_load","native":false},{"column":19,"file":"internal/modules/cjs/loader.js","function":"Module.require","line":952,"method":"require","native":false},{"column":18,"file":"internal/modules/cjs/helpers.js","function":"require","line":88,"method":null,"native":false},{"column":12,"file":"C:\\Users\\reinie94\\Desktop\\proyecto_node\\app\\controllers\\ControllerUser.js","function":null,"line":7,"method":null,"native":false}]}
error: uncaughtException: require(...) is not a function
TypeError: require(...) is not a function
    at C:\Users\reinie94\Desktop\proyecto_node\app\models\index.js:25:54
    at Array.forEach (<anonymous>)
    at Object.<anonymous> (C:\Users\reinie94\Desktop\proyecto_node\app\models\index.js:24:4)
    at Module._compile (internal/modules/cjs/loader.js:1063:30)
    at Object.Module._extensions..js (internal/modules/cjs/loader.js:1092:10)
    at Module.load (internal/modules/cjs/loader.js:928:32)
    at Function.Module._load (internal/modules/cjs/loader.js:769:14)
    at Module.require (internal/modules/cjs/loader.js:952:19)
    at require (internal/modules/cjs/helpers.js:88:18)
    at Object.<anonymous> (C:\Users\reinie94\Desktop\proyecto_node\app\controllers\ControllerUser.js:7:12) {"error":{},"stack":"TypeError: require(...) is not a function\n    at C:\\Users\\reinie94\\Desktop\\proyecto_node\\app\\models\\index.js:25:54\n    at Array.forEach (<anonymous>)\n    at Object.<anonymous> (C:\\Users\\reinie94\\Desktop\\proyecto_node\\app\\models\\index.js:24:4)\n    at Module._compile (internal/modules/cjs/loader.js:1063:30)\n    at Object.Module._extensions..js (internal/modules/cjs/loader.js:1092:10)\n    at Module.load (internal/modules/cjs/loader.js:928:32)\n    at Function.Module._load (internal/modules/cjs/loader.js:769:14)\n    at Module.require (internal/modules/cjs/loader.js:952:19)\n    at require (internal/modules/cjs/helpers.js:88:18)\n    at Object.<anonymous> (C:\\Users\\reinie94\\Desktop\\proyecto_node\\app\\controllers\\ControllerUser.js:7:12)","exception":true,"date":"Sun Feb 07 2021 00:08:24 GMT+0100 (hora estándar de Europa central)","process":{"pid":5556,"uid":null,"gid":null,"cwd":"C:\\Users\\reinie94\\Desktop\\proyecto_node","execPath":"C:\\Program Files\\nodejs\\node.exe","version":"v14.15.4","argv":["C:\\Program Files\\nodejs\\node.exe","C:\\Users\\reinie94\\Desktop\\proyecto_node\\app\\server.js"],"memoryUsage":{"rss":51310592,"heapTotal":32047104,"heapUsed":19345056,"external":2124753,"arrayBuffers":608622}},"os":{"loadavg":[0,0,0],"uptime":200792},"trace":[{"column":54,"file":"C:\\Users\\reinie94\\Desktop\\proyecto_node\\app\\models\\index.js","function":null,"line":25,"method":null,"native":false},{"column":null,"file":null,"function":"Array.forEach","line":null,"method":"forEach","native":false},{"column":4,"file":"C:\\Users\\reinie94\\Desktop\\proyecto_node\\app\\models\\index.js","function":null,"line":24,"method":null,"native":false},{"column":30,"file":"internal/modules/cjs/loader.js","function":"Module._compile","line":1063,"method":"_compile","native":false},{"column":10,"file":"internal/modules/cjs/loader.js","function":"Module._extensions..js","line":1092,"method":".js","native":false},{"column":32,"file":"internal/modules/cjs/loader.js","function":"Module.load","line":928,"method":"load","native":false},{"column":14,"file":"internal/modules/cjs/loader.js","function":"Module._load","line":769,"method":"_load","native":false},{"column":19,"file":"internal/modules/cjs/loader.js","function":"Module.require","line":952,"method":"require","native":false},{"column":18,"file":"internal/modules/cjs/helpers.js","function":"require","line":88,"method":null,"native":false},{"column":12,"file":"C:\\Users\\reinie94\\Desktop\\proyecto_node\\app\\controllers\\ControllerUser.js","function":null,"line":7,"method":null,"native":false}]}
error: uncaughtException: require(...) is not a function
TypeError: require(...) is not a function
    at C:\Users\reinie94\Desktop\proyecto_node\app\models\index.js:26:54
    at Array.forEach (<anonymous>)
    at Object.<anonymous> (C:\Users\reinie94\Desktop\proyecto_node\app\models\index.js:24:4)
    at Module._compile (internal/modules/cjs/loader.js:1063:30)
    at Object.Module._extensions..js (internal/modules/cjs/loader.js:1092:10)
    at Module.load (internal/modules/cjs/loader.js:928:32)
    at Function.Module._load (internal/modules/cjs/loader.js:769:14)
    at Module.require (internal/modules/cjs/loader.js:952:19)
    at require (internal/modules/cjs/helpers.js:88:18)
    at Object.<anonymous> (C:\Users\reinie94\Desktop\proyecto_node\app\controllers\ControllerUser.js:7:12) {"error":{},"stack":"TypeError: require(...) is not a function\n    at C:\\Users\\reinie94\\Desktop\\proyecto_node\\app\\models\\index.js:26:54\n    at Array.forEach (<anonymous>)\n    at Object.<anonymous> (C:\\Users\\reinie94\\Desktop\\proyecto_node\\app\\models\\index.js:24:4)\n    at Module._compile (internal/modules/cjs/loader.js:1063:30)\n    at Object.Module._extensions..js (internal/modules/cjs/loader.js:1092:10)\n    at Module.load (internal/modules/cjs/loader.js:928:32)\n    at Function.Module._load (internal/modules/cjs/loader.js:769:14)\n    at Module.require (internal/modules/cjs/loader.js:952:19)\n    at require (internal/modules/cjs/helpers.js:88:18)\n    at Object.<anonymous> (C:\\Users\\reinie94\\Desktop\\proyecto_node\\app\\controllers\\ControllerUser.js:7:12)","exception":true,"date":"Sun Feb 07 2021 00:13:09 GMT+0100 (hora estándar de Europa central)","process":{"pid":4736,"uid":null,"gid":null,"cwd":"C:\\Users\\reinie94\\Desktop\\proyecto_node","execPath":"C:\\Program Files\\nodejs\\node.exe","version":"v14.15.4","argv":["C:\\Program Files\\nodejs\\node.exe","C:\\Users\\reinie94\\Desktop\\proyecto_node\\app\\server.js"],"memoryUsage":{"rss":48930816,"heapTotal":32047104,"heapUsed":14657328,"external":2330169,"arrayBuffers":105432}},"os":{"loadavg":[0,0,0],"uptime":201077},"trace":[{"column":54,"file":"C:\\Users\\reinie94\\Desktop\\proyecto_node\\app\\models\\index.js","function":null,"line":26,"method":null,"native":false},{"column":null,"file":null,"function":"Array.forEach","line":null,"method":"forEach","native":false},{"column":4,"file":"C:\\Users\\reinie94\\Desktop\\proyecto_node\\app\\models\\index.js","function":null,"line":24,"method":null,"native":false},{"column":30,"file":"internal/modules/cjs/loader.js","function":"Module._compile","line":1063,"method":"_compile","native":false},{"column":10,"file":"internal/modules/cjs/loader.js","function":"Module._extensions..js","line":1092,"method":".js","native":false},{"column":32,"file":"internal/modules/cjs/loader.js","function":"Module.load","line":928,"method":"load","native":false},{"column":14,"file":"internal/modules/cjs/loader.js","function":"Module._load","line":769,"method":"_load","native":false},{"column":19,"file":"internal/modules/cjs/loader.js","function":"Module.require","line":952,"method":"require","native":false},{"column":18,"file":"internal/modules/cjs/helpers.js","function":"require","line":88,"method":null,"native":false},{"column":12,"file":"C:\\Users\\reinie94\\Desktop\\proyecto_node\\app\\controllers\\ControllerUser.js","function":null,"line":7,"method":null,"native":false}]}
error: uncaughtException: require(...) is not a function
TypeError: require(...) is not a function
    at C:\Users\reinie94\Desktop\proyecto_node\app\models\index.js:25:54
    at Array.forEach (<anonymous>)
    at Object.<anonymous> (C:\Users\reinie94\Desktop\proyecto_node\app\models\index.js:23:4)
    at Module._compile (internal/modules/cjs/loader.js:1063:30)
    at Object.Module._extensions..js (internal/modules/cjs/loader.js:1092:10)
    at Module.load (internal/modules/cjs/loader.js:928:32)
    at Function.Module._load (internal/modules/cjs/loader.js:769:14)
    at Module.require (internal/modules/cjs/loader.js:952:19)
    at require (internal/modules/cjs/helpers.js:88:18)
    at Object.<anonymous> (C:\Users\reinie94\Desktop\proyecto_node\app\controllers\ControllerUser.js:7:12) {"error":{},"stack":"TypeError: require(...) is not a function\n    at C:\\Users\\reinie94\\Desktop\\proyecto_node\\app\\models\\index.js:25:54\n    at Array.forEach (<anonymous>)\n    at Object.<anonymous> (C:\\Users\\reinie94\\Desktop\\proyecto_node\\app\\models\\index.js:23:4)\n    at Module._compile (internal/modules/cjs/loader.js:1063:30)\n    at Object.Module._extensions..js (internal/modules/cjs/loader.js:1092:10)\n    at Module.load (internal/modules/cjs/loader.js:928:32)\n    at Function.Module._load (internal/modules/cjs/loader.js:769:14)\n    at Module.require (internal/modules/cjs/loader.js:952:19)\n    at require (internal/modules/cjs/helpers.js:88:18)\n    at Object.<anonymous> (C:\\Users\\reinie94\\Desktop\\proyecto_node\\app\\controllers\\ControllerUser.js:7:12)","exception":true,"date":"Sun Feb 07 2021 00:13:16 GMT+0100 (hora estándar de Europa central)","process":{"pid":3588,"uid":null,"gid":null,"cwd":"C:\\Users\\reinie94\\Desktop\\proyecto_node","execPath":"C:\\Program Files\\nodejs\\node.exe","version":"v14.15.4","argv":["C:\\Program Files\\nodejs\\node.exe","C:\\Users\\reinie94\\Desktop\\proyecto_node\\app\\server.js"],"memoryUsage":{"rss":48447488,"heapTotal":32047104,"heapUsed":14601192,"external":2330169,"arrayBuffers":105432}},"os":{"loadavg":[0,0,0],"uptime":201083},"trace":[{"column":54,"file":"C:\\Users\\reinie94\\Desktop\\proyecto_node\\app\\models\\index.js","function":null,"line":25,"method":null,"native":false},{"column":null,"file":null,"function":"Array.forEach","line":null,"method":"forEach","native":false},{"column":4,"file":"C:\\Users\\reinie94\\Desktop\\proyecto_node\\app\\models\\index.js","function":null,"line":23,"method":null,"native":false},{"column":30,"file":"internal/modules/cjs/loader.js","function":"Module._compile","line":1063,"method":"_compile","native":false},{"column":10,"file":"internal/modules/cjs/loader.js","function":"Module._extensions..js","line":1092,"method":".js","native":false},{"column":32,"file":"internal/modules/cjs/loader.js","function":"Module.load","line":928,"method":"load","native":false},{"column":14,"file":"internal/modules/cjs/loader.js","function":"Module._load","line":769,"method":"_load","native":false},{"column":19,"file":"internal/modules/cjs/loader.js","function":"Module.require","line":952,"method":"require","native":false},{"column":18,"file":"internal/modules/cjs/helpers.js","function":"require","line":88,"method":null,"native":false},{"column":12,"file":"C:\\Users\\reinie94\\Desktop\\proyecto_node\\app\\controllers\\ControllerUser.js","function":null,"line":7,"method":null,"native":false}]}
error: uncaughtException: require(...) is not a function
TypeError: require(...) is not a function
    at C:\Users\reinie94\Desktop\proyecto_node\app\models\index.js:25:54
    at Array.forEach (<anonymous>)
    at Object.<anonymous> (C:\Users\reinie94\Desktop\proyecto_node\app\models\index.js:23:4)
    at Module._compile (internal/modules/cjs/loader.js:1063:30)
    at Object.Module._extensions..js (internal/modules/cjs/loader.js:1092:10)
    at Module.load (internal/modules/cjs/loader.js:928:32)
    at Function.Module._load (internal/modules/cjs/loader.js:769:14)
    at Module.require (internal/modules/cjs/loader.js:952:19)
    at require (internal/modules/cjs/helpers.js:88:18)
    at Object.<anonymous> (C:\Users\reinie94\Desktop\proyecto_node\app\controllers\ControllerUser.js:7:12) {"error":{},"stack":"TypeError: require(...) is not a function\n    at C:\\Users\\reinie94\\Desktop\\proyecto_node\\app\\models\\index.js:25:54\n    at Array.forEach (<anonymous>)\n    at Object.<anonymous> (C:\\Users\\reinie94\\Desktop\\proyecto_node\\app\\models\\index.js:23:4)\n    at Module._compile (internal/modules/cjs/loader.js:1063:30)\n    at Object.Module._extensions..js (internal/modules/cjs/loader.js:1092:10)\n    at Module.load (internal/modules/cjs/loader.js:928:32)\n    at Function.Module._load (internal/modules/cjs/loader.js:769:14)\n    at Module.require (internal/modules/cjs/loader.js:952:19)\n    at require (internal/modules/cjs/helpers.js:88:18)\n    at Object.<anonymous> (C:\\Users\\reinie94\\Desktop\\proyecto_node\\app\\controllers\\ControllerUser.js:7:12)","exception":true,"date":"Sun Feb 07 2021 00:13:46 GMT+0100 (hora estándar de Europa central)","process":{"pid":5280,"uid":null,"gid":null,"cwd":"C:\\Users\\reinie94\\Desktop\\proyecto_node","execPath":"C:\\Program Files\\nodejs\\node.exe","version":"v14.15.4","argv":["C:\\Program Files\\nodejs\\node.exe","C:\\Users\\reinie94\\Desktop\\proyecto_node\\app\\server.js"],"memoryUsage":{"rss":49078272,"heapTotal":32047104,"heapUsed":20936008,"external":2322295,"arrayBuffers":806164}},"os":{"loadavg":[0,0,0],"uptime":201113},"trace":[{"column":54,"file":"C:\\Users\\reinie94\\Desktop\\proyecto_node\\app\\models\\index.js","function":null,"line":25,"method":null,"native":false},{"column":null,"file":null,"function":"Array.forEach","line":null,"method":"forEach","native":false},{"column":4,"file":"C:\\Users\\reinie94\\Desktop\\proyecto_node\\app\\models\\index.js","function":null,"line":23,"method":null,"native":false},{"column":30,"file":"internal/modules/cjs/loader.js","function":"Module._compile","line":1063,"method":"_compile","native":false},{"column":10,"file":"internal/modules/cjs/loader.js","function":"Module._extensions..js","line":1092,"method":".js","native":false},{"column":32,"file":"internal/modules/cjs/loader.js","function":"Module.load","line":928,"method":"load","native":false},{"column":14,"file":"internal/modules/cjs/loader.js","function":"Module._load","line":769,"method":"_load","native":false},{"column":19,"file":"internal/modules/cjs/loader.js","function":"Module.require","line":952,"method":"require","native":false},{"column":18,"file":"internal/modules/cjs/helpers.js","function":"require","line":88,"method":null,"native":false},{"column":12,"file":"C:\\Users\\reinie94\\Desktop\\proyecto_node\\app\\controllers\\ControllerUser.js","function":null,"line":7,"method":null,"native":false}]}
error: uncaughtException: require(...) is not a function
TypeError: require(...) is not a function
    at C:\Users\reinie94\Desktop\proyecto_node\app\models\index.js:25:54
    at Array.forEach (<anonymous>)
    at Object.<anonymous> (C:\Users\reinie94\Desktop\proyecto_node\app\models\index.js:23:4)
    at Module._compile (internal/modules/cjs/loader.js:1063:30)
    at Object.Module._extensions..js (internal/modules/cjs/loader.js:1092:10)
    at Module.load (internal/modules/cjs/loader.js:928:32)
    at Function.Module._load (internal/modules/cjs/loader.js:769:14)
    at Module.require (internal/modules/cjs/loader.js:952:19)
    at require (internal/modules/cjs/helpers.js:88:18)
    at Object.<anonymous> (C:\Users\reinie94\Desktop\proyecto_node\app\controllers\ControllerUser.js:7:12) {"error":{},"stack":"TypeError: require(...) is not a function\n    at C:\\Users\\reinie94\\Desktop\\proyecto_node\\app\\models\\index.js:25:54\n    at Array.forEach (<anonymous>)\n    at Object.<anonymous> (C:\\Users\\reinie94\\Desktop\\proyecto_node\\app\\models\\index.js:23:4)\n    at Module._compile (internal/modules/cjs/loader.js:1063:30)\n    at Object.Module._extensions..js (internal/modules/cjs/loader.js:1092:10)\n    at Module.load (internal/modules/cjs/loader.js:928:32)\n    at Function.Module._load (internal/modules/cjs/loader.js:769:14)\n    at Module.require (internal/modules/cjs/loader.js:952:19)\n    at require (internal/modules/cjs/helpers.js:88:18)\n    at Object.<anonymous> (C:\\Users\\reinie94\\Desktop\\proyecto_node\\app\\controllers\\ControllerUser.js:7:12)","exception":true,"date":"Sun Feb 07 2021 00:16:43 GMT+0100 (hora estándar de Europa central)","process":{"pid":4204,"uid":null,"gid":null,"cwd":"C:\\Users\\reinie94\\Desktop\\proyecto_node","execPath":"C:\\Program Files\\nodejs\\node.exe","version":"v14.15.4","argv":["C:\\Program Files\\nodejs\\node.exe","C:\\Users\\reinie94\\Desktop\\proyecto_node\\app\\server.js"],"memoryUsage":{"rss":51650560,"heapTotal":32309248,"heapUsed":17397528,"external":1914963,"arrayBuffers":407024}},"os":{"loadavg":[0,0,0],"uptime":201291},"trace":[{"column":54,"file":"C:\\Users\\reinie94\\Desktop\\proyecto_node\\app\\models\\index.js","function":null,"line":25,"method":null,"native":false},{"column":null,"file":null,"function":"Array.forEach","line":null,"method":"forEach","native":false},{"column":4,"file":"C:\\Users\\reinie94\\Desktop\\proyecto_node\\app\\models\\index.js","function":null,"line":23,"method":null,"native":false},{"column":30,"file":"internal/modules/cjs/loader.js","function":"Module._compile","line":1063,"method":"_compile","native":false},{"column":10,"file":"internal/modules/cjs/loader.js","function":"Module._extensions..js","line":1092,"method":".js","native":false},{"column":32,"file":"internal/modules/cjs/loader.js","function":"Module.load","line":928,"method":"load","native":false},{"column":14,"file":"internal/modules/cjs/loader.js","function":"Module._load","line":769,"method":"_load","native":false},{"column":19,"file":"internal/modules/cjs/loader.js","function":"Module.require","line":952,"method":"require","native":false},{"column":18,"file":"internal/modules/cjs/helpers.js","function":"require","line":88,"method":null,"native":false},{"column":12,"file":"C:\\Users\\reinie94\\Desktop\\proyecto_node\\app\\controllers\\ControllerUser.js","function":null,"line":7,"method":null,"native":false}]}
error: uncaughtException: require(...) is not a function
TypeError: require(...) is not a function
    at C:\Users\reinie94\Desktop\proyecto_node\app\models\index.js:25:54
    at Array.forEach (<anonymous>)
    at Object.<anonymous> (C:\Users\reinie94\Desktop\proyecto_node\app\models\index.js:23:4)
    at Module._compile (internal/modules/cjs/loader.js:1063:30)
    at Object.Module._extensions..js (internal/modules/cjs/loader.js:1092:10)
    at Module.load (internal/modules/cjs/loader.js:928:32)
    at Function.Module._load (internal/modules/cjs/loader.js:769:14)
    at Module.require (internal/modules/cjs/loader.js:952:19)
    at require (internal/modules/cjs/helpers.js:88:18)
    at Object.<anonymous> (C:\Users\reinie94\Desktop\proyecto_node\app\controllers\ControllerUser.js:7:12) {"error":{},"stack":"TypeError: require(...) is not a function\n    at C:\\Users\\reinie94\\Desktop\\proyecto_node\\app\\models\\index.js:25:54\n    at Array.forEach (<anonymous>)\n    at Object.<anonymous> (C:\\Users\\reinie94\\Desktop\\proyecto_node\\app\\models\\index.js:23:4)\n    at Module._compile (internal/modules/cjs/loader.js:1063:30)\n    at Object.Module._extensions..js (internal/modules/cjs/loader.js:1092:10)\n    at Module.load (internal/modules/cjs/loader.js:928:32)\n    at Function.Module._load (internal/modules/cjs/loader.js:769:14)\n    at Module.require (internal/modules/cjs/loader.js:952:19)\n    at require (internal/modules/cjs/helpers.js:88:18)\n    at Object.<anonymous> (C:\\Users\\reinie94\\Desktop\\proyecto_node\\app\\controllers\\ControllerUser.js:7:12)","exception":true,"date":"Sun Feb 07 2021 00:20:24 GMT+0100 (hora estándar de Europa central)","process":{"pid":7208,"uid":null,"gid":null,"cwd":"C:\\Users\\reinie94\\Desktop\\proyecto_node","execPath":"C:\\Program Files\\nodejs\\node.exe","version":"v14.15.4","argv":["C:\\Program Files\\nodejs\\node.exe","C:\\Users\\reinie94\\Desktop\\proyecto_node\\app\\server.js"],"memoryUsage":{"rss":51519488,"heapTotal":32309248,"heapUsed":17343120,"external":1914963,"arrayBuffers":407024}},"os":{"loadavg":[0,0,0],"uptime":201511},"trace":[{"column":54,"file":"C:\\Users\\reinie94\\Desktop\\proyecto_node\\app\\models\\index.js","function":null,"line":25,"method":null,"native":false},{"column":null,"file":null,"function":"Array.forEach","line":null,"method":"forEach","native":false},{"column":4,"file":"C:\\Users\\reinie94\\Desktop\\proyecto_node\\app\\models\\index.js","function":null,"line":23,"method":null,"native":false},{"column":30,"file":"internal/modules/cjs/loader.js","function":"Module._compile","line":1063,"method":"_compile","native":false},{"column":10,"file":"internal/modules/cjs/loader.js","function":"Module._extensions..js","line":1092,"method":".js","native":false},{"column":32,"file":"internal/modules/cjs/loader.js","function":"Module.load","line":928,"method":"load","native":false},{"column":14,"file":"internal/modules/cjs/loader.js","function":"Module._load","line":769,"method":"_load","native":false},{"column":19,"file":"internal/modules/cjs/loader.js","function":"Module.require","line":952,"method":"require","native":false},{"column":18,"file":"internal/modules/cjs/helpers.js","function":"require","line":88,"method":null,"native":false},{"column":12,"file":"C:\\Users\\reinie94\\Desktop\\proyecto_node\\app\\controllers\\ControllerUser.js","function":null,"line":7,"method":null,"native":false}]}
error: uncaughtException: require(...) is not a function
TypeError: require(...) is not a function
    at C:\Users\reinie94\Desktop\proyecto_node\app\models\index.js:25:54
    at Array.forEach (<anonymous>)
    at Object.<anonymous> (C:\Users\reinie94\Desktop\proyecto_node\app\models\index.js:23:4)
    at Module._compile (internal/modules/cjs/loader.js:1063:30)
    at Object.Module._extensions..js (internal/modules/cjs/loader.js:1092:10)
    at Module.load (internal/modules/cjs/loader.js:928:32)
    at Function.Module._load (internal/modules/cjs/loader.js:769:14)
    at Module.require (internal/modules/cjs/loader.js:952:19)
    at require (internal/modules/cjs/helpers.js:88:18)
    at Object.<anonymous> (C:\Users\reinie94\Desktop\proyecto_node\app\controllers\ControllerUser.js:7:12) {"error":{},"stack":"TypeError: require(...) is not a function\n    at C:\\Users\\reinie94\\Desktop\\proyecto_node\\app\\models\\index.js:25:54\n    at Array.forEach (<anonymous>)\n    at Object.<anonymous> (C:\\Users\\reinie94\\Desktop\\proyecto_node\\app\\models\\index.js:23:4)\n    at Module._compile (internal/modules/cjs/loader.js:1063:30)\n    at Object.Module._extensions..js (internal/modules/cjs/loader.js:1092:10)\n    at Module.load (internal/modules/cjs/loader.js:928:32)\n    at Function.Module._load (internal/modules/cjs/loader.js:769:14)\n    at Module.require (internal/modules/cjs/loader.js:952:19)\n    at require (internal/modules/cjs/helpers.js:88:18)\n    at Object.<anonymous> (C:\\Users\\reinie94\\Desktop\\proyecto_node\\app\\controllers\\ControllerUser.js:7:12)","exception":true,"date":"Sun Feb 07 2021 00:23:44 GMT+0100 (hora estándar de Europa central)","process":{"pid":7360,"uid":null,"gid":null,"cwd":"C:\\Users\\reinie94\\Desktop\\proyecto_node","execPath":"C:\\Program Files\\nodejs\\node.exe","version":"v14.15.4","argv":["C:\\Program Files\\nodejs\\node.exe","C:\\Users\\reinie94\\Desktop\\proyecto_node\\app\\server.js"],"memoryUsage":{"rss":46612480,"heapTotal":22241280,"heapUsed":19482504,"external":1617185,"arrayBuffers":57357}},"os":{"loadavg":[0,0,0],"uptime":201711},"trace":[{"column":54,"file":"C:\\Users\\reinie94\\Desktop\\proyecto_node\\app\\models\\index.js","function":null,"line":25,"method":null,"native":false},{"column":null,"file":null,"function":"Array.forEach","line":null,"method":"forEach","native":false},{"column":4,"file":"C:\\Users\\reinie94\\Desktop\\proyecto_node\\app\\models\\index.js","function":null,"line":23,"method":null,"native":false},{"column":30,"file":"internal/modules/cjs/loader.js","function":"Module._compile","line":1063,"method":"_compile","native":false},{"column":10,"file":"internal/modules/cjs/loader.js","function":"Module._extensions..js","line":1092,"method":".js","native":false},{"column":32,"file":"internal/modules/cjs/loader.js","function":"Module.load","line":928,"method":"load","native":false},{"column":14,"file":"internal/modules/cjs/loader.js","function":"Module._load","line":769,"method":"_load","native":false},{"column":19,"file":"internal/modules/cjs/loader.js","function":"Module.require","line":952,"method":"require","native":false},{"column":18,"file":"internal/modules/cjs/helpers.js","function":"require","line":88,"method":null,"native":false},{"column":12,"file":"C:\\Users\\reinie94\\Desktop\\proyecto_node\\app\\controllers\\ControllerUser.js","function":null,"line":7,"method":null,"native":false}]}
error: uncaughtException: A column called 'id' was added to the attributes of 'productos' but not marked with 'primaryKey: true'
Error: A column called 'id' was added to the attributes of 'productos' but not marked with 'primaryKey: true'
    at Function._addDefaultAttributes (C:\Users\reinie94\Desktop\proyecto_node\node_modules\sequelize\lib\model.js:228:15)
    at Function.init (C:\Users\reinie94\Desktop\proyecto_node\node_modules\sequelize\lib\model.js:1060:10)
    at module.exports (C:\Users\reinie94\Desktop\proyecto_node\app\models\Producto.js:24:12)
    at C:\Users\reinie94\Desktop\proyecto_node\app\models\index.js:25:54
    at Array.forEach (<anonymous>)
    at Object.<anonymous> (C:\Users\reinie94\Desktop\proyecto_node\app\models\index.js:23:4)
    at Module._compile (internal/modules/cjs/loader.js:1063:30)
    at Object.Module._extensions..js (internal/modules/cjs/loader.js:1092:10)
    at Module.load (internal/modules/cjs/loader.js:928:32)
    at Function.Module._load (internal/modules/cjs/loader.js:769:14) {"error":{},"stack":"Error: A column called 'id' was added to the attributes of 'productos' but not marked with 'primaryKey: true'\n    at Function._addDefaultAttributes (C:\\Users\\reinie94\\Desktop\\proyecto_node\\node_modules\\sequelize\\lib\\model.js:228:15)\n    at Function.init (C:\\Users\\reinie94\\Desktop\\proyecto_node\\node_modules\\sequelize\\lib\\model.js:1060:10)\n    at module.exports (C:\\Users\\reinie94\\Desktop\\proyecto_node\\app\\models\\Producto.js:24:12)\n    at C:\\Users\\reinie94\\Desktop\\proyecto_node\\app\\models\\index.js:25:54\n    at Array.forEach (<anonymous>)\n    at Object.<anonymous> (C:\\Users\\reinie94\\Desktop\\proyecto_node\\app\\models\\index.js:23:4)\n    at Module._compile (internal/modules/cjs/loader.js:1063:30)\n    at Object.Module._extensions..js (internal/modules/cjs/loader.js:1092:10)\n    at Module.load (internal/modules/cjs/loader.js:928:32)\n    at Function.Module._load (internal/modules/cjs/loader.js:769:14)","exception":true,"date":"Sun Feb 07 2021 00:56:54 GMT+0100 (hora estándar de Europa central)","process":{"pid":4564,"uid":null,"gid":null,"cwd":"C:\\Users\\reinie94\\Desktop\\proyecto_node","execPath":"C:\\Program Files\\nodejs\\node.exe","version":"v14.15.4","argv":["C:\\Program Files\\nodejs\\node.exe","C:\\Users\\reinie94\\Desktop\\proyecto_node\\app\\server.js"],"memoryUsage":{"rss":51335168,"heapTotal":32309248,"heapUsed":19141656,"external":2124753,"arrayBuffers":608622}},"os":{"loadavg":[0,0,0],"uptime":203701},"trace":[{"column":15,"file":"C:\\Users\\reinie94\\Desktop\\proyecto_node\\node_modules\\sequelize\\lib\\model.js","function":"Function._addDefaultAttributes","line":228,"method":"_addDefaultAttributes","native":false},{"column":10,"file":"C:\\Users\\reinie94\\Desktop\\proyecto_node\\node_modules\\sequelize\\lib\\model.js","function":"Function.init","line":1060,"method":"init","native":false},{"column":12,"file":"C:\\Users\\reinie94\\Desktop\\proyecto_node\\app\\models\\Producto.js","function":"module.exports","line":24,"method":"exports","native":false},{"column":54,"file":"C:\\Users\\reinie94\\Desktop\\proyecto_node\\app\\models\\index.js","function":null,"line":25,"method":null,"native":false},{"column":null,"file":null,"function":"Array.forEach","line":null,"method":"forEach","native":false},{"column":4,"file":"C:\\Users\\reinie94\\Desktop\\proyecto_node\\app\\models\\index.js","function":null,"line":23,"method":null,"native":false},{"column":30,"file":"internal/modules/cjs/loader.js","function":"Module._compile","line":1063,"method":"_compile","native":false},{"column":10,"file":"internal/modules/cjs/loader.js","function":"Module._extensions..js","line":1092,"method":".js","native":false},{"column":32,"file":"internal/modules/cjs/loader.js","function":"Module.load","line":928,"method":"load","native":false},{"column":14,"file":"internal/modules/cjs/loader.js","function":"Module._load","line":769,"method":"_load","native":false}]}
error: 3a6e8ad8-b25d-4818-b80f-4990a67d8071 -> ::1 "POST /app/api/v1/user" [2021-02-06T23:57:50.605Z] 500 User.create is not a function
error: a842cad9-80db-4616-90be-49cbaa680b32 -> ::1 "POST /app/api/v1/user" [2021-02-06T23:58:57.980Z] 500 notNull Violation: User.activo cannot be null,
notNull Violation: User.verificado cannot be null
error: 19afd02c-d0ec-44bf-8648-578eef3787e7 -> ::1 "POST /app/api/v1/user" [2021-02-07T00:00:00.727Z] 500 notNull Violation: User.verificado cannot be null
error: c1611ec2-d015-415c-8588-040c8558b4af -> ::1 "POST /app/api/v1/user" [2021-02-07T00:00:25.084Z] 500 falses is not defined
error: 8363c884-a3ec-4afe-96c7-8dc9447855a2 -> ::1 "POST /app/api/v1/user" [2021-02-07T00:00:35.922Z] 500 notNull Violation: User.verificado cannot be null
error: 83e1eed0-1944-4100-964a-306b97fb0069 -> ::1 "POST /app/api/v1/user" [2021-02-07T00:01:03.571Z] 500 Table 'lumen-api.users,' doesn't exist
error: uncaughtException: Unexpected token '.'
C:\Users\reinie94\Desktop\proyecto_node\app\controllers\ControllerUser.js:84
        req.body.password="secret";
           ^

SyntaxError: Unexpected token '.'
    at wrapSafe (internal/modules/cjs/loader.js:979:16)
    at Module._compile (internal/modules/cjs/loader.js:1027:27)
    at Object.Module._extensions..js (internal/modules/cjs/loader.js:1092:10)
    at Module.load (internal/modules/cjs/loader.js:928:32)
    at Function.Module._load (internal/modules/cjs/loader.js:769:14)
    at Module.require (internal/modules/cjs/loader.js:952:19)
    at require (internal/modules/cjs/helpers.js:88:18)
    at Object.<anonymous> (C:\Users\reinie94\Desktop\proyecto_node\app\routes\rutasAPI.js:7:24)
    at Module._compile (internal/modules/cjs/loader.js:1063:30)
    at Object.Module._extensions..js (internal/modules/cjs/loader.js:1092:10) {"error":{},"stack":"C:\\Users\\reinie94\\Desktop\\proyecto_node\\app\\controllers\\ControllerUser.js:84\n        req.body.password=\"secret\";\n           ^\n\nSyntaxError: Unexpected token '.'\n    at wrapSafe (internal/modules/cjs/loader.js:979:16)\n    at Module._compile (internal/modules/cjs/loader.js:1027:27)\n    at Object.Module._extensions..js (internal/modules/cjs/loader.js:1092:10)\n    at Module.load (internal/modules/cjs/loader.js:928:32)\n    at Function.Module._load (internal/modules/cjs/loader.js:769:14)\n    at Module.require (internal/modules/cjs/loader.js:952:19)\n    at require (internal/modules/cjs/helpers.js:88:18)\n    at Object.<anonymous> (C:\\Users\\reinie94\\Desktop\\proyecto_node\\app\\routes\\rutasAPI.js:7:24)\n    at Module._compile (internal/modules/cjs/loader.js:1063:30)\n    at Object.Module._extensions..js (internal/modules/cjs/loader.js:1092:10)","exception":true,"date":"Sun Feb 07 2021 01:04:35 GMT+0100 (hora estándar de Europa central)","process":{"pid":4168,"uid":null,"gid":null,"cwd":"C:\\Users\\reinie94\\Desktop\\proyecto_node","execPath":"C:\\Program Files\\nodejs\\node.exe","version":"v14.15.4","argv":["C:\\Program Files\\nodejs\\node.exe","C:\\Users\\reinie94\\Desktop\\proyecto_node\\app\\server.js"],"memoryUsage":{"rss":33697792,"heapTotal":15798272,"heapUsed":10057600,"external":1517626,"arrayBuffers":207928}},"os":{"loadavg":[0,0,0],"uptime":204163},"trace":[{"column":16,"file":"internal/modules/cjs/loader.js","function":"wrapSafe","line":979,"method":null,"native":false},{"column":27,"file":"internal/modules/cjs/loader.js","function":"Module._compile","line":1027,"method":"_compile","native":false},{"column":10,"file":"internal/modules/cjs/loader.js","function":"Module._extensions..js","line":1092,"method":".js","native":false},{"column":32,"file":"internal/modules/cjs/loader.js","function":"Module.load","line":928,"method":"load","native":false},{"column":14,"file":"internal/modules/cjs/loader.js","function":"Module._load","line":769,"method":"_load","native":false},{"column":19,"file":"internal/modules/cjs/loader.js","function":"Module.require","line":952,"method":"require","native":false},{"column":18,"file":"internal/modules/cjs/helpers.js","function":"require","line":88,"method":null,"native":false},{"column":24,"file":"C:\\Users\\reinie94\\Desktop\\proyecto_node\\app\\routes\\rutasAPI.js","function":null,"line":7,"method":null,"native":false},{"column":30,"file":"internal/modules/cjs/loader.js","function":"Module._compile","line":1063,"method":"_compile","native":false},{"column":10,"file":"internal/modules/cjs/loader.js","function":"Module._extensions..js","line":1092,"method":".js","native":false}]}
error: 8894b4e8-6a05-4a32-ad93-cc955d366178 -> ::1 "POST /app/api/v1/user" [2021-02-07T00:08:32.245Z] 500 Table 'lumen-api.users,' doesn't exist
error: 97fbdec8-59ed-488b-99bc-ebc561b1a5bf -> ::1 "POST /app/api/v1/user" [2021-02-07T00:10:36.495Z] 500 Table 'lumen-api.users,' doesn't exist
error: 0bcf0e46-420b-4fbf-b4fe-d6d2cc90e2f8 -> ::1 "POST /app/api/v1/user" [2021-02-07T00:16:37.138Z] 500 Table 'lumen-api.users,' doesn't exist
error: uncaughtException: listen EADDRINUSE: address already in use :::3000
Error: listen EADDRINUSE: address already in use :::3000
    at Server.setupListenHandle [as _listen2] (net.js:1318:16)
    at listenInCluster (net.js:1366:12)
    at Server.listen (net.js:1452:7)
    at Function.listen (C:\Users\reinie94\Desktop\proyecto_node\node_modules\express\lib\application.js:618:24)
    at Object.<anonymous> (C:\Users\reinie94\Desktop\proyecto_node\app\server.js:43:20)
    at Module._compile (internal/modules/cjs/loader.js:1063:30)
    at Object.Module._extensions..js (internal/modules/cjs/loader.js:1092:10)
    at Module.load (internal/modules/cjs/loader.js:928:32)
    at Function.Module._load (internal/modules/cjs/loader.js:769:14)
    at Function.executeUserEntryPoint [as runMain] (internal/modules/run_main.js:72:12) {"error":{"code":"EADDRINUSE","errno":-4091,"syscall":"listen","address":"::","port":3000},"stack":"Error: listen EADDRINUSE: address already in use :::3000\n    at Server.setupListenHandle [as _listen2] (net.js:1318:16)\n    at listenInCluster (net.js:1366:12)\n    at Server.listen (net.js:1452:7)\n    at Function.listen (C:\\Users\\reinie94\\Desktop\\proyecto_node\\node_modules\\express\\lib\\application.js:618:24)\n    at Object.<anonymous> (C:\\Users\\reinie94\\Desktop\\proyecto_node\\app\\server.js:43:20)\n    at Module._compile (internal/modules/cjs/loader.js:1063:30)\n    at Object.Module._extensions..js (internal/modules/cjs/loader.js:1092:10)\n    at Module.load (internal/modules/cjs/loader.js:928:32)\n    at Function.Module._load (internal/modules/cjs/loader.js:769:14)\n    at Function.executeUserEntryPoint [as runMain] (internal/modules/run_main.js:72:12)","exception":true,"date":"Sun Feb 07 2021 01:18:39 GMT+0100 (hora estándar de Europa central)","process":{"pid":2584,"uid":null,"gid":null,"cwd":"C:\\Users\\reinie94\\Desktop\\proyecto_node","execPath":"C:\\Program Files\\nodejs\\node.exe","version":"v14.15.4","argv":["C:\\Program Files\\nodejs\\node.exe","C:\\Users\\reinie94\\Desktop\\proyecto_node\\app\\server.js"],"memoryUsage":{"rss":58556416,"heapTotal":30367744,"heapUsed":24558456,"external":1786560,"arrayBuffers":65477}},"os":{"loadavg":[0,0,0],"uptime":205006},"trace":[{"column":16,"file":"net.js","function":"Server.setupListenHandle [as _listen2]","line":1318,"method":"setupListenHandle [as _listen2]","native":false},{"column":12,"file":"net.js","function":"listenInCluster","line":1366,"method":null,"native":false},{"column":7,"file":"net.js","function":"Server.listen","line":1452,"method":"listen","native":false},{"column":24,"file":"C:\\Users\\reinie94\\Desktop\\proyecto_node\\node_modules\\express\\lib\\application.js","function":"Function.listen","line":618,"method":"listen","native":false},{"column":20,"file":"C:\\Users\\reinie94\\Desktop\\proyecto_node\\app\\server.js","function":null,"line":43,"method":null,"native":false},{"column":30,"file":"internal/modules/cjs/loader.js","function":"Module._compile","line":1063,"method":"_compile","native":false},{"column":10,"file":"internal/modules/cjs/loader.js","function":"Module._extensions..js","line":1092,"method":".js","native":false},{"column":32,"file":"internal/modules/cjs/loader.js","function":"Module.load","line":928,"method":"load","native":false},{"column":14,"file":"internal/modules/cjs/loader.js","function":"Module._load","line":769,"method":"_load","native":false},{"column":12,"file":"internal/modules/run_main.js","function":"Function.executeUserEntryPoint [as runMain]","line":72,"method":"executeUserEntryPoint [as runMain]","native":false}]}
error: 3686b94a-22f9-42fe-9bcc-69aa1c836a06 -> ::1 "POST /app/api/v1/user" [2021-02-07T00:21:09.740Z] 500 Unknown column 'createdAt' in 'field list'
error: uncaughtException: UserController is not defined
ReferenceError: UserController is not defined
    at Object.<anonymous> (C:\Users\reinie94\Desktop\proyecto_node\app\controllers\NegocioController.js:128:22)
    at Module._compile (internal/modules/cjs/loader.js:1063:30)
    at Object.Module._extensions..js (internal/modules/cjs/loader.js:1092:10)
    at Module.load (internal/modules/cjs/loader.js:928:32)
    at Function.Module._load (internal/modules/cjs/loader.js:769:14)
    at Module.require (internal/modules/cjs/loader.js:952:19)
    at require (internal/modules/cjs/helpers.js:88:18)
    at Object.<anonymous> (C:\Users\reinie94\Desktop\proyecto_node\app\routes\rutasAPI.js:8:27)
    at Module._compile (internal/modules/cjs/loader.js:1063:30)
    at Object.Module._extensions..js (internal/modules/cjs/loader.js:1092:10) {"error":{},"stack":"ReferenceError: UserController is not defined\n    at Object.<anonymous> (C:\\Users\\reinie94\\Desktop\\proyecto_node\\app\\controllers\\NegocioController.js:128:22)\n    at Module._compile (internal/modules/cjs/loader.js:1063:30)\n    at Object.Module._extensions..js (internal/modules/cjs/loader.js:1092:10)\n    at Module.load (internal/modules/cjs/loader.js:928:32)\n    at Function.Module._load (internal/modules/cjs/loader.js:769:14)\n    at Module.require (internal/modules/cjs/loader.js:952:19)\n    at require (internal/modules/cjs/helpers.js:88:18)\n    at Object.<anonymous> (C:\\Users\\reinie94\\Desktop\\proyecto_node\\app\\routes\\rutasAPI.js:8:27)\n    at Module._compile (internal/modules/cjs/loader.js:1063:30)\n    at Object.Module._extensions..js (internal/modules/cjs/loader.js:1092:10)","exception":true,"date":"Sun Feb 07 2021 10:12:39 GMT+0100 (hora estándar de Europa central)","process":{"pid":5740,"uid":null,"gid":null,"cwd":"C:\\Users\\reinie94\\Desktop\\proyecto_node","execPath":"C:\\Program Files\\nodejs\\node.exe","version":"v14.15.4","argv":["C:\\Program Files\\nodejs\\node.exe","C:\\Users\\reinie94\\Desktop\\proyecto_node\\app\\server.js"],"memoryUsage":{"rss":54120448,"heapTotal":32309248,"heapUsed":19986352,"external":2171723,"arrayBuffers":655592}},"os":{"loadavg":[0,0,0],"uptime":2904},"trace":[{"column":22,"file":"C:\\Users\\reinie94\\Desktop\\proyecto_node\\app\\controllers\\NegocioController.js","function":null,"line":128,"method":null,"native":false},{"column":30,"file":"internal/modules/cjs/loader.js","function":"Module._compile","line":1063,"method":"_compile","native":false},{"column":10,"file":"internal/modules/cjs/loader.js","function":"Module._extensions..js","line":1092,"method":".js","native":false},{"column":32,"file":"internal/modules/cjs/loader.js","function":"Module.load","line":928,"method":"load","native":false},{"column":14,"file":"internal/modules/cjs/loader.js","function":"Module._load","line":769,"method":"_load","native":false},{"column":19,"file":"internal/modules/cjs/loader.js","function":"Module.require","line":952,"method":"require","native":false},{"column":18,"file":"internal/modules/cjs/helpers.js","function":"require","line":88,"method":null,"native":false},{"column":27,"file":"C:\\Users\\reinie94\\Desktop\\proyecto_node\\app\\routes\\rutasAPI.js","function":null,"line":8,"method":null,"native":false},{"column":30,"file":"internal/modules/cjs/loader.js","function":"Module._compile","line":1063,"method":"_compile","native":false},{"column":10,"file":"internal/modules/cjs/loader.js","function":"Module._extensions..js","line":1092,"method":".js","native":false}]}
error: uncaughtException: Cannot find module '../controllers/ControllerUser'
Require stack:
- C:\Users\reinie94\Desktop\proyecto_node\app\routes\rutas.js
- C:\Users\reinie94\Desktop\proyecto_node\app\server.js
Error: Cannot find module '../controllers/ControllerUser'
Require stack:
- C:\Users\reinie94\Desktop\proyecto_node\app\routes\rutas.js
- C:\Users\reinie94\Desktop\proyecto_node\app\server.js
    at Function.Module._resolveFilename (internal/modules/cjs/loader.js:880:15)
    at Function.Module._load (internal/modules/cjs/loader.js:725:27)
    at Module.require (internal/modules/cjs/loader.js:952:19)
    at require (internal/modules/cjs/helpers.js:88:18)
    at Object.<anonymous> (C:\Users\reinie94\Desktop\proyecto_node\app\routes\rutas.js:5:24)
    at Module._compile (internal/modules/cjs/loader.js:1063:30)
    at Object.Module._extensions..js (internal/modules/cjs/loader.js:1092:10)
    at Module.load (internal/modules/cjs/loader.js:928:32)
    at Function.Module._load (internal/modules/cjs/loader.js:769:14)
    at Module.require (internal/modules/cjs/loader.js:952:19) {"error":{"code":"MODULE_NOT_FOUND","requireStack":["C:\\Users\\reinie94\\Desktop\\proyecto_node\\app\\routes\\rutas.js","C:\\Users\\reinie94\\Desktop\\proyecto_node\\app\\server.js"]},"stack":"Error: Cannot find module '../controllers/ControllerUser'\nRequire stack:\n- C:\\Users\\reinie94\\Desktop\\proyecto_node\\app\\routes\\rutas.js\n- C:\\Users\\reinie94\\Desktop\\proyecto_node\\app\\server.js\n    at Function.Module._resolveFilename (internal/modules/cjs/loader.js:880:15)\n    at Function.Module._load (internal/modules/cjs/loader.js:725:27)\n    at Module.require (internal/modules/cjs/loader.js:952:19)\n    at require (internal/modules/cjs/helpers.js:88:18)\n    at Object.<anonymous> (C:\\Users\\reinie94\\Desktop\\proyecto_node\\app\\routes\\rutas.js:5:24)\n    at Module._compile (internal/modules/cjs/loader.js:1063:30)\n    at Object.Module._extensions..js (internal/modules/cjs/loader.js:1092:10)\n    at Module.load (internal/modules/cjs/loader.js:928:32)\n    at Function.Module._load (internal/modules/cjs/loader.js:769:14)\n    at Module.require (internal/modules/cjs/loader.js:952:19)","exception":true,"date":"Sun Feb 07 2021 10:13:18 GMT+0100 (hora estándar de Europa central)","process":{"pid":4280,"uid":null,"gid":null,"cwd":"C:\\Users\\reinie94\\Desktop\\proyecto_node","execPath":"C:\\Program Files\\nodejs\\node.exe","version":"v14.15.4","argv":["C:\\Program Files\\nodejs\\node.exe","C:\\Users\\reinie94\\Desktop\\proyecto_node\\app\\server.js"],"memoryUsage":{"rss":54091776,"heapTotal":32309248,"heapUsed":16109024,"external":1666580,"arrayBuffers":150449}},"os":{"loadavg":[0,0,0],"uptime":2943},"trace":[{"column":15,"file":"internal/modules/cjs/loader.js","function":"Module._resolveFilename","line":880,"method":"_resolveFilename","native":false},{"column":27,"file":"internal/modules/cjs/loader.js","function":"Module._load","line":725,"method":"_load","native":false},{"column":19,"file":"internal/modules/cjs/loader.js","function":"Module.require","line":952,"method":"require","native":false},{"column":18,"file":"internal/modules/cjs/helpers.js","function":"require","line":88,"method":null,"native":false},{"column":24,"file":"C:\\Users\\reinie94\\Desktop\\proyecto_node\\app\\routes\\rutas.js","function":null,"line":5,"method":null,"native":false},{"column":30,"file":"internal/modules/cjs/loader.js","function":"Module._compile","line":1063,"method":"_compile","native":false},{"column":10,"file":"internal/modules/cjs/loader.js","function":"Module._extensions..js","line":1092,"method":".js","native":false},{"column":32,"file":"internal/modules/cjs/loader.js","function":"Module.load","line":928,"method":"load","native":false},{"column":14,"file":"internal/modules/cjs/loader.js","function":"Module._load","line":769,"method":"_load","native":false},{"column":19,"file":"internal/modules/cjs/loader.js","function":"Module.require","line":952,"method":"require","native":false}]}
error: af16b97f-f29e-4c57-8981-cfde5053689b -> ::1 "POST /app/api/v1/auth/login" [2021-02-07T09:16:56.414Z] 404 HTTP Not Found
error: 620cf99e-e2b1-4f7b-8cdf-d93e0745ae26 -> ::1 "POST /api/v1/auth/login" [2021-02-07T09:17:15.955Z] 500 User.findOne is not a function
error: 625b43a7-1697-45be-9d66-907863d226bc -> ::1 "POST /api/v1/auth/login" [2021-02-07T09:19:33.555Z] 500 options.logging is not a function
error: 302d7647-7803-4038-9da5-4d2251abbdd2 -> ::1 "POST /api/v1/auth/login" [2021-02-07T09:20:28.942Z] 500 options.logging is not a function
error: uncaughtException: s is not defined
ReferenceError: s is not defined
    at Object.<anonymous> (C:\Users\reinie94\Desktop\proyecto_node\app\routes\rutasAPI.js:29:1)
    at Module._compile (internal/modules/cjs/loader.js:1063:30)
    at Object.Module._extensions..js (internal/modules/cjs/loader.js:1092:10)
    at Module.load (internal/modules/cjs/loader.js:928:32)
    at Function.Module._load (internal/modules/cjs/loader.js:769:14)
    at Module.require (internal/modules/cjs/loader.js:952:19)
    at require (internal/modules/cjs/helpers.js:88:18)
    at Object.<anonymous> (C:\Users\reinie94\Desktop\proyecto_node\app\routes\rutas.js:4:18)
    at Module._compile (internal/modules/cjs/loader.js:1063:30)
    at Object.Module._extensions..js (internal/modules/cjs/loader.js:1092:10) {"error":{},"stack":"ReferenceError: s is not defined\n    at Object.<anonymous> (C:\\Users\\reinie94\\Desktop\\proyecto_node\\app\\routes\\rutasAPI.js:29:1)\n    at Module._compile (internal/modules/cjs/loader.js:1063:30)\n    at Object.Module._extensions..js (internal/modules/cjs/loader.js:1092:10)\n    at Module.load (internal/modules/cjs/loader.js:928:32)\n    at Function.Module._load (internal/modules/cjs/loader.js:769:14)\n    at Module.require (internal/modules/cjs/loader.js:952:19)\n    at require (internal/modules/cjs/helpers.js:88:18)\n    at Object.<anonymous> (C:\\Users\\reinie94\\Desktop\\proyecto_node\\app\\routes\\rutas.js:4:18)\n    at Module._compile (internal/modules/cjs/loader.js:1063:30)\n    at Object.Module._extensions..js (internal/modules/cjs/loader.js:1092:10)","exception":true,"date":"Sun Feb 07 2021 10:22:45 GMT+0100 (hora estándar de Europa central)","process":{"pid":3116,"uid":null,"gid":null,"cwd":"C:\\Users\\reinie94\\Desktop\\proyecto_node","execPath":"C:\\Program Files\\nodejs\\node.exe","version":"v14.15.4","argv":["C:\\Program Files\\nodejs\\node.exe","C:\\Users\\reinie94\\Desktop\\proyecto_node\\app\\server.js"],"memoryUsage":{"rss":51957760,"heapTotal":32047104,"heapUsed":21523496,"external":2302020,"arrayBuffers":785889}},"os":{"loadavg":[0,0,0],"uptime":3510},"trace":[{"column":1,"file":"C:\\Users\\reinie94\\Desktop\\proyecto_node\\app\\routes\\rutasAPI.js","function":null,"line":29,"method":null,"native":false},{"column":30,"file":"internal/modules/cjs/loader.js","function":"Module._compile","line":1063,"method":"_compile","native":false},{"column":10,"file":"internal/modules/cjs/loader.js","function":"Module._extensions..js","line":1092,"method":".js","native":false},{"column":32,"file":"internal/modules/cjs/loader.js","function":"Module.load","line":928,"method":"load","native":false},{"column":14,"file":"internal/modules/cjs/loader.js","function":"Module._load","line":769,"method":"_load","native":false},{"column":19,"file":"internal/modules/cjs/loader.js","function":"Module.require","line":952,"method":"require","native":false},{"column":18,"file":"internal/modules/cjs/helpers.js","function":"require","line":88,"method":null,"native":false},{"column":18,"file":"C:\\Users\\reinie94\\Desktop\\proyecto_node\\app\\routes\\rutas.js","function":null,"line":4,"method":null,"native":false},{"column":30,"file":"internal/modules/cjs/loader.js","function":"Module._compile","line":1063,"method":"_compile","native":false},{"column":10,"file":"internal/modules/cjs/loader.js","function":"Module._extensions..js","line":1092,"method":".js","native":false}]}
error: 0cb21dc2-bced-4358-9ea4-f5d593613430 -> ::1 "POST /api/v1/auth/login" [2021-02-07T09:24:11.491Z] 500 options.logging is not a function
error: 64906d6c-7fe8-4f54-898b-be2a488a9d2d -> ::1 "POST /api/v1/auth/login" [2021-02-07T09:25:51.020Z] 500 options.logging is not a function
error: 7e73d61c-1e54-4a14-8c75-2e7af9767509 -> ::1 "POST /api/v1/auth/login" [2021-02-21T19:46:33.145Z] 500 options.logging is not a function
error: 657f5c8d-20a2-4ecc-a93d-1852ea588fb3 -> ::1 "POST /api/v1/auth/login" [2021-02-21T19:46:37.253Z] 500 options.logging is not a function
error: 180510be-8551-4f21-88a6-347fb9ccaad4 -> ::1 "POST /api/v1/auth/login" [2021-02-21T19:49:36.714Z] 500 options.logging is not a function
error: 2a4454ac-0185-4bad-9a15-c3210b18b5fb -> ::1 "POST /api/v1/auth/login" [2021-02-21T19:51:50.354Z] 500 options.logging is not a function
error: 34b99860-740b-4c61-b06a-ceab810272eb -> ::1 "POST /api/v1/auth/login" [2021-02-21T20:19:10.489Z] 500 Cannot set property 'password' of undefined
error: 4d5d81e2-0846-4304-9d03-9115961cf364 -> ::1 "POST /api/v1/auth/login" [2021-02-21T20:19:28.280Z] 500 Cannot set property 'password' of undefined
error: 50f08372-4b52-4c57-a8e8-d2362b4a6aac -> ::1 "POST /api/v1/auth/login" [2021-02-21T20:19:45.670Z] 500 Cannot set property 'password' of undefined
error: 665939cf-95b9-4fd5-aa93-9d4319019dd6 -> ::1 "POST /api/v1/auth/login" [2021-02-21T22:48:09.648Z] 500 Unknown authentication strategy "user"
error: 8b4a4062-9130-4feb-acb5-e50a0ee0a210 -> ::1 "POST /api/v1/auth/login" [2021-02-21T23:04:55.118Z] 500 Unknown authentication strategy "local"
error: cec950e5-55c2-4f06-903b-f3065ef43e8f -> ::1 "GET /api/v1/negocio" [2021-02-22T01:24:06.811Z] 500 middleware is not a function
error: a003e654-4d9f-4af3-828f-2f830415ff03 -> ::1 "GET /api/v1/negocio" [2021-02-22T01:24:39.609Z] 500 Table 'lumen-api.rests,' doesn't exist
error: a9577c5a-e854-4247-a189-571338bf6936 -> ::1 "GET /api/v1/negocio" [2021-02-22T01:25:53.724Z] 500 Unknown column 'createdAt' in 'field list'
error: a88403e8-843b-409d-a287-6054e8476454 -> ::1 "GET /api/v1/negocio" [2021-02-22T01:26:13.676Z] 500 userList is not defined
error: uncaughtException: Invalid regular expression: missing /
C:\Users\reinie94\Desktop\proyecto_node\app\controllers\NegocioController.js:13
      /let negocioList = await db.Negocio.findAll();
      ^

SyntaxError: Invalid regular expression: missing /
    at wrapSafe (internal/modules/cjs/loader.js:979:16)
    at Module._compile (internal/modules/cjs/loader.js:1027:27)
    at Object.Module._extensions..js (internal/modules/cjs/loader.js:1092:10)
    at Module.load (internal/modules/cjs/loader.js:928:32)
    at Function.Module._load (internal/modules/cjs/loader.js:769:14)
    at Module.require (internal/modules/cjs/loader.js:952:19)
    at require (internal/modules/cjs/helpers.js:88:18)
    at Object.<anonymous> (C:\Users\reinie94\Desktop\proyecto_node\app\routes\rutasAPI.js:8:27)
    at Module._compile (internal/modules/cjs/loader.js:1063:30)
    at Object.Module._extensions..js (internal/modules/cjs/loader.js:1092:10) {"error":{},"stack":"C:\\Users\\reinie94\\Desktop\\proyecto_node\\app\\controllers\\NegocioController.js:13\n      /let negocioList = await db.Negocio.findAll();\n      ^\n\nSyntaxError: Invalid regular expression: missing /\n    at wrapSafe (internal/modules/cjs/loader.js:979:16)\n    at Module._compile (internal/modules/cjs/loader.js:1027:27)\n    at Object.Module._extensions..js (internal/modules/cjs/loader.js:1092:10)\n    at Module.load (internal/modules/cjs/loader.js:928:32)\n    at Function.Module._load (internal/modules/cjs/loader.js:769:14)\n    at Module.require (internal/modules/cjs/loader.js:952:19)\n    at require (internal/modules/cjs/helpers.js:88:18)\n    at Object.<anonymous> (C:\\Users\\reinie94\\Desktop\\proyecto_node\\app\\routes\\rutasAPI.js:8:27)\n    at Module._compile (internal/modules/cjs/loader.js:1063:30)\n    at Object.Module._extensions..js (internal/modules/cjs/loader.js:1092:10)","exception":true,"date":"Mon Feb 22 2021 02:28:29 GMT+0100 (hora estándar de Europa central)","process":{"pid":5424,"uid":null,"gid":null,"cwd":"C:\\Users\\reinie94\\Desktop\\proyecto_node","execPath":"C:\\Program Files\\nodejs\\node.exe","version":"v14.15.4","argv":["C:\\Program Files\\nodejs\\node.exe","C:\\Users\\reinie94\\Desktop\\proyecto_node\\app\\server.js"],"memoryUsage":{"rss":48852992,"heapTotal":32047104,"heapUsed":14780888,"external":2306850,"arrayBuffers":82113}},"os":{"loadavg":[0,0,0],"uptime":25022},"trace":[{"column":16,"file":"internal/modules/cjs/loader.js","function":"wrapSafe","line":979,"method":null,"native":false},{"column":27,"file":"internal/modules/cjs/loader.js","function":"Module._compile","line":1027,"method":"_compile","native":false},{"column":10,"file":"internal/modules/cjs/loader.js","function":"Module._extensions..js","line":1092,"method":".js","native":false},{"column":32,"file":"internal/modules/cjs/loader.js","function":"Module.load","line":928,"method":"load","native":false},{"column":14,"file":"internal/modules/cjs/loader.js","function":"Module._load","line":769,"method":"_load","native":false},{"column":19,"file":"internal/modules/cjs/loader.js","function":"Module.require","line":952,"method":"require","native":false},{"column":18,"file":"internal/modules/cjs/helpers.js","function":"require","line":88,"method":null,"native":false},{"column":27,"file":"C:\\Users\\reinie94\\Desktop\\proyecto_node\\app\\routes\\rutasAPI.js","function":null,"line":8,"method":null,"native":false},{"column":30,"file":"internal/modules/cjs/loader.js","function":"Module._compile","line":1063,"method":"_compile","native":false},{"column":10,"file":"internal/modules/cjs/loader.js","function":"Module._extensions..js","line":1092,"method":".js","native":false}]}
error: b12cc4ad-913b-4d0c-9616-a42b73b7cfb8 -> ::1 "GET /api/v1/negocio/2" [2021-02-22T01:32:26.650Z] 500 db.Negocio.findById is not a function
error: 239e8d3b-bae9-450d-9e90-a7b7e79de9c3 -> ::1 "GET /api/v1/negocio/2" [2021-02-22T01:34:54.939Z] 500 user is not defined
error: b9273fec-8ebb-4500-8537-b9eece47bc6d -> ::1 "GET /api/v1/negocio/8" [2021-02-22T02:00:07.403Z] 404 Negocio no encontrado
error: c0002d26-eb52-4c99-be69-90b01dd0ba01 -> ::1 "POST /api/v1/negocio" [2021-02-22T02:14:47.838Z] 500 notNull Violation: Negocio.imagen cannot be null,
notNull Violation: Negocio.calificacion cannot be null
error: ac00b195-d4de-4c88-bbad-b1e781900acb -> ::1 "POST /api/v1/negocio" [2021-02-22T02:15:39.205Z] 500 notNull Violation: Negocio.imagen cannot be null
error: fd64523a-c210-4192-8d64-c47417c209eb -> ::1 "GET /api/v1/negocio/6" [2021-02-22T02:37:19.133Z] 404 Negocio no encontrado
error: 6a988a17-fb64-456e-bfb0-4b60792b9d7f -> ::1 "GET /favicon.ico" [2021-04-04T20:30:49.529Z] 404 HTTP Not Found
error: uncaughtException: Assignment to constant variable.
TypeError: Assignment to constant variable.
    at Object.<anonymous> (C:\Users\reinie94\Desktop\proyecto_node\app\server.js:19:6)
    at Module._compile (internal/modules/cjs/loader.js:1063:30)
    at Object.Module._extensions..js (internal/modules/cjs/loader.js:1092:10)
    at Module.load (internal/modules/cjs/loader.js:928:32)
    at Function.Module._load (internal/modules/cjs/loader.js:769:14)
    at Function.executeUserEntryPoint [as runMain] (internal/modules/run_main.js:72:12)
    at internal/main/run_main_module.js:17:47 {"error":{},"stack":"TypeError: Assignment to constant variable.\n    at Object.<anonymous> (C:\\Users\\reinie94\\Desktop\\proyecto_node\\app\\server.js:19:6)\n    at Module._compile (internal/modules/cjs/loader.js:1063:30)\n    at Object.Module._extensions..js (internal/modules/cjs/loader.js:1092:10)\n    at Module.load (internal/modules/cjs/loader.js:928:32)\n    at Function.Module._load (internal/modules/cjs/loader.js:769:14)\n    at Function.executeUserEntryPoint [as runMain] (internal/modules/run_main.js:72:12)\n    at internal/main/run_main_module.js:17:47","exception":true,"date":"Sun Apr 04 2021 16:32:06 GMT-0400 (hora de verano oriental)","process":{"pid":5024,"uid":null,"gid":null,"cwd":"C:\\Users\\reinie94\\Desktop\\proyecto_node","execPath":"C:\\Program Files\\nodejs\\node.exe","version":"v14.15.4","argv":["C:\\Program Files\\nodejs\\node.exe","C:\\Users\\reinie94\\Desktop\\proyecto_node\\app\\server.js"],"memoryUsage":{"rss":55803904,"heapTotal":52494336,"heapUsed":19405256,"external":1941860,"arrayBuffers":433921}},"os":{"loadavg":[0,0,0],"uptime":233898},"trace":[{"column":6,"file":"C:\\Users\\reinie94\\Desktop\\proyecto_node\\app\\server.js","function":null,"line":19,"method":null,"native":false},{"column":30,"file":"internal/modules/cjs/loader.js","function":"Module._compile","line":1063,"method":"_compile","native":false},{"column":10,"file":"internal/modules/cjs/loader.js","function":"Module._extensions..js","line":1092,"method":".js","native":false},{"column":32,"file":"internal/modules/cjs/loader.js","function":"Module.load","line":928,"method":"load","native":false},{"column":14,"file":"internal/modules/cjs/loader.js","function":"Module._load","line":769,"method":"_load","native":false},{"column":12,"file":"internal/modules/run_main.js","function":"Function.executeUserEntryPoint [as runMain]","line":72,"method":"executeUserEntryPoint [as runMain]","native":false},{"column":47,"file":"internal/main/run_main_module.js","function":null,"line":17,"method":null,"native":false}]}
error: 9613691b-43b8-4043-af5f-c5043f2ebdd3 -> ::1 "GET /favicon.ico" [2021-04-04T20:34:15.242Z] 404 HTTP Not Found
